Using pre-set license
Built from '2021.3/staging' branch; Version is '2021.3.31f1 (3409e2af086f) revision 3410402'; Using compiler version '192829333'; Build Type 'Release'
OS: 'Windows 10  (10.0.19045) 64bit Core' Language: 'ko' Physical Memory: 16139 MB
BatchMode: 1, IsHumanControllingUs: 0, StartBugReporterOnCrash: 0, Is64bit: 1, IsPro: 1

COMMAND LINE ARGUMENTS:
D:\UnityEditorDownload\2021.3.31f1\Editor\Unity.exe
-adb2
-batchMode
-noUpm
-name
AssetImportWorker13
-projectPath
D:/Project archive/Log6/HoneyComb
-logFile
Logs/AssetImportWorker13.log
-srvPort
8470
Successfully changed project path to: D:/Project archive/Log6/HoneyComb
D:/Project archive/Log6/HoneyComb
[UnityMemory] Configuration Parameters - Can be set up in boot.config
    "memorysetup-bucket-allocator-granularity=16"
    "memorysetup-bucket-allocator-bucket-count=8"
    "memorysetup-bucket-allocator-block-size=33554432"
    "memorysetup-bucket-allocator-block-count=8"
    "memorysetup-main-allocator-block-size=16777216"
    "memorysetup-thread-allocator-block-size=16777216"
    "memorysetup-gfx-main-allocator-block-size=16777216"
    "memorysetup-gfx-thread-allocator-block-size=16777216"
    "memorysetup-cache-allocator-block-size=4194304"
    "memorysetup-typetree-allocator-block-size=2097152"
    "memorysetup-profiler-bucket-allocator-granularity=16"
    "memorysetup-profiler-bucket-allocator-bucket-count=8"
    "memorysetup-profiler-bucket-allocator-block-size=33554432"
    "memorysetup-profiler-bucket-allocator-block-count=8"
    "memorysetup-profiler-allocator-block-size=16777216"
    "memorysetup-profiler-editor-allocator-block-size=1048576"
    "memorysetup-temp-allocator-size-main=16777216"
    "memorysetup-job-temp-allocator-block-size=2097152"
    "memorysetup-job-temp-allocator-block-size-background=1048576"
    "memorysetup-job-temp-allocator-reduction-small-platforms=262144"
    "memorysetup-temp-allocator-size-background-worker=32768"
    "memorysetup-temp-allocator-size-job-worker=262144"
    "memorysetup-temp-allocator-size-preload-manager=33554432"
    "memorysetup-temp-allocator-size-nav-mesh-worker=65536"
    "memorysetup-temp-allocator-size-audio-worker=65536"
    "memorysetup-temp-allocator-size-cloud-worker=32768"
    "memorysetup-temp-allocator-size-gi-baking-worker=262144"
    "memorysetup-temp-allocator-size-gfx=262144"
Player connection [33336] Host "[IP] 192.168.219.183 [Port] 0 [Flags] 2 [Guid] 1695855288 [EditorId] 1695855288 [Version] 1048832 [Id] WindowsEditor(7,DESKTOP-EDV24H0) [Debug] 1 [PackageName] WindowsEditor [ProjectName] Editor" joined multi-casting on [225.0.0.222:54997]...

Player connection [33336] Host "[IP] 192.168.219.183 [Port] 0 [Flags] 2 [Guid] 1695855288 [EditorId] 1695855288 [Version] 1048832 [Id] WindowsEditor(7,DESKTOP-EDV24H0) [Debug] 1 [PackageName] WindowsEditor [ProjectName] Editor" joined alternative multi-casting on [225.0.0.222:34997]...

[Physics::Module] Initialized MultithreadedJobDispatcher with {0} workers.
Refreshing native plugins compatible for Editor in 94.96 ms, found 4 plugins.
Preloading 0 native plugins for Editor in 0.00 ms.
Initialize engine version: 2021.3.31f1 (3409e2af086f)
[Subsystems] Discovering subsystems at path D:/UnityEditorDownload/2021.3.31f1/Editor/Data/Resources/UnitySubsystems
[Subsystems] Discovering subsystems at path D:/Project archive/Log6/HoneyComb/Assets
GfxDevice: creating device client; threaded=0; jobified=0
Direct3D:
    Version:  Direct3D 11.0 [level 11.1]
    Renderer: NVIDIA GeForce RTX 3060 (ID=0x2504)
    Vendor:   NVIDIA
    VRAM:     12115 MB
    Driver:   32.0.15.6070
Initialize mono
Mono path[0] = 'D:/UnityEditorDownload/2021.3.31f1/Editor/Data/Managed'
Mono path[1] = 'D:/UnityEditorDownload/2021.3.31f1/Editor/Data/MonoBleedingEdge/lib/mono/unityjit-win32'
Mono config path = 'D:/UnityEditorDownload/2021.3.31f1/Editor/Data/MonoBleedingEdge/etc'
Using monoOptions --debugger-agent=transport=dt_socket,embedding=1,server=y,suspend=n,address=127.0.0.1:56120
Begin MonoManager ReloadAssembly
Registering precompiled unity dll's ...
Register platform support module: D:/UnityEditorDownload/2021.3.31f1/Editor/Data/PlaybackEngines/AndroidPlayer/UnityEditor.Android.Extensions.dll
Register platform support module: D:/UnityEditorDownload/2021.3.31f1/Editor/Data/PlaybackEngines/iOSSupport/UnityEditor.iOS.Extensions.dll
Register platform support module: D:/UnityEditorDownload/2021.3.31f1/Editor/Data/PlaybackEngines/WindowsStandaloneSupport/UnityEditor.WindowsStandalone.Extensions.dll
Registered in 0.003225 seconds.
Native extension for WindowsStandalone target not found
[usbmuxd] Start listen thread
[usbmuxd] Listen thread started
Native extension for iOS target not found
Native extension for Android target not found
Android Extension - Scanning For ADB Devices 247 ms
Refreshing native plugins compatible for Editor in 90.08 ms, found 4 plugins.
Preloading 0 native plugins for Editor in 0.00 ms.
Mono: successfully reloaded assembly
- Completed reload, in  0.871 seconds
Domain Reload Profiling:
	ReloadAssembly (872ms)
		BeginReloadAssembly (67ms)
			ExecutionOrderSort (0ms)
			DisableScriptedObjects (0ms)
			BackupInstance (0ms)
			ReleaseScriptingObjects (0ms)
			CreateAndSetChildDomain (1ms)
		EndReloadAssembly (722ms)
			LoadAssemblies (67ms)
			RebuildTransferFunctionScriptingTraits (0ms)
			SetupTypeCache (102ms)
			ReleaseScriptCaches (0ms)
			RebuildScriptCaches (27ms)
			SetupLoadedEditorAssemblies (555ms)
				LogAssemblyErrors (0ms)
				InitializePlatformSupportModulesInManaged (341ms)
				SetLoadedEditorAssemblies (0ms)
				RefreshPlugins (90ms)
				BeforeProcessingInitializeOnLoad (1ms)
				ProcessInitializeOnLoadAttributes (79ms)
				ProcessInitializeOnLoadMethodAttributes (43ms)
				AfterProcessingInitializeOnLoad (0ms)
				EditorAssembliesLoaded (0ms)
			ExecutionOrderSort2 (0ms)
			AwakeInstancesAfterBackupRestoration (0ms)
Platform modules already initialized, skipping
Registering precompiled user dll's ...
Registered in 0.005339 seconds.
Begin MonoManager ReloadAssembly
Native extension for WindowsStandalone target not found
Native extension for iOS target not found
Native extension for Android target not found
Refreshing native plugins compatible for Editor in 88.92 ms, found 4 plugins.
Preloading 0 native plugins for Editor in 0.00 ms.
Package Manager log level set to [2]
[Package Manager] Server::EnsureServerProcessIsRunning -- launch failed, reason: Unity was launched with the -noUpm command-line argument
[Package Manager] Cannot connect to Unity Package Manager local server
Mono: successfully reloaded assembly
- Completed reload, in  1.461 seconds
Domain Reload Profiling:
	ReloadAssembly (1462ms)
		BeginReloadAssembly (120ms)
			ExecutionOrderSort (0ms)
			DisableScriptedObjects (6ms)
			BackupInstance (0ms)
			ReleaseScriptingObjects (0ms)
			CreateAndSetChildDomain (21ms)
		EndReloadAssembly (1247ms)
			LoadAssemblies (106ms)
			RebuildTransferFunctionScriptingTraits (0ms)
			SetupTypeCache (224ms)
			ReleaseScriptCaches (1ms)
			RebuildScriptCaches (57ms)
			SetupLoadedEditorAssemblies (835ms)
				LogAssemblyErrors (0ms)
				InitializePlatformSupportModulesInManaged (27ms)
				SetLoadedEditorAssemblies (0ms)
				RefreshPlugins (89ms)
				BeforeProcessingInitializeOnLoad (87ms)
				ProcessInitializeOnLoadAttributes (578ms)
				ProcessInitializeOnLoadMethodAttributes (51ms)
				AfterProcessingInitializeOnLoad (3ms)
				EditorAssembliesLoaded (0ms)
			ExecutionOrderSort2 (0ms)
			AwakeInstancesAfterBackupRestoration (6ms)
Platform modules already initialized, skipping
========================================================================
Worker process is ready to serve import requests
Launched and connected shader compiler UnityShaderCompiler.exe after 0.04 seconds
Refreshing native plugins compatible for Editor in 0.50 ms, found 4 plugins.
Preloading 0 native plugins for Editor in 0.00 ms.
Unloading 3879 Unused Serialized files (Serialized files now loaded: 0)
Unloading 36 unused Assets / (46.8 KB). Loaded Objects now: 4340.
Memory consumption went from 153.2 MB to 153.2 MB.
Total: 1.912900 ms (FindLiveObjects: 0.216500 ms CreateObjectMapping: 0.077800 ms MarkObjects: 1.565300 ms  DeleteObjects: 0.052600 ms)

AssetImportParameters requested are different than current active one (requested -> active):
  custom:video-decoder-ogg-theora: a1e56fd34408186e4bbccfd4996cb3dc -> 
  custom:container-muxer-webm: aa71ff27fc2769a1b78a27578f13a17b -> 
  custom:container-demuxer-webm: 4f35f7cbe854078d1ac9338744f61a02 -> 
  custom:video-encoder-webm-vp8: eb34c28f22e8b96e1ab97ce403110664 -> 
  custom:CustomObjectIndexerAttribute: bc11b3a6c3213fcdd17b65e7da85e133 -> 
  custom:audio-encoder-webm-vorbis: bf7c407c2cedff20999df2af8eb42d56 -> 
  custom:framework-win-MediaFoundation: 216162199b28c13a410421893ffa2e32 -> 
  custom:SearchIndexIgnoredProperties: e643bd26f0fe6173181afceb89e7c659 -> 
  custom:container-demuxer-ogg: 62fdf1f143b41e24485cea50d1cbac27 -> 
  custom:video-decoder-webm-vp8: 9c59270c3fd7afecdb556c50c9e8de78 -> 
  custom:audio-decoder-ogg-vorbis: bf7c407c2cedff20999df2af8eb42d56 -> 
========================================================================
Received Import Request.
  Time since last request: 617718.788015 seconds.
  path: Assets/04.Sprites/Tiles/castle_towerPurple_E.png
  artifactKey: Guid(fd862b75e8ec6fe4ab7c2f46d67ea569) Importer(815301076,1909f56bfc062723c751e8b465ee728b)
Number of updated assets reloaded before import = 0
Start importing Assets/04.Sprites/Tiles/castle_towerPurple_E.png using Guid(fd862b75e8ec6fe4ab7c2f46d67ea569) Importer(815301076,1909f56bfc062723c751e8b465ee728b)  -> (artifact id: 'c3ec7c0cc50c6334159349090f4efe56') in 0.092038 seconds 
Number of asset objects unloaded after import = 3
========================================================================
Received Import Request.
  Time since last request: 0.000018 seconds.
  path: Assets/04.Sprites/Tiles/grass_corner_W.png
  artifactKey: Guid(cd5b1690e5683294b97148ec36035946) Importer(815301076,1909f56bfc062723c751e8b465ee728b)
Number of updated assets reloaded before import = 0
Start importing Assets/04.Sprites/Tiles/grass_corner_W.png using Guid(cd5b1690e5683294b97148ec36035946) Importer(815301076,1909f56bfc062723c751e8b465ee728b)  -> (artifact id: '779fb5a9aa173629f37bd67069a57ec1') in 0.021483 seconds 
Number of asset objects unloaded after import = 3
========================================================================
Received Import Request.
  Time since last request: 0.000018 seconds.
  path: Assets/04.Sprites/Tiles/grass_corner_N.png
  artifactKey: Guid(71db9c23fd816e049b13ce1e58a97eb2) Importer(815301076,1909f56bfc062723c751e8b465ee728b)
Number of updated assets reloaded before import = 0
Start importing Assets/04.Sprites/Tiles/grass_corner_N.png using Guid(71db9c23fd816e049b13ce1e58a97eb2) Importer(815301076,1909f56bfc062723c751e8b465ee728b)  -> (artifact id: 'aabdb3cc74babe11e37996013afc0ebf') in 0.019151 seconds 
Number of asset objects unloaded after import = 3
========================================================================
Received Import Request.
  Time since last request: 0.000017 seconds.
  path: Assets/04.Sprites/Tiles/grass_path_E.png
  artifactKey: Guid(1fca116a56ef9d84799f055aafdfc105) Importer(815301076,1909f56bfc062723c751e8b465ee728b)
Number of updated assets reloaded before import = 0
Start importing Assets/04.Sprites/Tiles/grass_path_E.png using Guid(1fca116a56ef9d84799f055aafdfc105) Importer(815301076,1909f56bfc062723c751e8b465ee728b)  -> (artifact id: 'e4c2145887f2cc5c5c9690a854536fde') in 0.020628 seconds 
Number of asset objects unloaded after import = 3
========================================================================
Received Import Request.
  Time since last request: 0.393476 seconds.
  path: Assets/04.Sprites/Tiles/grass_pathBend_N.png
  artifactKey: Guid(43576ca271bf3e34d8eae29287535d70) Importer(815301076,1909f56bfc062723c751e8b465ee728b)
Number of updated assets reloaded before import = 0
Start importing Assets/04.Sprites/Tiles/grass_pathBend_N.png using Guid(43576ca271bf3e34d8eae29287535d70) Importer(815301076,1909f56bfc062723c751e8b465ee728b)  -> (artifact id: 'b54d728665cca6ecc2f464ee30cf1094') in 0.023829 seconds 
Number of asset objects unloaded after import = 3
========================================================================
Received Import Request.
  Time since last request: 0.000023 seconds.
  path: Assets/04.Sprites/Tiles/grass_pathCorner_W.png
  artifactKey: Guid(a802c70ba550cae479f59a232e6091cf) Importer(815301076,1909f56bfc062723c751e8b465ee728b)
Number of updated assets reloaded before import = 0
Start importing Assets/04.Sprites/Tiles/grass_pathCorner_W.png using Guid(a802c70ba550cae479f59a232e6091cf) Importer(815301076,1909f56bfc062723c751e8b465ee728b)  -> (artifact id: '6be2a97fbe23537f45f1889fb0e2ea71') in 0.019983 seconds 
Number of asset objects unloaded after import = 3
========================================================================
Received Import Request.
  Time since last request: 0.022872 seconds.
  path: Assets/04.Sprites/Tiles/grass_pathEnd_E.png
  artifactKey: Guid(73bcb5bbd997fa348a0e9d879a630779) Importer(815301076,1909f56bfc062723c751e8b465ee728b)
Number of updated assets reloaded before import = 0
Start importing Assets/04.Sprites/Tiles/grass_pathEnd_E.png using Guid(73bcb5bbd997fa348a0e9d879a630779) Importer(815301076,1909f56bfc062723c751e8b465ee728b)  -> (artifact id: 'da81feb6f0f5793734847c05d5f80aaa') in 0.024050 seconds 
Number of asset objects unloaded after import = 3
========================================================================
Received Import Request.
  Time since last request: 0.000015 seconds.
  path: Assets/04.Sprites/Tiles/grass_pathEnd_W.png
  artifactKey: Guid(2efc0f50342df4242ad9be215934c740) Importer(815301076,1909f56bfc062723c751e8b465ee728b)
Number of updated assets reloaded before import = 0
Start importing Assets/04.Sprites/Tiles/grass_pathEnd_W.png using Guid(2efc0f50342df4242ad9be215934c740) Importer(815301076,1909f56bfc062723c751e8b465ee728b)  -> (artifact id: '79329ea5f358c68179a5035696f7a763') in 0.022122 seconds 
Number of asset objects unloaded after import = 3
========================================================================
Received Import Request.
  Time since last request: 0.468705 seconds.
  path: Assets/04.Sprites/Tiles/grass_pathSlope_W.png
  artifactKey: Guid(c32bfe51d7d3df142bf871c0dbcda3df) Importer(815301076,1909f56bfc062723c751e8b465ee728b)
Number of updated assets reloaded before import = 0
Start importing Assets/04.Sprites/Tiles/grass_pathSlope_W.png using Guid(c32bfe51d7d3df142bf871c0dbcda3df) Importer(815301076,1909f56bfc062723c751e8b465ee728b)  -> (artifact id: '5020e7ca6c8403cfb84e7034bc14f2fa') in 0.025078 seconds 
Number of asset objects unloaded after import = 3
========================================================================
Received Import Request.
  Time since last request: 0.000018 seconds.
  path: Assets/04.Sprites/Tiles/grass_river_S.png
  artifactKey: Guid(6e26be918f553614b8925cd3680c369d) Importer(815301076,1909f56bfc062723c751e8b465ee728b)
Number of updated assets reloaded before import = 0
Start importing Assets/04.Sprites/Tiles/grass_river_S.png using Guid(6e26be918f553614b8925cd3680c369d) Importer(815301076,1909f56bfc062723c751e8b465ee728b)  -> (artifact id: '68cf9df04946f6439451914635e2b4eb') in 0.023343 seconds 
Number of asset objects unloaded after import = 3
========================================================================
Received Import Request.
  Time since last request: 0.016690 seconds.
  path: Assets/04.Sprites/Tiles/grass_riverBend_S.png
  artifactKey: Guid(886365ac70a04824ca20194b1e8cc7ad) Importer(815301076,1909f56bfc062723c751e8b465ee728b)
Number of updated assets reloaded before import = 0
Start importing Assets/04.Sprites/Tiles/grass_riverBend_S.png using Guid(886365ac70a04824ca20194b1e8cc7ad) Importer(815301076,1909f56bfc062723c751e8b465ee728b)  -> (artifact id: '98875883d18b488f587125bf875bdd33') in 0.028098 seconds 
Number of asset objects unloaded after import = 3
========================================================================
Received Import Request.
  Time since last request: 0.000019 seconds.
  path: Assets/04.Sprites/Tiles/grass_riverBridge_N.png
  artifactKey: Guid(1ed7f5d9c1a272948840c722ddf5fba9) Importer(815301076,1909f56bfc062723c751e8b465ee728b)
Number of updated assets reloaded before import = 0
Start importing Assets/04.Sprites/Tiles/grass_riverBridge_N.png using Guid(1ed7f5d9c1a272948840c722ddf5fba9) Importer(815301076,1909f56bfc062723c751e8b465ee728b)  -> (artifact id: '98097b5ba646a21ccc57e278e644a70b') in 0.022990 seconds 
Number of asset objects unloaded after import = 3
========================================================================
Received Import Request.
  Time since last request: 0.919237 seconds.
  path: Assets/04.Sprites/Tiles/grass_riverCrossing_N.png
  artifactKey: Guid(cc6ed729aecfbe449acd614daf4f406e) Importer(815301076,1909f56bfc062723c751e8b465ee728b)
Number of updated assets reloaded before import = 0
Start importing Assets/04.Sprites/Tiles/grass_riverCrossing_N.png using Guid(cc6ed729aecfbe449acd614daf4f406e) Importer(815301076,1909f56bfc062723c751e8b465ee728b)  -> (artifact id: 'b74bdc5cf86261b4cb77c00fb7a625b8') in 0.029108 seconds 
Number of asset objects unloaded after import = 3
========================================================================
Received Import Request.
  Time since last request: 0.000016 seconds.
  path: Assets/04.Sprites/Tiles/grass_riverEnd_E.png
  artifactKey: Guid(af395485dcb80c248857fade1e8d46bb) Importer(815301076,1909f56bfc062723c751e8b465ee728b)
Number of updated assets reloaded before import = 0
Start importing Assets/04.Sprites/Tiles/grass_riverEnd_E.png using Guid(af395485dcb80c248857fade1e8d46bb) Importer(815301076,1909f56bfc062723c751e8b465ee728b)  -> (artifact id: '69361ad8aa73df7757fb1c75d4bbffa0') in 0.021925 seconds 
Number of asset objects unloaded after import = 3
========================================================================
Received Import Request.
  Time since last request: 0.008075 seconds.
  path: Assets/04.Sprites/Tiles/grass_riverSlope_E.png
  artifactKey: Guid(35ddc4c5b212b3a438e69cbafe148561) Importer(815301076,1909f56bfc062723c751e8b465ee728b)
Number of updated assets reloaded before import = 0
Start importing Assets/04.Sprites/Tiles/grass_riverSlope_E.png using Guid(35ddc4c5b212b3a438e69cbafe148561) Importer(815301076,1909f56bfc062723c751e8b465ee728b)  -> (artifact id: '0a7e64fdc814218cf2535254d5ed5529') in 0.026832 seconds 
Number of asset objects unloaded after import = 3
========================================================================
Received Import Request.
  Time since last request: 0.000016 seconds.
  path: Assets/04.Sprites/Tiles/grass_riverSplit_N.png
  artifactKey: Guid(5bffdac665714ea408d9f57aee421b94) Importer(815301076,1909f56bfc062723c751e8b465ee728b)
Number of updated assets reloaded before import = 0
Start importing Assets/04.Sprites/Tiles/grass_riverSplit_N.png using Guid(5bffdac665714ea408d9f57aee421b94) Importer(815301076,1909f56bfc062723c751e8b465ee728b)  -> (artifact id: '88bf57321c268650ae2e985ec51eb70d') in 0.021227 seconds 
Number of asset objects unloaded after import = 3
========================================================================
Received Import Request.
  Time since last request: 0.387631 seconds.
  path: Assets/04.Sprites/Tiles/grass_slope_W.png
  artifactKey: Guid(2c05003546f6a264c90ea653977492b9) Importer(815301076,1909f56bfc062723c751e8b465ee728b)
Number of updated assets reloaded before import = 0
Start importing Assets/04.Sprites/Tiles/grass_slope_W.png using Guid(2c05003546f6a264c90ea653977492b9) Importer(815301076,1909f56bfc062723c751e8b465ee728b)  -> (artifact id: 'cf1d814ca1feba5c84f961054bb925bf') in 0.025379 seconds 
Number of asset objects unloaded after import = 3
========================================================================
Received Import Request.
  Time since last request: 0.000016 seconds.
  path: Assets/04.Sprites/Tiles/grass_slopeConcave_W.png
  artifactKey: Guid(abf24653f50acad49a841a2bcc4efdd2) Importer(815301076,1909f56bfc062723c751e8b465ee728b)
Number of updated assets reloaded before import = 0
Start importing Assets/04.Sprites/Tiles/grass_slopeConcave_W.png using Guid(abf24653f50acad49a841a2bcc4efdd2) Importer(815301076,1909f56bfc062723c751e8b465ee728b)  -> (artifact id: '0f44c5093723c16cdfeda14cb1ed3c50') in 0.018682 seconds 
Number of asset objects unloaded after import = 3
========================================================================
Received Import Request.
  Time since last request: 0.015044 seconds.
  path: Assets/04.Sprites/Tiles/grass_water_S.png
  artifactKey: Guid(8a42a7df3b4478f40a0bda8af66eda58) Importer(815301076,1909f56bfc062723c751e8b465ee728b)
Number of updated assets reloaded before import = 0
Start importing Assets/04.Sprites/Tiles/grass_water_S.png using Guid(8a42a7df3b4478f40a0bda8af66eda58) Importer(815301076,1909f56bfc062723c751e8b465ee728b)  -> (artifact id: '93047283747d27c54efa8747ca0eaa86') in 0.023310 seconds 
Number of asset objects unloaded after import = 3
========================================================================
Received Import Request.
  Time since last request: 0.000019 seconds.
  path: Assets/04.Sprites/Tiles/grass_waterConvex_S.png
  artifactKey: Guid(0aaebda2ea9e2eb44bdd9b55e6cc3249) Importer(815301076,1909f56bfc062723c751e8b465ee728b)
Number of updated assets reloaded before import = 0
Start importing Assets/04.Sprites/Tiles/grass_waterConvex_S.png using Guid(0aaebda2ea9e2eb44bdd9b55e6cc3249) Importer(815301076,1909f56bfc062723c751e8b465ee728b)  -> (artifact id: 'ac244a6c2275de91c950d6c67bc441ad') in 0.042347 seconds 
Number of asset objects unloaded after import = 3
========================================================================
Received Import Request.
  Time since last request: 0.000015 seconds.
  path: Assets/04.Sprites/Tiles/grass_waterConvex_E.png
  artifactKey: Guid(d9236996a2bf8f646820d3e5eb8c156d) Importer(815301076,1909f56bfc062723c751e8b465ee728b)
Number of updated assets reloaded before import = 0
Start importing Assets/04.Sprites/Tiles/grass_waterConvex_E.png using Guid(d9236996a2bf8f646820d3e5eb8c156d) Importer(815301076,1909f56bfc062723c751e8b465ee728b)  -> (artifact id: '2682a7e1ee88c3c77252bcdef8c0001a') in 0.020093 seconds 
Number of asset objects unloaded after import = 3
========================================================================
Received Import Request.
  Time since last request: 0.000016 seconds.
  path: Assets/04.Sprites/Tiles/rocks_dirt_W.png
  artifactKey: Guid(4fc216a1a93f6c647b562e8238f0384e) Importer(815301076,1909f56bfc062723c751e8b465ee728b)
Number of updated assets reloaded before import = 0
Start importing Assets/04.Sprites/Tiles/rocks_dirt_W.png using Guid(4fc216a1a93f6c647b562e8238f0384e) Importer(815301076,1909f56bfc062723c751e8b465ee728b)  -> (artifact id: '449c487a0bbedea7bcd9166cd4de2636') in 0.018605 seconds 
Number of asset objects unloaded after import = 3
========================================================================
Received Import Request.
  Time since last request: 0.189216 seconds.
  path: Assets/04.Sprites/Tiles/roof_churchBeige_E.png
  artifactKey: Guid(ee233d04ecd405e40a515eb740ad5821) Importer(815301076,1909f56bfc062723c751e8b465ee728b)
Number of updated assets reloaded before import = 0
Start importing Assets/04.Sprites/Tiles/roof_churchBeige_E.png using Guid(ee233d04ecd405e40a515eb740ad5821) Importer(815301076,1909f56bfc062723c751e8b465ee728b)  -> (artifact id: 'c32ff056394626e6c5c337aea176ee87') in 0.027226 seconds 
Number of asset objects unloaded after import = 3
========================================================================
Received Import Request.
  Time since last request: 0.000015 seconds.
  path: Assets/04.Sprites/Tiles/roof_churchBrown_W.png
  artifactKey: Guid(4aee18ed6e5736a43841a6aeb855facf) Importer(815301076,1909f56bfc062723c751e8b465ee728b)
Number of updated assets reloaded before import = 0
Start importing Assets/04.Sprites/Tiles/roof_churchBrown_W.png using Guid(4aee18ed6e5736a43841a6aeb855facf) Importer(815301076,1909f56bfc062723c751e8b465ee728b)  -> (artifact id: '5867d33122f123fd83801ccc836a4115') in 0.020135 seconds 
Number of asset objects unloaded after import = 3
========================================================================
Received Import Request.
  Time since last request: 0.001118 seconds.
  path: Assets/04.Sprites/Tiles/roof_churchGreen_W.png
  artifactKey: Guid(431fc9973bda54d43b82ddd65e6d0294) Importer(815301076,1909f56bfc062723c751e8b465ee728b)
Number of updated assets reloaded before import = 0
Start importing Assets/04.Sprites/Tiles/roof_churchGreen_W.png using Guid(431fc9973bda54d43b82ddd65e6d0294) Importer(815301076,1909f56bfc062723c751e8b465ee728b)  -> (artifact id: '352b6966132c3162cf1fc63a555ee747') in 0.022849 seconds 
Number of asset objects unloaded after import = 3
========================================================================
Received Import Request.
  Time since last request: 0.000019 seconds.
  path: Assets/04.Sprites/Tiles/roof_gableBeige_S.png
  artifactKey: Guid(991e2fbd9437f2349bfbfce0c8eb1ffc) Importer(815301076,1909f56bfc062723c751e8b465ee728b)
Number of updated assets reloaded before import = 0
Start importing Assets/04.Sprites/Tiles/roof_gableBeige_S.png using Guid(991e2fbd9437f2349bfbfce0c8eb1ffc) Importer(815301076,1909f56bfc062723c751e8b465ee728b)  -> (artifact id: '1e972d18c71dac9e5b492ad42032807e') in 0.020021 seconds 
Number of asset objects unloaded after import = 3
Editor requested this worker to shutdown with reason: Scaling down because of idle timeout
AssetImportWorker is now disconnected from the server
Process exiting
Exiting without the bug reporter. Application will terminate with return code 0