Using pre-set license
Built from '2021.3/staging' branch; Version is '2021.3.31f1 (3409e2af086f) revision 3410402'; Using compiler version '192829333'; Build Type 'Release'
OS: 'Windows 10  (10.0.19045) 64bit Core' Language: 'ko' Physical Memory: 16317 MB
BatchMode: 1, IsHumanControllingUs: 0, StartBugReporterOnCrash: 0, Is64bit: 1, IsPro: 1

COMMAND LINE ARGUMENTS:
C:\Program Files\Unity\Hub\Editor\2021.3.31f1\Editor\Unity.exe
-adb2
-batchMode
-noUpm
-name
AssetImportWorker4
-projectPath
C:/Users/user/Documents/GitHub/Log6/HoneyComb
-logFile
Logs/AssetImportWorker4.log
-srvPort
65446
Successfully changed project path to: C:/Users/user/Documents/GitHub/Log6/HoneyComb
C:/Users/user/Documents/GitHub/Log6/HoneyComb
[UnityMemory] Configuration Parameters - Can be set up in boot.config
    "memorysetup-bucket-allocator-granularity=16"
    "memorysetup-bucket-allocator-bucket-count=8"
    "memorysetup-bucket-allocator-block-size=33554432"
    "memorysetup-bucket-allocator-block-count=8"
    "memorysetup-main-allocator-block-size=16777216"
    "memorysetup-thread-allocator-block-size=16777216"
    "memorysetup-gfx-main-allocator-block-size=16777216"
    "memorysetup-gfx-thread-allocator-block-size=16777216"
    "memorysetup-cache-allocator-block-size=4194304"
    "memorysetup-typetree-allocator-block-size=2097152"
    "memorysetup-profiler-bucket-allocator-granularity=16"
    "memorysetup-profiler-bucket-allocator-bucket-count=8"
    "memorysetup-profiler-bucket-allocator-block-size=33554432"
    "memorysetup-profiler-bucket-allocator-block-count=8"
    "memorysetup-profiler-allocator-block-size=16777216"
    "memorysetup-profiler-editor-allocator-block-size=1048576"
    "memorysetup-temp-allocator-size-main=16777216"
    "memorysetup-job-temp-allocator-block-size=2097152"
    "memorysetup-job-temp-allocator-block-size-background=1048576"
    "memorysetup-job-temp-allocator-reduction-small-platforms=262144"
    "memorysetup-temp-allocator-size-background-worker=32768"
    "memorysetup-temp-allocator-size-job-worker=262144"
    "memorysetup-temp-allocator-size-preload-manager=33554432"
    "memorysetup-temp-allocator-size-nav-mesh-worker=65536"
    "memorysetup-temp-allocator-size-audio-worker=65536"
    "memorysetup-temp-allocator-size-cloud-worker=32768"
    "memorysetup-temp-allocator-size-gi-baking-worker=262144"
    "memorysetup-temp-allocator-size-gfx=262144"
Player connection [9460] Host "[IP] 192.168.45.177 [Port] 0 [Flags] 2 [Guid] 3993312636 [EditorId] 3993312636 [Version] 1048832 [Id] WindowsEditor(7,DESKTOP-3B6S9KP) [Debug] 1 [PackageName] WindowsEditor [ProjectName] Editor" joined multi-casting on [225.0.0.222:54997]...

Player connection [9460] Host "[IP] 192.168.45.177 [Port] 0 [Flags] 2 [Guid] 3993312636 [EditorId] 3993312636 [Version] 1048832 [Id] WindowsEditor(7,DESKTOP-3B6S9KP) [Debug] 1 [PackageName] WindowsEditor [ProjectName] Editor" joined alternative multi-casting on [225.0.0.222:34997]...

[Physics::Module] Initialized MultithreadedJobDispatcher with {0} workers.
Refreshing native plugins compatible for Editor in 982.08 ms, found 4 plugins.
Preloading 0 native plugins for Editor in 0.00 ms.
Initialize engine version: 2021.3.31f1 (3409e2af086f)
[Subsystems] Discovering subsystems at path C:/Program Files/Unity/Hub/Editor/2021.3.31f1/Editor/Data/Resources/UnitySubsystems
[Subsystems] Discovering subsystems at path C:/Users/user/Documents/GitHub/Log6/HoneyComb/Assets
GfxDevice: creating device client; threaded=0; jobified=0
Direct3D:
    Version:  Direct3D 11.0 [level 11.1]
    Renderer: NVIDIA GeForce GTX 1650 SUPER (ID=0x2187)
    Vendor:   NVIDIA
    VRAM:     3930 MB
    Driver:   32.0.15.6094
Initialize mono
Mono path[0] = 'C:/Program Files/Unity/Hub/Editor/2021.3.31f1/Editor/Data/Managed'
Mono path[1] = 'C:/Program Files/Unity/Hub/Editor/2021.3.31f1/Editor/Data/MonoBleedingEdge/lib/mono/unityjit-win32'
Mono config path = 'C:/Program Files/Unity/Hub/Editor/2021.3.31f1/Editor/Data/MonoBleedingEdge/etc'
Using monoOptions --debugger-agent=transport=dt_socket,embedding=1,server=y,suspend=n,address=127.0.0.1:56576
Begin MonoManager ReloadAssembly
Registering precompiled unity dll's ...
Register platform support module: C:/Program Files/Unity/Hub/Editor/2021.3.31f1/Editor/Data/PlaybackEngines/WindowsStandaloneSupport/UnityEditor.WindowsStandalone.Extensions.dll
Registered in 0.010767 seconds.
Native extension for WindowsStandalone target not found
Refreshing native plugins compatible for Editor in 143.45 ms, found 4 plugins.
Preloading 0 native plugins for Editor in 0.00 ms.
Mono: successfully reloaded assembly
- Completed reload, in  1.337 seconds
Domain Reload Profiling:
	ReloadAssembly (1339ms)
		BeginReloadAssembly (214ms)
			ExecutionOrderSort (0ms)
			DisableScriptedObjects (0ms)
			BackupInstance (0ms)
			ReleaseScriptingObjects (0ms)
			CreateAndSetChildDomain (1ms)
		EndReloadAssembly (984ms)
			LoadAssemblies (209ms)
			RebuildTransferFunctionScriptingTraits (0ms)
			SetupTypeCache (139ms)
			ReleaseScriptCaches (0ms)
			RebuildScriptCaches (35ms)
			SetupLoadedEditorAssemblies (726ms)
				LogAssemblyErrors (0ms)
				InitializePlatformSupportModulesInManaged (10ms)
				SetLoadedEditorAssemblies (0ms)
				RefreshPlugins (144ms)
				BeforeProcessingInitializeOnLoad (1ms)
				ProcessInitializeOnLoadAttributes (165ms)
				ProcessInitializeOnLoadMethodAttributes (405ms)
				AfterProcessingInitializeOnLoad (0ms)
				EditorAssembliesLoaded (0ms)
			ExecutionOrderSort2 (0ms)
			AwakeInstancesAfterBackupRestoration (0ms)
Platform modules already initialized, skipping
Registering precompiled user dll's ...
Registered in 0.072406 seconds.
Begin MonoManager ReloadAssembly
Native extension for WindowsStandalone target not found
Refreshing native plugins compatible for Editor in 366.12 ms, found 4 plugins.
Preloading 0 native plugins for Editor in 0.00 ms.
Package Manager log level set to [2]
[Package Manager] Server::EnsureServerProcessIsRunning -- launch failed, reason: Unity was launched with the -noUpm command-line argument
[Package Manager] Cannot connect to Unity Package Manager local server
Mono: successfully reloaded assembly
- Completed reload, in  3.174 seconds
Domain Reload Profiling:
	ReloadAssembly (3175ms)
		BeginReloadAssembly (198ms)
			ExecutionOrderSort (0ms)
			DisableScriptedObjects (9ms)
			BackupInstance (0ms)
			ReleaseScriptingObjects (0ms)
			CreateAndSetChildDomain (23ms)
		EndReloadAssembly (2748ms)
			LoadAssemblies (199ms)
			RebuildTransferFunctionScriptingTraits (0ms)
			SetupTypeCache (474ms)
			ReleaseScriptCaches (2ms)
			RebuildScriptCaches (108ms)
			SetupLoadedEditorAssemblies (1892ms)
				LogAssemblyErrors (0ms)
				InitializePlatformSupportModulesInManaged (11ms)
				SetLoadedEditorAssemblies (0ms)
				RefreshPlugins (366ms)
				BeforeProcessingInitializeOnLoad (151ms)
				ProcessInitializeOnLoadAttributes (1268ms)
				ProcessInitializeOnLoadMethodAttributes (80ms)
				AfterProcessingInitializeOnLoad (15ms)
				EditorAssembliesLoaded (0ms)
			ExecutionOrderSort2 (0ms)
			AwakeInstancesAfterBackupRestoration (15ms)
Platform modules already initialized, skipping
========================================================================
Worker process is ready to serve import requests
Launched and connected shader compiler UnityShaderCompiler.exe after 0.08 seconds
Refreshing native plugins compatible for Editor in 1.56 ms, found 4 plugins.
Preloading 0 native plugins for Editor in 0.00 ms.
Unloading 4428 Unused Serialized files (Serialized files now loaded: 0)
Unloading 52 unused Assets / (119.7 KB). Loaded Objects now: 4886.
Memory consumption went from 169.0 MB to 168.9 MB.
Total: 3.749700 ms (FindLiveObjects: 0.378000 ms CreateObjectMapping: 0.325600 ms MarkObjects: 2.828600 ms  DeleteObjects: 0.216000 ms)

AssetImportParameters requested are different than current active one (requested -> active):
  custom:video-decoder-ogg-theora: a1e56fd34408186e4bbccfd4996cb3dc -> 
  custom:container-muxer-webm: aa71ff27fc2769a1b78a27578f13a17b -> 
  custom:container-demuxer-webm: 4f35f7cbe854078d1ac9338744f61a02 -> 
  custom:video-encoder-webm-vp8: eb34c28f22e8b96e1ab97ce403110664 -> 
  custom:audio-encoder-webm-vorbis: bf7c407c2cedff20999df2af8eb42d56 -> 
  custom:framework-win-MediaFoundation: 216162199b28c13a410421893ffa2e32 -> 
  custom:container-demuxer-ogg: 62fdf1f143b41e24485cea50d1cbac27 -> 
  custom:video-decoder-webm-vp8: 9c59270c3fd7afecdb556c50c9e8de78 -> 
  custom:audio-decoder-ogg-vorbis: bf7c407c2cedff20999df2af8eb42d56 -> 
========================================================================
Received Prepare
Refreshing native plugins compatible for Editor in 21.06 ms, found 4 plugins.
Preloading 0 native plugins for Editor in 0.00 ms.
Unloading 25 Unused Serialized files (Serialized files now loaded: 0)
Unloading 25 unused Assets / (92.6 KB). Loaded Objects now: 4886.
Memory consumption went from 78.3 MB to 78.2 MB.
Total: 8.846700 ms (FindLiveObjects: 0.431600 ms CreateObjectMapping: 0.541800 ms MarkObjects: 7.811900 ms  DeleteObjects: 0.060100 ms)

AssetImportParameters requested are different than current active one (requested -> active):
  custom:video-decoder-ogg-theora: a1e56fd34408186e4bbccfd4996cb3dc -> 
  custom:container-muxer-webm: aa71ff27fc2769a1b78a27578f13a17b -> 
  custom:container-demuxer-webm: 4f35f7cbe854078d1ac9338744f61a02 -> 
  custom:video-encoder-webm-vp8: eb34c28f22e8b96e1ab97ce403110664 -> 
  custom:CustomObjectIndexerAttribute: bc11b3a6c3213fcdd17b65e7da85e133 -> 
  custom:audio-encoder-webm-vorbis: bf7c407c2cedff20999df2af8eb42d56 -> 
  custom:framework-win-MediaFoundation: 216162199b28c13a410421893ffa2e32 -> 
  custom:SearchIndexIgnoredProperties: e643bd26f0fe6173181afceb89e7c659 -> 
  custom:container-demuxer-ogg: 62fdf1f143b41e24485cea50d1cbac27 -> 
  custom:video-decoder-webm-vp8: 9c59270c3fd7afecdb556c50c9e8de78 -> 
  custom:audio-decoder-ogg-vorbis: bf7c407c2cedff20999df2af8eb42d56 -> 
========================================================================
Received Import Request.
  Time since last request: 712811.381212 seconds.
  path: Assets/TileMap/Tile/Tile011.asset
  artifactKey: Guid(663a884417b7a1e4882e4034e8a074b4) Importer(815301076,1909f56bfc062723c751e8b465ee728b)
Number of updated assets reloaded before import = 0
Start importing Assets/TileMap/Tile/Tile011.asset using Guid(663a884417b7a1e4882e4034e8a074b4) Importer(815301076,1909f56bfc062723c751e8b465ee728b)  -> (artifact id: '79bd1d677df86c6ec06a017ec24bde3a') in 0.080277 seconds 
Number of asset objects unloaded after import = 3
========================================================================
Received Import Request.
  Time since last request: 24.650959 seconds.
  path: Assets/TileMap/Tile/Tile012.asset
  artifactKey: Guid(6b6fe8df96e2f934faafa03031e658a6) Importer(815301076,1909f56bfc062723c751e8b465ee728b)
Number of updated assets reloaded before import = 0
Start importing Assets/TileMap/Tile/Tile012.asset using Guid(6b6fe8df96e2f934faafa03031e658a6) Importer(815301076,1909f56bfc062723c751e8b465ee728b)  -> (artifact id: '5f75cfcc7e73688aeecc7c3df9fe07d1') in 0.009098 seconds 
Number of asset objects unloaded after import = 3
========================================================================
Received Import Request.
  Time since last request: 25.758229 seconds.
  path: Assets/TileMap/Tile/Tile002.asset
  artifactKey: Guid(4b5acbe03801ba14589bced9689147be) Importer(815301076,1909f56bfc062723c751e8b465ee728b)
Number of updated assets reloaded before import = 0
Start importing Assets/TileMap/Tile/Tile002.asset using Guid(4b5acbe03801ba14589bced9689147be) Importer(815301076,1909f56bfc062723c751e8b465ee728b)  -> (artifact id: 'f67de49bb643f5a6be089e98077bd0b0') in 0.009746 seconds 
Number of asset objects unloaded after import = 3
========================================================================
Received Import Request.
  Time since last request: 13.958641 seconds.
  path: Assets/TileMap/Tile/prop003.asset
  artifactKey: Guid(2b21d4b8210a2b446aed0468e6d36583) Importer(815301076,1909f56bfc062723c751e8b465ee728b)
Number of updated assets reloaded before import = 0
Start importing Assets/TileMap/Tile/prop003.asset using Guid(2b21d4b8210a2b446aed0468e6d36583) Importer(815301076,1909f56bfc062723c751e8b465ee728b)  -> (artifact id: '682d3c3c16986d2967f62d8f360cb651') in 0.011811 seconds 
Number of asset objects unloaded after import = 3
========================================================================
Received Import Request.
  Time since last request: 11.494147 seconds.
  path: Assets/TileMap/Tile/prop004.asset
  artifactKey: Guid(0c139245192a64d468282edae762e64d) Importer(815301076,1909f56bfc062723c751e8b465ee728b)
Number of updated assets reloaded before import = 0
Start importing Assets/TileMap/Tile/prop004.asset using Guid(0c139245192a64d468282edae762e64d) Importer(815301076,1909f56bfc062723c751e8b465ee728b)  -> (artifact id: 'fb1716ab54b6348c0d98cc33c8bb0505') in 0.007199 seconds 
Number of asset objects unloaded after import = 3
========================================================================
Received Import Request.
  Time since last request: 886.576467 seconds.
  path: Assets/TileMap/Tile/prop001.asset
  artifactKey: Guid(ddc15ab679926564e8e7e192c3d09ec1) Importer(815301076,1909f56bfc062723c751e8b465ee728b)
Number of updated assets reloaded before import = 0
Start importing Assets/TileMap/Tile/prop001.asset using Guid(ddc15ab679926564e8e7e192c3d09ec1) Importer(815301076,1909f56bfc062723c751e8b465ee728b)  -> (artifact id: 'b0338a6cfd1bb604e4261522e5996e4a') in 0.015475 seconds 
Number of asset objects unloaded after import = 3
========================================================================
Received Import Request.
  Time since last request: 29.802869 seconds.
  path: Assets/TileMap/Props/prop001.asset
  artifactKey: Guid(a7c475f0cbf26ae4d8c70c74d69284f9) Importer(815301076,1909f56bfc062723c751e8b465ee728b)
Number of updated assets reloaded before import = 0
Start importing Assets/TileMap/Props/prop001.asset using Guid(a7c475f0cbf26ae4d8c70c74d69284f9) Importer(815301076,1909f56bfc062723c751e8b465ee728b)  -> (artifact id: '779710725afb8cddb5d14be91ad41f1f') in 0.009436 seconds 
Number of asset objects unloaded after import = 3
========================================================================
Received Import Request.
  Time since last request: 0.016411 seconds.
  path: Assets/TileMap/Props/prop006.png
  artifactKey: Guid(4e9449c5fbdec17478e2774cd7ca098e) Importer(815301076,1909f56bfc062723c751e8b465ee728b)
Number of updated assets reloaded before import = 0
Start importing Assets/TileMap/Props/prop006.png using Guid(4e9449c5fbdec17478e2774cd7ca098e) Importer(815301076,1909f56bfc062723c751e8b465ee728b)  -> (artifact id: '84ceabebbae2c7fd2884593365e60564') in 0.224400 seconds 
Number of asset objects unloaded after import = 3
========================================================================
Received Import Request.
  Time since last request: 0.000029 seconds.
  path: Assets/TileMap/Props/prop007_0.asset
  artifactKey: Guid(c36e08f0ba2326645832c322580a5e46) Importer(815301076,1909f56bfc062723c751e8b465ee728b)
Number of updated assets reloaded before import = 0
Start importing Assets/TileMap/Props/prop007_0.asset using Guid(c36e08f0ba2326645832c322580a5e46) Importer(815301076,1909f56bfc062723c751e8b465ee728b)  -> (artifact id: '4891d4892d6e7039b669d1efa8bc7c38') in 0.026527 seconds 
Number of asset objects unloaded after import = 3
========================================================================
Received Import Request.
  Time since last request: 0.000035 seconds.
  path: Assets/TileMap/Props/prop007.png
  artifactKey: Guid(dc46a1e3636e85b41bd2328c13aa7e9e) Importer(815301076,1909f56bfc062723c751e8b465ee728b)
Number of updated assets reloaded before import = 0
Start importing Assets/TileMap/Props/prop007.png using Guid(dc46a1e3636e85b41bd2328c13aa7e9e) Importer(815301076,1909f56bfc062723c751e8b465ee728b)  -> (artifact id: '4ea0a9921ddf2f0093c57fd221a60b54') in 0.048264 seconds 
Number of asset objects unloaded after import = 4
========================================================================
Received Import Request.
  Time since last request: 3.737774 seconds.
  path: Assets/TileMap/Effect/Add.mat
  artifactKey: Guid(ad012304f3b4d1f439420289af186464) Importer(815301076,1909f56bfc062723c751e8b465ee728b)
Number of updated assets reloaded before import = 0
Start importing Assets/TileMap/Effect/Add.mat using Guid(ad012304f3b4d1f439420289af186464) Importer(815301076,1909f56bfc062723c751e8b465ee728b)  -> (artifact id: '7247784b2f3456fa65701cd6b64be852') in 0.145308 seconds 
Number of asset objects unloaded after import = 2
========================================================================
Received Import Request.
  Time since last request: 0.000043 seconds.
  path: Assets/TileMap/Effect/RoundEffect.png
  artifactKey: Guid(a59dfbaa0db04944db38db4bf132e42c) Importer(815301076,1909f56bfc062723c751e8b465ee728b)
Number of updated assets reloaded before import = 0
Start importing Assets/TileMap/Effect/RoundEffect.png using Guid(a59dfbaa0db04944db38db4bf132e42c) Importer(815301076,1909f56bfc062723c751e8b465ee728b)  -> (artifact id: '3acea010f6669ce8c8b9a30c4b2c8088') in 0.039750 seconds 
Number of asset objects unloaded after import = 3
========================================================================
Received Import Request.
  Time since last request: 370.465276 seconds.
  path: ProjectSettings/TagManager.asset
  artifactKey: Guid(00000000000000003000000000000000) Importer(815301076,1909f56bfc062723c751e8b465ee728b)
Number of updated assets reloaded before import = 0
Start importing ProjectSettings/TagManager.asset using Guid(00000000000000003000000000000000) Importer(815301076,1909f56bfc062723c751e8b465ee728b)  -> (artifact id: 'b46a77e68db1d1f1af03c13c9ad7b84d') in 0.011420 seconds 
Number of asset objects unloaded after import = 0
========================================================================
Received Import Request.
  Time since last request: 95.686426 seconds.
  path: Assets/06.YooniLLDDong/bgbar.png
  artifactKey: Guid(80e297670ecb73c41a620198550efaf2) Importer(815301076,1909f56bfc062723c751e8b465ee728b)
Number of updated assets reloaded before import = 0
Start importing Assets/06.YooniLLDDong/bgbar.png using Guid(80e297670ecb73c41a620198550efaf2) Importer(815301076,1909f56bfc062723c751e8b465ee728b)  -> (artifact id: 'e92c3355e5b7b5231ffbadffece1c86f') in 0.085485 seconds 
Number of asset objects unloaded after import = 3
========================================================================
Received Import Request.
  Time since last request: 6.540208 seconds.
  path: Assets/TileMap/IsoPalette.prefab
  artifactKey: Guid(d5a3060b7dc15ac419f6d7ea336de188) Importer(815301076,1909f56bfc062723c751e8b465ee728b)
Number of updated assets reloaded before import = 0
Start importing Assets/TileMap/IsoPalette.prefab using Guid(d5a3060b7dc15ac419f6d7ea336de188) Importer(815301076,1909f56bfc062723c751e8b465ee728b)  -> (artifact id: '56eb35fd258f5da4d9f9ae4c93f8ac08') in 0.067365 seconds 
Number of asset objects unloaded after import = 88
========================================================================
Received Import Request.
  Time since last request: 3.683918 seconds.
  path: Assets/TileMap/Tile/prop006.asset
  artifactKey: Guid(2c56b3be590cfd140bde636cf71e05e2) Importer(815301076,1909f56bfc062723c751e8b465ee728b)
Number of updated assets reloaded before import = 0
Start importing Assets/TileMap/Tile/prop006.asset using Guid(2c56b3be590cfd140bde636cf71e05e2) Importer(815301076,1909f56bfc062723c751e8b465ee728b)  -> (artifact id: '472affc6f78cc8e03e60b0d166f54e2e') in 0.018684 seconds 
Number of asset objects unloaded after import = 3
========================================================================
Received Import Request.
  Time since last request: 260.365923 seconds.
  path: Assets/TileMap/Props/prop005_0.asset
  artifactKey: Guid(fd206d7cff7929c43a319053b5ddc1df) Importer(815301076,1909f56bfc062723c751e8b465ee728b)
Number of updated assets reloaded before import = 0
Start importing Assets/TileMap/Props/prop005_0.asset using Guid(fd206d7cff7929c43a319053b5ddc1df) Importer(815301076,1909f56bfc062723c751e8b465ee728b)  -> (artifact id: 'fa637b5389dd2fcd5d784f5f9539c275') in 0.015744 seconds 
Number of asset objects unloaded after import = 3
========================================================================
Received Import Request.
  Time since last request: 98.012369 seconds.
  path: Assets/TileMap/Props/prop004_0.asset
  artifactKey: Guid(b78f5110872ea5941bf377fdfda81f08) Importer(815301076,1909f56bfc062723c751e8b465ee728b)
Number of updated assets reloaded before import = 0
Start importing Assets/TileMap/Props/prop004_0.asset using Guid(b78f5110872ea5941bf377fdfda81f08) Importer(815301076,1909f56bfc062723c751e8b465ee728b)  -> (artifact id: 'd6032036bff21d9588691afadba6a819') in 0.015245 seconds 
Number of asset objects unloaded after import = 3
========================================================================
Received Import Request.
  Time since last request: 0.000177 seconds.
  path: Assets/TileMap/Props/prop004_3.asset
  artifactKey: Guid(22f11f63c4304da4e80074afd10376e4) Importer(815301076,1909f56bfc062723c751e8b465ee728b)
Number of updated assets reloaded before import = 0
Start importing Assets/TileMap/Props/prop004_3.asset using Guid(22f11f63c4304da4e80074afd10376e4) Importer(815301076,1909f56bfc062723c751e8b465ee728b)  -> (artifact id: '50df4552b578d6a84f49297187d259b1') in 0.024136 seconds 
Number of asset objects unloaded after import = 3
Editor requested this worker to shutdown with reason: Scaling down because of idle timeout
AssetImportWorker is now disconnected from the server
Process exiting
Exiting without the bug reporter. Application will terminate with return code 0