Using pre-set license
Built from '2021.3/staging' branch; Version is '2021.3.31f1 (3409e2af086f) revision 3410402'; Using compiler version '192829333'; Build Type 'Release'
OS: 'Windows 10  (10.0.19045) 64bit Core' Language: 'ko' Physical Memory: 16139 MB
BatchMode: 1, IsHumanControllingUs: 0, StartBugReporterOnCrash: 0, Is64bit: 1, IsPro: 1

COMMAND LINE ARGUMENTS:
D:\UnityEditorDownload\2021.3.31f1\Editor\Unity.exe
-adb2
-batchMode
-noUpm
-name
AssetImportWorker14
-projectPath
D:/Project archive/Log6/HoneyComb
-logFile
Logs/AssetImportWorker14.log
-srvPort
8470
Successfully changed project path to: D:/Project archive/Log6/HoneyComb
D:/Project archive/Log6/HoneyComb
[UnityMemory] Configuration Parameters - Can be set up in boot.config
    "memorysetup-bucket-allocator-granularity=16"
    "memorysetup-bucket-allocator-bucket-count=8"
    "memorysetup-bucket-allocator-block-size=33554432"
    "memorysetup-bucket-allocator-block-count=8"
    "memorysetup-main-allocator-block-size=16777216"
    "memorysetup-thread-allocator-block-size=16777216"
    "memorysetup-gfx-main-allocator-block-size=16777216"
    "memorysetup-gfx-thread-allocator-block-size=16777216"
    "memorysetup-cache-allocator-block-size=4194304"
    "memorysetup-typetree-allocator-block-size=2097152"
    "memorysetup-profiler-bucket-allocator-granularity=16"
    "memorysetup-profiler-bucket-allocator-bucket-count=8"
    "memorysetup-profiler-bucket-allocator-block-size=33554432"
    "memorysetup-profiler-bucket-allocator-block-count=8"
    "memorysetup-profiler-allocator-block-size=16777216"
    "memorysetup-profiler-editor-allocator-block-size=1048576"
    "memorysetup-temp-allocator-size-main=16777216"
    "memorysetup-job-temp-allocator-block-size=2097152"
    "memorysetup-job-temp-allocator-block-size-background=1048576"
    "memorysetup-job-temp-allocator-reduction-small-platforms=262144"
    "memorysetup-temp-allocator-size-background-worker=32768"
    "memorysetup-temp-allocator-size-job-worker=262144"
    "memorysetup-temp-allocator-size-preload-manager=33554432"
    "memorysetup-temp-allocator-size-nav-mesh-worker=65536"
    "memorysetup-temp-allocator-size-audio-worker=65536"
    "memorysetup-temp-allocator-size-cloud-worker=32768"
    "memorysetup-temp-allocator-size-gi-baking-worker=262144"
    "memorysetup-temp-allocator-size-gfx=262144"
Player connection [29500] Host "[IP] 192.168.219.183 [Port] 0 [Flags] 2 [Guid] 2540861670 [EditorId] 2540861670 [Version] 1048832 [Id] WindowsEditor(7,DESKTOP-EDV24H0) [Debug] 1 [PackageName] WindowsEditor [ProjectName] Editor" joined multi-casting on [225.0.0.222:54997]...

Player connection [29500] Host "[IP] 192.168.219.183 [Port] 0 [Flags] 2 [Guid] 2540861670 [EditorId] 2540861670 [Version] 1048832 [Id] WindowsEditor(7,DESKTOP-EDV24H0) [Debug] 1 [PackageName] WindowsEditor [ProjectName] Editor" joined alternative multi-casting on [225.0.0.222:34997]...

[Physics::Module] Initialized MultithreadedJobDispatcher with {0} workers.
Refreshing native plugins compatible for Editor in 96.70 ms, found 4 plugins.
Preloading 0 native plugins for Editor in 0.00 ms.
Initialize engine version: 2021.3.31f1 (3409e2af086f)
[Subsystems] Discovering subsystems at path D:/UnityEditorDownload/2021.3.31f1/Editor/Data/Resources/UnitySubsystems
[Subsystems] Discovering subsystems at path D:/Project archive/Log6/HoneyComb/Assets
GfxDevice: creating device client; threaded=0; jobified=0
Direct3D:
    Version:  Direct3D 11.0 [level 11.1]
    Renderer: NVIDIA GeForce RTX 3060 (ID=0x2504)
    Vendor:   NVIDIA
    VRAM:     12115 MB
    Driver:   32.0.15.6070
Initialize mono
Mono path[0] = 'D:/UnityEditorDownload/2021.3.31f1/Editor/Data/Managed'
Mono path[1] = 'D:/UnityEditorDownload/2021.3.31f1/Editor/Data/MonoBleedingEdge/lib/mono/unityjit-win32'
Mono config path = 'D:/UnityEditorDownload/2021.3.31f1/Editor/Data/MonoBleedingEdge/etc'
Using monoOptions --debugger-agent=transport=dt_socket,embedding=1,server=y,suspend=n,address=127.0.0.1:56888
Begin MonoManager ReloadAssembly
Registering precompiled unity dll's ...
Register platform support module: D:/UnityEditorDownload/2021.3.31f1/Editor/Data/PlaybackEngines/AndroidPlayer/UnityEditor.Android.Extensions.dll
Register platform support module: D:/UnityEditorDownload/2021.3.31f1/Editor/Data/PlaybackEngines/iOSSupport/UnityEditor.iOS.Extensions.dll
Register platform support module: D:/UnityEditorDownload/2021.3.31f1/Editor/Data/PlaybackEngines/WindowsStandaloneSupport/UnityEditor.WindowsStandalone.Extensions.dll
Registered in 0.003074 seconds.
Native extension for WindowsStandalone target not found
[usbmuxd] Start listen thread
[usbmuxd] Listen thread started
Native extension for iOS target not found
Native extension for Android target not found
Android Extension - Scanning For ADB Devices 248 ms
Refreshing native plugins compatible for Editor in 90.00 ms, found 4 plugins.
Preloading 0 native plugins for Editor in 0.00 ms.
Mono: successfully reloaded assembly
- Completed reload, in  0.894 seconds
Domain Reload Profiling:
	ReloadAssembly (894ms)
		BeginReloadAssembly (89ms)
			ExecutionOrderSort (0ms)
			DisableScriptedObjects (0ms)
			BackupInstance (0ms)
			ReleaseScriptingObjects (0ms)
			CreateAndSetChildDomain (0ms)
		EndReloadAssembly (721ms)
			LoadAssemblies (90ms)
			RebuildTransferFunctionScriptingTraits (0ms)
			SetupTypeCache (102ms)
			ReleaseScriptCaches (0ms)
			RebuildScriptCaches (27ms)
			SetupLoadedEditorAssemblies (555ms)
				LogAssemblyErrors (0ms)
				InitializePlatformSupportModulesInManaged (341ms)
				SetLoadedEditorAssemblies (0ms)
				RefreshPlugins (90ms)
				BeforeProcessingInitializeOnLoad (1ms)
				ProcessInitializeOnLoadAttributes (79ms)
				ProcessInitializeOnLoadMethodAttributes (43ms)
				AfterProcessingInitializeOnLoad (0ms)
				EditorAssembliesLoaded (0ms)
			ExecutionOrderSort2 (0ms)
			AwakeInstancesAfterBackupRestoration (0ms)
Platform modules already initialized, skipping
Registering precompiled user dll's ...
Registered in 0.005429 seconds.
Begin MonoManager ReloadAssembly
Native extension for WindowsStandalone target not found
Native extension for iOS target not found
Native extension for Android target not found
Refreshing native plugins compatible for Editor in 89.16 ms, found 4 plugins.
Preloading 0 native plugins for Editor in 0.00 ms.
Package Manager log level set to [2]
[Package Manager] Server::EnsureServerProcessIsRunning -- launch failed, reason: Unity was launched with the -noUpm command-line argument
[Package Manager] Cannot connect to Unity Package Manager local server
Mono: successfully reloaded assembly
- Completed reload, in  1.449 seconds
Domain Reload Profiling:
	ReloadAssembly (1450ms)
		BeginReloadAssembly (119ms)
			ExecutionOrderSort (0ms)
			DisableScriptedObjects (6ms)
			BackupInstance (0ms)
			ReleaseScriptingObjects (0ms)
			CreateAndSetChildDomain (21ms)
		EndReloadAssembly (1236ms)
			LoadAssemblies (106ms)
			RebuildTransferFunctionScriptingTraits (0ms)
			SetupTypeCache (225ms)
			ReleaseScriptCaches (1ms)
			RebuildScriptCaches (58ms)
			SetupLoadedEditorAssemblies (824ms)
				LogAssemblyErrors (0ms)
				InitializePlatformSupportModulesInManaged (27ms)
				SetLoadedEditorAssemblies (0ms)
				RefreshPlugins (89ms)
				BeforeProcessingInitializeOnLoad (87ms)
				ProcessInitializeOnLoadAttributes (567ms)
				ProcessInitializeOnLoadMethodAttributes (50ms)
				AfterProcessingInitializeOnLoad (3ms)
				EditorAssembliesLoaded (0ms)
			ExecutionOrderSort2 (0ms)
			AwakeInstancesAfterBackupRestoration (7ms)
Platform modules already initialized, skipping
========================================================================
Worker process is ready to serve import requests
Launched and connected shader compiler UnityShaderCompiler.exe after 0.04 seconds
Refreshing native plugins compatible for Editor in 0.85 ms, found 4 plugins.
Preloading 0 native plugins for Editor in 0.00 ms.
Unloading 3879 Unused Serialized files (Serialized files now loaded: 0)
Unloading 36 unused Assets / (46.8 KB). Loaded Objects now: 4340.
Memory consumption went from 153.3 MB to 153.2 MB.
Total: 1.881600 ms (FindLiveObjects: 0.208200 ms CreateObjectMapping: 0.050200 ms MarkObjects: 1.541300 ms  DeleteObjects: 0.081300 ms)

AssetImportParameters requested are different than current active one (requested -> active):
  custom:video-decoder-ogg-theora: a1e56fd34408186e4bbccfd4996cb3dc -> 
  custom:container-muxer-webm: aa71ff27fc2769a1b78a27578f13a17b -> 
  custom:container-demuxer-webm: 4f35f7cbe854078d1ac9338744f61a02 -> 
  custom:video-encoder-webm-vp8: eb34c28f22e8b96e1ab97ce403110664 -> 
  custom:CustomObjectIndexerAttribute: bc11b3a6c3213fcdd17b65e7da85e133 -> 
  custom:audio-encoder-webm-vorbis: bf7c407c2cedff20999df2af8eb42d56 -> 
  custom:framework-win-MediaFoundation: 216162199b28c13a410421893ffa2e32 -> 
  custom:SearchIndexIgnoredProperties: e643bd26f0fe6173181afceb89e7c659 -> 
  custom:container-demuxer-ogg: 62fdf1f143b41e24485cea50d1cbac27 -> 
  custom:video-decoder-webm-vp8: 9c59270c3fd7afecdb556c50c9e8de78 -> 
  custom:audio-decoder-ogg-vorbis: bf7c407c2cedff20999df2af8eb42d56 -> 
========================================================================
Received Import Request.
  Time since last request: 617718.788160 seconds.
  path: Assets/04.Sprites/Tiles/castle_towerPurple_S.png
  artifactKey: Guid(767d0124e386ebd4c9f43cac7c396978) Importer(815301076,1909f56bfc062723c751e8b465ee728b)
Number of updated assets reloaded before import = 0
Start importing Assets/04.Sprites/Tiles/castle_towerPurple_S.png using Guid(767d0124e386ebd4c9f43cac7c396978) Importer(815301076,1909f56bfc062723c751e8b465ee728b)  -> (artifact id: '84725e1e477e93a245fe5e4f07e42b9f') in 0.091727 seconds 
Number of asset objects unloaded after import = 3
========================================================================
Received Import Request.
  Time since last request: 0.000026 seconds.
  path: Assets/04.Sprites/Tiles/grass_center_W.png
  artifactKey: Guid(b6cbc273eb375cf478fb0d827993c40d) Importer(815301076,1909f56bfc062723c751e8b465ee728b)
Number of updated assets reloaded before import = 0
Start importing Assets/04.Sprites/Tiles/grass_center_W.png using Guid(b6cbc273eb375cf478fb0d827993c40d) Importer(815301076,1909f56bfc062723c751e8b465ee728b)  -> (artifact id: '40b7c6527e694734225359152b6ab205') in 0.018828 seconds 
Number of asset objects unloaded after import = 3
========================================================================
Received Import Request.
  Time since last request: 0.000028 seconds.
  path: Assets/04.Sprites/Tiles/dirt_center_S.png
  artifactKey: Guid(8650a26018290234299f18b679b451c2) Importer(815301076,1909f56bfc062723c751e8b465ee728b)
Number of updated assets reloaded before import = 0
Start importing Assets/04.Sprites/Tiles/dirt_center_S.png using Guid(8650a26018290234299f18b679b451c2) Importer(815301076,1909f56bfc062723c751e8b465ee728b)  -> (artifact id: '18735388cbfc817168127aa86ef58822') in 0.017094 seconds 
Number of asset objects unloaded after import = 3
========================================================================
Received Import Request.
  Time since last request: 0.000017 seconds.
  path: Assets/04.Sprites/Tiles/castle_towerPurple_W.png
  artifactKey: Guid(b6afd872cb8b3694b96d6b0d206b1091) Importer(815301076,1909f56bfc062723c751e8b465ee728b)
Number of updated assets reloaded before import = 0
Start importing Assets/04.Sprites/Tiles/castle_towerPurple_W.png using Guid(b6afd872cb8b3694b96d6b0d206b1091) Importer(815301076,1909f56bfc062723c751e8b465ee728b)  -> (artifact id: '4d1b071a03810a6ee5ec1a8c9cff2a0c') in 0.019404 seconds 
Number of asset objects unloaded after import = 3
========================================================================
Received Import Request.
  Time since last request: 0.000020 seconds.
  path: Assets/04.Sprites/Tiles/grass_corner_S.png
  artifactKey: Guid(8acfc871abd0a5d4a86a0546c9ad5d14) Importer(815301076,1909f56bfc062723c751e8b465ee728b)
Number of updated assets reloaded before import = 0
Start importing Assets/04.Sprites/Tiles/grass_corner_S.png using Guid(8acfc871abd0a5d4a86a0546c9ad5d14) Importer(815301076,1909f56bfc062723c751e8b465ee728b)  -> (artifact id: 'f0b698d9b7e4c88e314d76c0cc42d0b8') in 0.018709 seconds 
Number of asset objects unloaded after import = 3
========================================================================
Received Import Request.
  Time since last request: 0.379251 seconds.
  path: Assets/04.Sprites/Tiles/grass_pathBend_W.png
  artifactKey: Guid(83dca794e8f2a7b40a095e6673aef4db) Importer(815301076,1909f56bfc062723c751e8b465ee728b)
Number of updated assets reloaded before import = 0
Start importing Assets/04.Sprites/Tiles/grass_pathBend_W.png using Guid(83dca794e8f2a7b40a095e6673aef4db) Importer(815301076,1909f56bfc062723c751e8b465ee728b)  -> (artifact id: '2dc862da9a59b2d72873271f20da0640') in 0.029315 seconds 
Number of asset objects unloaded after import = 3
========================================================================
Received Import Request.
  Time since last request: 0.000014 seconds.
  path: Assets/04.Sprites/Tiles/grass_pathCorner_E.png
  artifactKey: Guid(bb752186a77a72e43b7abda9a5955e9e) Importer(815301076,1909f56bfc062723c751e8b465ee728b)
Number of updated assets reloaded before import = 0
Start importing Assets/04.Sprites/Tiles/grass_pathCorner_E.png using Guid(bb752186a77a72e43b7abda9a5955e9e) Importer(815301076,1909f56bfc062723c751e8b465ee728b)  -> (artifact id: 'da730add8a6fd7aba29cc944d9c2fc02') in 0.019726 seconds 
Number of asset objects unloaded after import = 3
========================================================================
Received Import Request.
  Time since last request: 0.018970 seconds.
  path: Assets/04.Sprites/Tiles/grass_pathEnd_S.png
  artifactKey: Guid(6f3cf2b2885415e45b58b3fa3641bcdc) Importer(815301076,1909f56bfc062723c751e8b465ee728b)
Number of updated assets reloaded before import = 0
Start importing Assets/04.Sprites/Tiles/grass_pathEnd_S.png using Guid(6f3cf2b2885415e45b58b3fa3641bcdc) Importer(815301076,1909f56bfc062723c751e8b465ee728b)  -> (artifact id: '19cb1b65ff29491ed09a93839971f5c4') in 0.025003 seconds 
Number of asset objects unloaded after import = 3
========================================================================
Received Import Request.
  Time since last request: 0.000013 seconds.
  path: Assets/04.Sprites/Tiles/grass_pathEndSquare_S.png
  artifactKey: Guid(74e42c2e06e6868498d4fee982875e7a) Importer(815301076,1909f56bfc062723c751e8b465ee728b)
Number of updated assets reloaded before import = 0
Start importing Assets/04.Sprites/Tiles/grass_pathEndSquare_S.png using Guid(74e42c2e06e6868498d4fee982875e7a) Importer(815301076,1909f56bfc062723c751e8b465ee728b)  -> (artifact id: '2975e4bb8e735c03eb6a475e2db81d0f') in 0.021315 seconds 
Number of asset objects unloaded after import = 3
========================================================================
Received Import Request.
  Time since last request: 0.468723 seconds.
  path: Assets/04.Sprites/Tiles/grass_pathSplit_N.png
  artifactKey: Guid(2243085422fec39478d61b10bb99680d) Importer(815301076,1909f56bfc062723c751e8b465ee728b)
Number of updated assets reloaded before import = 0
Start importing Assets/04.Sprites/Tiles/grass_pathSplit_N.png using Guid(2243085422fec39478d61b10bb99680d) Importer(815301076,1909f56bfc062723c751e8b465ee728b)  -> (artifact id: '7523719746b7c73a0016dcca067636c4') in 0.030723 seconds 
Number of asset objects unloaded after import = 3
========================================================================
Received Import Request.
  Time since last request: 0.036841 seconds.
  path: Assets/04.Sprites/Tiles/grass_riverBridge_E.png
  artifactKey: Guid(e12f0b64b3f7a96458ce373bd2644dd8) Importer(815301076,1909f56bfc062723c751e8b465ee728b)
Number of updated assets reloaded before import = 0
Start importing Assets/04.Sprites/Tiles/grass_riverBridge_E.png using Guid(e12f0b64b3f7a96458ce373bd2644dd8) Importer(815301076,1909f56bfc062723c751e8b465ee728b)  -> (artifact id: '458d5e1e17323571e89b4fde30bddcb6') in 0.029814 seconds 
Number of asset objects unloaded after import = 3
========================================================================
Received Import Request.
  Time since last request: 0.942518 seconds.
  path: Assets/04.Sprites/Tiles/grass_riverCrossing_W.png
  artifactKey: Guid(bc5e3250df0d3974fb1ba7e49b2dfa04) Importer(815301076,1909f56bfc062723c751e8b465ee728b)
Number of updated assets reloaded before import = 0
Start importing Assets/04.Sprites/Tiles/grass_riverCrossing_W.png using Guid(bc5e3250df0d3974fb1ba7e49b2dfa04) Importer(815301076,1909f56bfc062723c751e8b465ee728b)  -> (artifact id: '8a5dcb99d2f8f3c3d5d5fbd2b9dfda91') in 0.030623 seconds 
Number of asset objects unloaded after import = 3
========================================================================
Received Import Request.
  Time since last request: 0.030505 seconds.
  path: Assets/04.Sprites/Tiles/grass_riverSlope_S.png
  artifactKey: Guid(268a1f62bf590384aa7edd8ff12f6b58) Importer(815301076,1909f56bfc062723c751e8b465ee728b)
Number of updated assets reloaded before import = 0
Start importing Assets/04.Sprites/Tiles/grass_riverSlope_S.png using Guid(268a1f62bf590384aa7edd8ff12f6b58) Importer(815301076,1909f56bfc062723c751e8b465ee728b)  -> (artifact id: '148ca400a345cc1e636b3f948125eda1') in 0.026029 seconds 
Number of asset objects unloaded after import = 3
========================================================================
Received Import Request.
  Time since last request: 0.000018 seconds.
  path: Assets/04.Sprites/Tiles/grass_riverSlope_W.png
  artifactKey: Guid(73e80f2916ea5c548b46e18fa68d89ac) Importer(815301076,1909f56bfc062723c751e8b465ee728b)
Number of updated assets reloaded before import = 0
Start importing Assets/04.Sprites/Tiles/grass_riverSlope_W.png using Guid(73e80f2916ea5c548b46e18fa68d89ac) Importer(815301076,1909f56bfc062723c751e8b465ee728b)  -> (artifact id: 'e34c20ab09f667693391acec018c0f71') in 0.020873 seconds 
Number of asset objects unloaded after import = 3
========================================================================
Received Import Request.
  Time since last request: 0.389321 seconds.
  path: Assets/04.Sprites/Tiles/grass_slopeConcave_N.png
  artifactKey: Guid(bfcb8563b886faf46a63ce9cae64f109) Importer(815301076,1909f56bfc062723c751e8b465ee728b)
Number of updated assets reloaded before import = 0
Start importing Assets/04.Sprites/Tiles/grass_slopeConcave_N.png using Guid(bfcb8563b886faf46a63ce9cae64f109) Importer(815301076,1909f56bfc062723c751e8b465ee728b)  -> (artifact id: '447adcf119067ecfab2fccd995087d8f') in 0.027657 seconds 
Number of asset objects unloaded after import = 3
========================================================================
Received Import Request.
  Time since last request: 0.000018 seconds.
  path: Assets/04.Sprites/Tiles/grass_slopeConvex_E.png
  artifactKey: Guid(2f38566a93cdbb24fb47e2a0574027cc) Importer(815301076,1909f56bfc062723c751e8b465ee728b)
Number of updated assets reloaded before import = 0
Start importing Assets/04.Sprites/Tiles/grass_slopeConvex_E.png using Guid(2f38566a93cdbb24fb47e2a0574027cc) Importer(815301076,1909f56bfc062723c751e8b465ee728b)  -> (artifact id: 'b43d35580d45a442c3e28a85c7dbabb6') in 0.020856 seconds 
Number of asset objects unloaded after import = 3
========================================================================
Received Import Request.
  Time since last request: 0.010577 seconds.
  path: Assets/04.Sprites/Tiles/grass_waterConcave_E.png
  artifactKey: Guid(925ace13f45b8124c883ddb3263c2da0) Importer(815301076,1909f56bfc062723c751e8b465ee728b)
Number of updated assets reloaded before import = 0
Start importing Assets/04.Sprites/Tiles/grass_waterConcave_E.png using Guid(925ace13f45b8124c883ddb3263c2da0) Importer(815301076,1909f56bfc062723c751e8b465ee728b)  -> (artifact id: '494d8e1de71878e5d6896ef559a9f29c') in 0.050249 seconds 
Number of asset objects unloaded after import = 3
========================================================================
Received Import Request.
  Time since last request: 0.000017 seconds.
  path: Assets/04.Sprites/Tiles/grass_waterRiver_E.png
  artifactKey: Guid(31de670248e5ae8469c5185af375e970) Importer(815301076,1909f56bfc062723c751e8b465ee728b)
Number of updated assets reloaded before import = 0
Start importing Assets/04.Sprites/Tiles/grass_waterRiver_E.png using Guid(31de670248e5ae8469c5185af375e970) Importer(815301076,1909f56bfc062723c751e8b465ee728b)  -> (artifact id: '2e0b416062273b026280601d5dba953d') in 0.019877 seconds 
Number of asset objects unloaded after import = 3
========================================================================
Received Import Request.
  Time since last request: 0.000013 seconds.
  path: Assets/04.Sprites/Tiles/rocks_grass_E.png
  artifactKey: Guid(d78db5ebf6aaca344969f300517f4c7f) Importer(815301076,1909f56bfc062723c751e8b465ee728b)
Number of updated assets reloaded before import = 0
Start importing Assets/04.Sprites/Tiles/rocks_grass_E.png using Guid(d78db5ebf6aaca344969f300517f4c7f) Importer(815301076,1909f56bfc062723c751e8b465ee728b)  -> (artifact id: '22046d30443256454db8a6746abe74af') in 0.020867 seconds 
Number of asset objects unloaded after import = 3
========================================================================
Received Import Request.
  Time since last request: 0.204227 seconds.
  path: Assets/04.Sprites/Tiles/roof_churchBeige_S.png
  artifactKey: Guid(dd736f802dbaf38499ca6d1bd28806f7) Importer(815301076,1909f56bfc062723c751e8b465ee728b)
Number of updated assets reloaded before import = 0
Start importing Assets/04.Sprites/Tiles/roof_churchBeige_S.png using Guid(dd736f802dbaf38499ca6d1bd28806f7) Importer(815301076,1909f56bfc062723c751e8b465ee728b)  -> (artifact id: '056647446fa45e41bec077ff50756ca3') in 0.029600 seconds 
Number of asset objects unloaded after import = 3
========================================================================
Received Import Request.
  Time since last request: 0.020922 seconds.
  path: Assets/04.Sprites/Tiles/roof_churchPurple_N.png
  artifactKey: Guid(5751b0ba367d5df4da8d134e282f0777) Importer(815301076,1909f56bfc062723c751e8b465ee728b)
Number of updated assets reloaded before import = 0
Start importing Assets/04.Sprites/Tiles/roof_churchPurple_N.png using Guid(5751b0ba367d5df4da8d134e282f0777) Importer(815301076,1909f56bfc062723c751e8b465ee728b)  -> (artifact id: 'd35b40c191998c063bdafa1055464a4a') in 0.020970 seconds 
Number of asset objects unloaded after import = 3
========================================================================
Received Import Request.
  Time since last request: 0.000020 seconds.
  path: Assets/04.Sprites/Tiles/roof_churchPurple_S.png
  artifactKey: Guid(a11fb64185eb16f4287d8ba163e23ec0) Importer(815301076,1909f56bfc062723c751e8b465ee728b)
Number of updated assets reloaded before import = 0
Start importing Assets/04.Sprites/Tiles/roof_churchPurple_S.png using Guid(a11fb64185eb16f4287d8ba163e23ec0) Importer(815301076,1909f56bfc062723c751e8b465ee728b)  -> (artifact id: '1be3d84839c9fb6f820a374e290da413') in 0.020573 seconds 
Number of asset objects unloaded after import = 3
Editor requested this worker to shutdown with reason: Scaling down because of idle timeout
AssetImportWorker is now disconnected from the server
Process exiting
Exiting without the bug reporter. Application will terminate with return code 0