Using pre-set license
Built from '2021.3/staging' branch; Version is '2021.3.31f1 (3409e2af086f) revision 3410402'; Using compiler version '192829333'; Build Type 'Release'
OS: 'Windows 10  (10.0.19045) 64bit Core' Language: 'ko' Physical Memory: 16139 MB
BatchMode: 1, IsHumanControllingUs: 0, StartBugReporterOnCrash: 0, Is64bit: 1, IsPro: 1

COMMAND LINE ARGUMENTS:
D:\UnityEditorDownload\2021.3.31f1\Editor\Unity.exe
-adb2
-batchMode
-noUpm
-name
AssetImportWorker18
-projectPath
D:/Project archive/Log6/HoneyComb
-logFile
Logs/AssetImportWorker18.log
-srvPort
8576
Successfully changed project path to: D:/Project archive/Log6/HoneyComb
D:/Project archive/Log6/HoneyComb
[UnityMemory] Configuration Parameters - Can be set up in boot.config
    "memorysetup-bucket-allocator-granularity=16"
    "memorysetup-bucket-allocator-bucket-count=8"
    "memorysetup-bucket-allocator-block-size=33554432"
    "memorysetup-bucket-allocator-block-count=8"
    "memorysetup-main-allocator-block-size=16777216"
    "memorysetup-thread-allocator-block-size=16777216"
    "memorysetup-gfx-main-allocator-block-size=16777216"
    "memorysetup-gfx-thread-allocator-block-size=16777216"
    "memorysetup-cache-allocator-block-size=4194304"
    "memorysetup-typetree-allocator-block-size=2097152"
    "memorysetup-profiler-bucket-allocator-granularity=16"
    "memorysetup-profiler-bucket-allocator-bucket-count=8"
    "memorysetup-profiler-bucket-allocator-block-size=33554432"
    "memorysetup-profiler-bucket-allocator-block-count=8"
    "memorysetup-profiler-allocator-block-size=16777216"
    "memorysetup-profiler-editor-allocator-block-size=1048576"
    "memorysetup-temp-allocator-size-main=16777216"
    "memorysetup-job-temp-allocator-block-size=2097152"
    "memorysetup-job-temp-allocator-block-size-background=1048576"
    "memorysetup-job-temp-allocator-reduction-small-platforms=262144"
    "memorysetup-temp-allocator-size-background-worker=32768"
    "memorysetup-temp-allocator-size-job-worker=262144"
    "memorysetup-temp-allocator-size-preload-manager=33554432"
    "memorysetup-temp-allocator-size-nav-mesh-worker=65536"
    "memorysetup-temp-allocator-size-audio-worker=65536"
    "memorysetup-temp-allocator-size-cloud-worker=32768"
    "memorysetup-temp-allocator-size-gi-baking-worker=262144"
    "memorysetup-temp-allocator-size-gfx=262144"
Player connection [40844] Host "[IP] 192.168.219.131 [Port] 0 [Flags] 2 [Guid] 328553730 [EditorId] 328553730 [Version] 1048832 [Id] WindowsEditor(7,DESKTOP-EDV24H0) [Debug] 1 [PackageName] WindowsEditor [ProjectName] Editor" joined multi-casting on [225.0.0.222:54997]...

Player connection [40844] Host "[IP] 192.168.219.131 [Port] 0 [Flags] 2 [Guid] 328553730 [EditorId] 328553730 [Version] 1048832 [Id] WindowsEditor(7,DESKTOP-EDV24H0) [Debug] 1 [PackageName] WindowsEditor [ProjectName] Editor" joined alternative multi-casting on [225.0.0.222:34997]...

[Physics::Module] Initialized MultithreadedJobDispatcher with {0} workers.
Refreshing native plugins compatible for Editor in 107.49 ms, found 4 plugins.
Preloading 0 native plugins for Editor in 0.00 ms.
Initialize engine version: 2021.3.31f1 (3409e2af086f)
[Subsystems] Discovering subsystems at path D:/UnityEditorDownload/2021.3.31f1/Editor/Data/Resources/UnitySubsystems
[Subsystems] Discovering subsystems at path D:/Project archive/Log6/HoneyComb/Assets
GfxDevice: creating device client; threaded=0; jobified=0
Direct3D:
    Version:  Direct3D 11.0 [level 11.1]
    Renderer: NVIDIA GeForce RTX 3060 (ID=0x2504)
    Vendor:   NVIDIA
    VRAM:     12115 MB
    Driver:   32.0.15.6070
Initialize mono
Mono path[0] = 'D:/UnityEditorDownload/2021.3.31f1/Editor/Data/Managed'
Mono path[1] = 'D:/UnityEditorDownload/2021.3.31f1/Editor/Data/MonoBleedingEdge/lib/mono/unityjit-win32'
Mono config path = 'D:/UnityEditorDownload/2021.3.31f1/Editor/Data/MonoBleedingEdge/etc'
Using monoOptions --debugger-agent=transport=dt_socket,embedding=1,server=y,suspend=n,address=127.0.0.1:56516
Begin MonoManager ReloadAssembly
Registering precompiled unity dll's ...
Register platform support module: D:/UnityEditorDownload/2021.3.31f1/Editor/Data/PlaybackEngines/AndroidPlayer/UnityEditor.Android.Extensions.dll
Register platform support module: D:/UnityEditorDownload/2021.3.31f1/Editor/Data/PlaybackEngines/iOSSupport/UnityEditor.iOS.Extensions.dll
Register platform support module: D:/UnityEditorDownload/2021.3.31f1/Editor/Data/PlaybackEngines/WindowsStandaloneSupport/UnityEditor.WindowsStandalone.Extensions.dll
Registered in 0.002625 seconds.
Native extension for WindowsStandalone target not found
[usbmuxd] Start listen thread
[usbmuxd] Listen thread started
Native extension for iOS target not found
Native extension for Android target not found
Android Extension - Scanning For ADB Devices 330 ms
Refreshing native plugins compatible for Editor in 100.08 ms, found 4 plugins.
Preloading 0 native plugins for Editor in 0.00 ms.
Mono: successfully reloaded assembly
- Completed reload, in  0.942 seconds
Domain Reload Profiling:
	ReloadAssembly (942ms)
		BeginReloadAssembly (86ms)
			ExecutionOrderSort (0ms)
			DisableScriptedObjects (0ms)
			BackupInstance (0ms)
			ReleaseScriptingObjects (0ms)
			CreateAndSetChildDomain (1ms)
		EndReloadAssembly (781ms)
			LoadAssemblies (86ms)
			RebuildTransferFunctionScriptingTraits (0ms)
			SetupTypeCache (91ms)
			ReleaseScriptCaches (0ms)
			RebuildScriptCaches (24ms)
			SetupLoadedEditorAssemblies (631ms)
				LogAssemblyErrors (0ms)
				InitializePlatformSupportModulesInManaged (414ms)
				SetLoadedEditorAssemblies (0ms)
				RefreshPlugins (100ms)
				BeforeProcessingInitializeOnLoad (1ms)
				ProcessInitializeOnLoadAttributes (76ms)
				ProcessInitializeOnLoadMethodAttributes (39ms)
				AfterProcessingInitializeOnLoad (0ms)
				EditorAssembliesLoaded (0ms)
			ExecutionOrderSort2 (0ms)
			AwakeInstancesAfterBackupRestoration (0ms)
Platform modules already initialized, skipping
Registering precompiled user dll's ...
Registered in 0.004273 seconds.
Begin MonoManager ReloadAssembly
Native extension for WindowsStandalone target not found
Native extension for iOS target not found
Native extension for Android target not found
Refreshing native plugins compatible for Editor in 98.75 ms, found 4 plugins.
Preloading 0 native plugins for Editor in 0.00 ms.
Package Manager log level set to [2]
[Package Manager] Server::EnsureServerProcessIsRunning -- launch failed, reason: Unity was launched with the -noUpm command-line argument
[Package Manager] Cannot connect to Unity Package Manager local server
Mono: successfully reloaded assembly
- Completed reload, in  1.443 seconds
Domain Reload Profiling:
	ReloadAssembly (1444ms)
		BeginReloadAssembly (95ms)
			ExecutionOrderSort (0ms)
			DisableScriptedObjects (6ms)
			BackupInstance (0ms)
			ReleaseScriptingObjects (0ms)
			CreateAndSetChildDomain (18ms)
		EndReloadAssembly (1262ms)
			LoadAssemblies (81ms)
			RebuildTransferFunctionScriptingTraits (0ms)
			SetupTypeCache (219ms)
			ReleaseScriptCaches (1ms)
			RebuildScriptCaches (59ms)
			SetupLoadedEditorAssemblies (870ms)
				LogAssemblyErrors (0ms)
				InitializePlatformSupportModulesInManaged (24ms)
				SetLoadedEditorAssemblies (0ms)
				RefreshPlugins (99ms)
				BeforeProcessingInitializeOnLoad (88ms)
				ProcessInitializeOnLoadAttributes (613ms)
				ProcessInitializeOnLoadMethodAttributes (43ms)
				AfterProcessingInitializeOnLoad (3ms)
				EditorAssembliesLoaded (0ms)
			ExecutionOrderSort2 (0ms)
			AwakeInstancesAfterBackupRestoration (5ms)
Platform modules already initialized, skipping
========================================================================
Worker process is ready to serve import requests
Launched and connected shader compiler UnityShaderCompiler.exe after 0.05 seconds
Refreshing native plugins compatible for Editor in 0.62 ms, found 4 plugins.
Preloading 0 native plugins for Editor in 0.00 ms.
Unloading 4432 Unused Serialized files (Serialized files now loaded: 0)
Unloading 52 unused Assets / (119.7 KB). Loaded Objects now: 4893.
Memory consumption went from 173.6 MB to 173.5 MB.
Total: 1.885600 ms (FindLiveObjects: 0.174900 ms CreateObjectMapping: 0.056500 ms MarkObjects: 1.593500 ms  DeleteObjects: 0.060300 ms)

AssetImportParameters requested are different than current active one (requested -> active):
  custom:video-decoder-ogg-theora: a1e56fd34408186e4bbccfd4996cb3dc -> 
  custom:container-muxer-webm: aa71ff27fc2769a1b78a27578f13a17b -> 
  custom:container-demuxer-webm: 4f35f7cbe854078d1ac9338744f61a02 -> 
  custom:video-encoder-webm-vp8: eb34c28f22e8b96e1ab97ce403110664 -> 
  custom:CustomObjectIndexerAttribute: bc11b3a6c3213fcdd17b65e7da85e133 -> 
  custom:audio-encoder-webm-vorbis: bf7c407c2cedff20999df2af8eb42d56 -> 
  custom:framework-win-MediaFoundation: 216162199b28c13a410421893ffa2e32 -> 
  custom:SearchIndexIgnoredProperties: e643bd26f0fe6173181afceb89e7c659 -> 
  custom:container-demuxer-ogg: 62fdf1f143b41e24485cea50d1cbac27 -> 
  custom:video-decoder-webm-vp8: 9c59270c3fd7afecdb556c50c9e8de78 -> 
  custom:audio-decoder-ogg-vorbis: bf7c407c2cedff20999df2af8eb42d56 -> 
========================================================================
Received Import Request.
  Time since last request: 437093.217271 seconds.
  path: Assets/04.Sprites/0.Player/hard_punch_motion.png
  artifactKey: Guid(e792049aee461c8428e15e1e8835474a) Importer(815301076,1909f56bfc062723c751e8b465ee728b)
Number of updated assets reloaded before import = 0
Start importing Assets/04.Sprites/0.Player/hard_punch_motion.png using Guid(e792049aee461c8428e15e1e8835474a) Importer(815301076,1909f56bfc062723c751e8b465ee728b)  -> (artifact id: 'de6e6bfc8109caace9547b520ca4ee30') in 0.177715 seconds 
Number of asset objects unloaded after import = 15
========================================================================
Received Import Request.
  Time since last request: 8.309947 seconds.
  path: Assets/04.Sprites/0.Player/hard_punch_motion.png
  artifactKey: Guid(e792049aee461c8428e15e1e8835474a) Importer(815301076,1909f56bfc062723c751e8b465ee728b)
Number of updated assets reloaded before import = 0
Start importing Assets/04.Sprites/0.Player/hard_punch_motion.png using Guid(e792049aee461c8428e15e1e8835474a) Importer(815301076,1909f56bfc062723c751e8b465ee728b)  -> (artifact id: '1261987bbad484dc8ca0883391dac76b') in 0.207622 seconds 
Number of asset objects unloaded after import = 15
========================================================================
Received Import Request.
  Time since last request: 18.342401 seconds.
  path: Assets/04.Sprites/0.Player/hard_punch_motion.png
  artifactKey: Guid(e792049aee461c8428e15e1e8835474a) Importer(815301076,1909f56bfc062723c751e8b465ee728b)
Number of updated assets reloaded before import = 0
Start importing Assets/04.Sprites/0.Player/hard_punch_motion.png using Guid(e792049aee461c8428e15e1e8835474a) Importer(815301076,1909f56bfc062723c751e8b465ee728b)  -> (artifact id: '78226d24e80a47d2c8a8e744337d31f1') in 0.169579 seconds 
Number of asset objects unloaded after import = 15
========================================================================
Received Import Request.
  Time since last request: 22.779758 seconds.
  path: Assets/04.Sprites/0.Player/idle 2.png
  artifactKey: Guid(df7349194a3d61d479baba83490dad67) Importer(815301076,1909f56bfc062723c751e8b465ee728b)
Number of updated assets reloaded before import = 0
Start importing Assets/04.Sprites/0.Player/idle 2.png using Guid(df7349194a3d61d479baba83490dad67) Importer(815301076,1909f56bfc062723c751e8b465ee728b)  -> (artifact id: '51a016782016aa7376177e42ce55ebef') in 0.130409 seconds 
Number of asset objects unloaded after import = 13
========================================================================
Received Import Request.
  Time since last request: 24.046232 seconds.
  path: Assets/04.Sprites/0.Player/hard_punch_motion.png
  artifactKey: Guid(e792049aee461c8428e15e1e8835474a) Importer(815301076,1909f56bfc062723c751e8b465ee728b)
Number of updated assets reloaded before import = 0
Start importing Assets/04.Sprites/0.Player/hard_punch_motion.png using Guid(e792049aee461c8428e15e1e8835474a) Importer(815301076,1909f56bfc062723c751e8b465ee728b)  -> (artifact id: '9e196a044fbf7a4be38656b007a37aee') in 0.188260 seconds 
Number of asset objects unloaded after import = 15
========================================================================
Received Import Request.
  Time since last request: 0.000018 seconds.
  path: Assets/04.Sprites/0.Player/uppercut_motion.png
  artifactKey: Guid(d5be1b8b8adf6554aafc8d8d62571791) Importer(815301076,1909f56bfc062723c751e8b465ee728b)
Number of updated assets reloaded before import = 0
Start importing Assets/04.Sprites/0.Player/uppercut_motion.png using Guid(d5be1b8b8adf6554aafc8d8d62571791) Importer(815301076,1909f56bfc062723c751e8b465ee728b)  -> (artifact id: 'edc0d2228e8e5d9e694fedf44c970177') in 0.075303 seconds 
Number of asset objects unloaded after import = 9
========================================================================
Received Import Request.
  Time since last request: 51.914880 seconds.
  path: Assets/04.Sprites/0.Player/hard_punch_motion.png
  artifactKey: Guid(e792049aee461c8428e15e1e8835474a) Importer(815301076,1909f56bfc062723c751e8b465ee728b)
Number of updated assets reloaded before import = 0
Start importing Assets/04.Sprites/0.Player/hard_punch_motion.png using Guid(e792049aee461c8428e15e1e8835474a) Importer(815301076,1909f56bfc062723c751e8b465ee728b)  -> (artifact id: 'cd5c5a581e69cb64b1b2466ab9e9c79b') in 0.033657 seconds 
Number of asset objects unloaded after import = 15
========================================================================
Received Import Request.
  Time since last request: 0.000018 seconds.
  path: Assets/04.Sprites/0.Player/jab_motion.png
  artifactKey: Guid(43158728dc7e2e74aa833e355ff87266) Importer(815301076,1909f56bfc062723c751e8b465ee728b)
Number of updated assets reloaded before import = 0
Start importing Assets/04.Sprites/0.Player/jab_motion.png using Guid(43158728dc7e2e74aa833e355ff87266) Importer(815301076,1909f56bfc062723c751e8b465ee728b)  -> (artifact id: 'dd3eea5fd70f6b76b5d44391e1fd1f23') in 0.035056 seconds 
Number of asset objects unloaded after import = 7
========================================================================
Received Import Request.
  Time since last request: 230.711141 seconds.
  path: Assets/04.Sprites/0.Player/NewSprite/cross_motion_v0.3.png
  artifactKey: Guid(1d0728031a0472b419344ef09b248a84) Importer(815301076,1909f56bfc062723c751e8b465ee728b)
Number of updated assets reloaded before import = 0
Start importing Assets/04.Sprites/0.Player/NewSprite/cross_motion_v0.3.png using Guid(1d0728031a0472b419344ef09b248a84) Importer(815301076,1909f56bfc062723c751e8b465ee728b)  -> (artifact id: 'ba6b998a353e51bddb7fe6ea6e739a91') in 0.033502 seconds 
Number of asset objects unloaded after import = 8
========================================================================
Received Import Request.
  Time since last request: 0.000019 seconds.
  path: Assets/04.Sprites/0.Player/NewSprite/dead_motion_v0.5.png
  artifactKey: Guid(305f975ea8cce6543ad3e377d5a1e106) Importer(815301076,1909f56bfc062723c751e8b465ee728b)
Number of updated assets reloaded before import = 0
Start importing Assets/04.Sprites/0.Player/NewSprite/dead_motion_v0.5.png using Guid(305f975ea8cce6543ad3e377d5a1e106) Importer(815301076,1909f56bfc062723c751e8b465ee728b)  -> (artifact id: '0dacb7464a275e31a50603896c3d10bf') in 0.081080 seconds 
Number of asset objects unloaded after import = 20
========================================================================
Received Import Request.
  Time since last request: 0.000014 seconds.
  path: Assets/04.Sprites/0.Player/NewSprite/jab_motion_v0.3.png
  artifactKey: Guid(6da18180c4f440a418f327a0c2e4d60b) Importer(815301076,1909f56bfc062723c751e8b465ee728b)
Number of updated assets reloaded before import = 0
Start importing Assets/04.Sprites/0.Player/NewSprite/jab_motion_v0.3.png using Guid(6da18180c4f440a418f327a0c2e4d60b) Importer(815301076,1909f56bfc062723c751e8b465ee728b)  -> (artifact id: 'b5de170004d5f819fce6835eb0a99ee0') in 0.035159 seconds 
Number of asset objects unloaded after import = 7
========================================================================
Received Import Request.
  Time since last request: 17.395992 seconds.
  path: Assets/04.Sprites/0.Player/NewSprite/hammer_motion_v0.5.png
  artifactKey: Guid(c9329b6c5aa13b84685dfc37511d2f6f) Importer(815301076,1909f56bfc062723c751e8b465ee728b)
Number of updated assets reloaded before import = 0
Start importing Assets/04.Sprites/0.Player/NewSprite/hammer_motion_v0.5.png using Guid(c9329b6c5aa13b84685dfc37511d2f6f) Importer(815301076,1909f56bfc062723c751e8b465ee728b)  -> (artifact id: '12c4f5c52e9a441b26179e2dfe29186e') in 0.063035 seconds 
Number of asset objects unloaded after import = 17
========================================================================
Received Import Request.
  Time since last request: 0.000018 seconds.
  path: Assets/04.Sprites/0.Player/NewSprite/run_motion_v0.3.png
  artifactKey: Guid(4f4db247b4d96524b9dd394b107df7ae) Importer(815301076,1909f56bfc062723c751e8b465ee728b)
Number of updated assets reloaded before import = 0
Start importing Assets/04.Sprites/0.Player/NewSprite/run_motion_v0.3.png using Guid(4f4db247b4d96524b9dd394b107df7ae) Importer(815301076,1909f56bfc062723c751e8b465ee728b)  -> (artifact id: '943b3273261793b855db966b9cd494bb') in 0.084777 seconds 
Number of asset objects unloaded after import = 8
========================================================================
Received Import Request.
  Time since last request: 0.000020 seconds.
  path: Assets/04.Sprites/0.Player/NewSprite/hit_motion_v0.3.png
  artifactKey: Guid(9bc68debe4c7652459a158b9ebd47d00) Importer(815301076,1909f56bfc062723c751e8b465ee728b)
Number of updated assets reloaded before import = 0
Start importing Assets/04.Sprites/0.Player/NewSprite/hit_motion_v0.3.png using Guid(9bc68debe4c7652459a158b9ebd47d00) Importer(815301076,1909f56bfc062723c751e8b465ee728b)  -> (artifact id: '7cbc1bd74d7dd6f66c7e82975eb6c52e') in 0.040203 seconds 
Number of asset objects unloaded after import = 6
========================================================================
Received Import Request.
  Time since last request: 34.493563 seconds.
  path: Assets/04.Sprites/0.Player/NewSprite/hit_motion_v0.3.png
  artifactKey: Guid(9bc68debe4c7652459a158b9ebd47d00) Importer(815301076,1909f56bfc062723c751e8b465ee728b)
Number of updated assets reloaded before import = 0
Start importing Assets/04.Sprites/0.Player/NewSprite/hit_motion_v0.3.png using Guid(9bc68debe4c7652459a158b9ebd47d00) Importer(815301076,1909f56bfc062723c751e8b465ee728b)  -> (artifact id: '6089707049913c6b44f173155b7cec3f') in 0.041840 seconds 
Number of asset objects unloaded after import = 6
========================================================================
Received Import Request.
  Time since last request: 0.000021 seconds.
  path: Assets/04.Sprites/0.Player/NewSprite/uppercut_motion_v0.3.png
  artifactKey: Guid(6b07ff175e736b14288e3832f41e0ba4) Importer(815301076,1909f56bfc062723c751e8b465ee728b)
Number of updated assets reloaded before import = 0
Start importing Assets/04.Sprites/0.Player/NewSprite/uppercut_motion_v0.3.png using Guid(6b07ff175e736b14288e3832f41e0ba4) Importer(815301076,1909f56bfc062723c751e8b465ee728b)  -> (artifact id: 'd238f3ccda020dccf73f8a2463705bda') in 0.076985 seconds 
Number of asset objects unloaded after import = 9
Editor requested this worker to shutdown with reason: Scaling down because of idle timeout
AssetImportWorker is now disconnected from the server
Process exiting
Exiting without the bug reporter. Application will terminate with return code 0