Using pre-set license
Built from '2021.3/staging' branch; Version is '2021.3.31f1 (3409e2af086f) revision 3410402'; Using compiler version '192829333'; Build Type 'Release'
OS: 'Windows 10  (10.0.19045) 64bit Core' Language: 'ko' Physical Memory: 16139 MB
BatchMode: 1, IsHumanControllingUs: 0, StartBugReporterOnCrash: 0, Is64bit: 1, IsPro: 1

COMMAND LINE ARGUMENTS:
D:\UnityEditorDownload\2021.3.31f1\Editor\Unity.exe
-adb2
-batchMode
-noUpm
-name
AssetImportWorker15
-projectPath
D:/Project archive/Log6/HoneyComb
-logFile
Logs/AssetImportWorker15.log
-srvPort
8470
Successfully changed project path to: D:/Project archive/Log6/HoneyComb
D:/Project archive/Log6/HoneyComb
[UnityMemory] Configuration Parameters - Can be set up in boot.config
    "memorysetup-bucket-allocator-granularity=16"
    "memorysetup-bucket-allocator-bucket-count=8"
    "memorysetup-bucket-allocator-block-size=33554432"
    "memorysetup-bucket-allocator-block-count=8"
    "memorysetup-main-allocator-block-size=16777216"
    "memorysetup-thread-allocator-block-size=16777216"
    "memorysetup-gfx-main-allocator-block-size=16777216"
    "memorysetup-gfx-thread-allocator-block-size=16777216"
    "memorysetup-cache-allocator-block-size=4194304"
    "memorysetup-typetree-allocator-block-size=2097152"
    "memorysetup-profiler-bucket-allocator-granularity=16"
    "memorysetup-profiler-bucket-allocator-bucket-count=8"
    "memorysetup-profiler-bucket-allocator-block-size=33554432"
    "memorysetup-profiler-bucket-allocator-block-count=8"
    "memorysetup-profiler-allocator-block-size=16777216"
    "memorysetup-profiler-editor-allocator-block-size=1048576"
    "memorysetup-temp-allocator-size-main=16777216"
    "memorysetup-job-temp-allocator-block-size=2097152"
    "memorysetup-job-temp-allocator-block-size-background=1048576"
    "memorysetup-job-temp-allocator-reduction-small-platforms=262144"
    "memorysetup-temp-allocator-size-background-worker=32768"
    "memorysetup-temp-allocator-size-job-worker=262144"
    "memorysetup-temp-allocator-size-preload-manager=33554432"
    "memorysetup-temp-allocator-size-nav-mesh-worker=65536"
    "memorysetup-temp-allocator-size-audio-worker=65536"
    "memorysetup-temp-allocator-size-cloud-worker=32768"
    "memorysetup-temp-allocator-size-gi-baking-worker=262144"
    "memorysetup-temp-allocator-size-gfx=262144"
Player connection [29720] Host "[IP] 192.168.219.183 [Port] 0 [Flags] 2 [Guid] 2419961758 [EditorId] 2419961758 [Version] 1048832 [Id] WindowsEditor(7,DESKTOP-EDV24H0) [Debug] 1 [PackageName] WindowsEditor [ProjectName] Editor" joined multi-casting on [225.0.0.222:54997]...

Player connection [29720] Host "[IP] 192.168.219.183 [Port] 0 [Flags] 2 [Guid] 2419961758 [EditorId] 2419961758 [Version] 1048832 [Id] WindowsEditor(7,DESKTOP-EDV24H0) [Debug] 1 [PackageName] WindowsEditor [ProjectName] Editor" joined alternative multi-casting on [225.0.0.222:34997]...

[Physics::Module] Initialized MultithreadedJobDispatcher with {0} workers.
Refreshing native plugins compatible for Editor in 94.93 ms, found 4 plugins.
Preloading 0 native plugins for Editor in 0.00 ms.
Initialize engine version: 2021.3.31f1 (3409e2af086f)
[Subsystems] Discovering subsystems at path D:/UnityEditorDownload/2021.3.31f1/Editor/Data/Resources/UnitySubsystems
[Subsystems] Discovering subsystems at path D:/Project archive/Log6/HoneyComb/Assets
GfxDevice: creating device client; threaded=0; jobified=0
Direct3D:
    Version:  Direct3D 11.0 [level 11.1]
    Renderer: NVIDIA GeForce RTX 3060 (ID=0x2504)
    Vendor:   NVIDIA
    VRAM:     12115 MB
    Driver:   32.0.15.6070
Initialize mono
Mono path[0] = 'D:/UnityEditorDownload/2021.3.31f1/Editor/Data/Managed'
Mono path[1] = 'D:/UnityEditorDownload/2021.3.31f1/Editor/Data/MonoBleedingEdge/lib/mono/unityjit-win32'
Mono config path = 'D:/UnityEditorDownload/2021.3.31f1/Editor/Data/MonoBleedingEdge/etc'
Using monoOptions --debugger-agent=transport=dt_socket,embedding=1,server=y,suspend=n,address=127.0.0.1:56436
Begin MonoManager ReloadAssembly
Registering precompiled unity dll's ...
Register platform support module: D:/UnityEditorDownload/2021.3.31f1/Editor/Data/PlaybackEngines/AndroidPlayer/UnityEditor.Android.Extensions.dll
Register platform support module: D:/UnityEditorDownload/2021.3.31f1/Editor/Data/PlaybackEngines/iOSSupport/UnityEditor.iOS.Extensions.dll
Register platform support module: D:/UnityEditorDownload/2021.3.31f1/Editor/Data/PlaybackEngines/WindowsStandaloneSupport/UnityEditor.WindowsStandalone.Extensions.dll
Registered in 0.002650 seconds.
Native extension for WindowsStandalone target not found
[usbmuxd] Start listen thread
[usbmuxd] Listen thread started
Native extension for iOS target not found
Native extension for Android target not found
Android Extension - Scanning For ADB Devices 237 ms
Refreshing native plugins compatible for Editor in 88.46 ms, found 4 plugins.
Preloading 0 native plugins for Editor in 0.00 ms.
Mono: successfully reloaded assembly
- Completed reload, in  0.879 seconds
Domain Reload Profiling:
	ReloadAssembly (880ms)
		BeginReloadAssembly (88ms)
			ExecutionOrderSort (0ms)
			DisableScriptedObjects (0ms)
			BackupInstance (0ms)
			ReleaseScriptingObjects (0ms)
			CreateAndSetChildDomain (1ms)
		EndReloadAssembly (711ms)
			LoadAssemblies (88ms)
			RebuildTransferFunctionScriptingTraits (0ms)
			SetupTypeCache (103ms)
			ReleaseScriptCaches (0ms)
			RebuildScriptCaches (28ms)
			SetupLoadedEditorAssemblies (543ms)
				LogAssemblyErrors (0ms)
				InitializePlatformSupportModulesInManaged (331ms)
				SetLoadedEditorAssemblies (0ms)
				RefreshPlugins (89ms)
				BeforeProcessingInitializeOnLoad (1ms)
				ProcessInitializeOnLoadAttributes (80ms)
				ProcessInitializeOnLoadMethodAttributes (42ms)
				AfterProcessingInitializeOnLoad (0ms)
				EditorAssembliesLoaded (0ms)
			ExecutionOrderSort2 (0ms)
			AwakeInstancesAfterBackupRestoration (0ms)
Platform modules already initialized, skipping
Registering precompiled user dll's ...
Registered in 0.005443 seconds.
Begin MonoManager ReloadAssembly
Native extension for WindowsStandalone target not found
Native extension for iOS target not found
Native extension for Android target not found
Refreshing native plugins compatible for Editor in 89.16 ms, found 4 plugins.
Preloading 0 native plugins for Editor in 0.00 ms.
Package Manager log level set to [2]
[Package Manager] Server::EnsureServerProcessIsRunning -- launch failed, reason: Unity was launched with the -noUpm command-line argument
[Package Manager] Cannot connect to Unity Package Manager local server
Mono: successfully reloaded assembly
- Completed reload, in  1.448 seconds
Domain Reload Profiling:
	ReloadAssembly (1449ms)
		BeginReloadAssembly (119ms)
			ExecutionOrderSort (0ms)
			DisableScriptedObjects (6ms)
			BackupInstance (0ms)
			ReleaseScriptingObjects (0ms)
			CreateAndSetChildDomain (21ms)
		EndReloadAssembly (1236ms)
			LoadAssemblies (106ms)
			RebuildTransferFunctionScriptingTraits (0ms)
			SetupTypeCache (225ms)
			ReleaseScriptCaches (1ms)
			RebuildScriptCaches (57ms)
			SetupLoadedEditorAssemblies (823ms)
				LogAssemblyErrors (0ms)
				InitializePlatformSupportModulesInManaged (27ms)
				SetLoadedEditorAssemblies (0ms)
				RefreshPlugins (89ms)
				BeforeProcessingInitializeOnLoad (87ms)
				ProcessInitializeOnLoadAttributes (569ms)
				ProcessInitializeOnLoadMethodAttributes (48ms)
				AfterProcessingInitializeOnLoad (3ms)
				EditorAssembliesLoaded (0ms)
			ExecutionOrderSort2 (0ms)
			AwakeInstancesAfterBackupRestoration (7ms)
Platform modules already initialized, skipping
========================================================================
Worker process is ready to serve import requests
Launched and connected shader compiler UnityShaderCompiler.exe after 0.04 seconds
Refreshing native plugins compatible for Editor in 0.94 ms, found 4 plugins.
Preloading 0 native plugins for Editor in 0.00 ms.
Unloading 3879 Unused Serialized files (Serialized files now loaded: 0)
Unloading 36 unused Assets / (46.8 KB). Loaded Objects now: 4340.
Memory consumption went from 153.3 MB to 153.2 MB.
Total: 2.184700 ms (FindLiveObjects: 0.229200 ms CreateObjectMapping: 0.059700 ms MarkObjects: 1.822400 ms  DeleteObjects: 0.072300 ms)

AssetImportParameters requested are different than current active one (requested -> active):
  custom:video-decoder-ogg-theora: a1e56fd34408186e4bbccfd4996cb3dc -> 
  custom:container-muxer-webm: aa71ff27fc2769a1b78a27578f13a17b -> 
  custom:container-demuxer-webm: 4f35f7cbe854078d1ac9338744f61a02 -> 
  custom:video-encoder-webm-vp8: eb34c28f22e8b96e1ab97ce403110664 -> 
  custom:CustomObjectIndexerAttribute: bc11b3a6c3213fcdd17b65e7da85e133 -> 
  custom:audio-encoder-webm-vorbis: bf7c407c2cedff20999df2af8eb42d56 -> 
  custom:framework-win-MediaFoundation: 216162199b28c13a410421893ffa2e32 -> 
  custom:SearchIndexIgnoredProperties: e643bd26f0fe6173181afceb89e7c659 -> 
  custom:container-demuxer-ogg: 62fdf1f143b41e24485cea50d1cbac27 -> 
  custom:video-decoder-webm-vp8: 9c59270c3fd7afecdb556c50c9e8de78 -> 
  custom:audio-decoder-ogg-vorbis: bf7c407c2cedff20999df2af8eb42d56 -> 
========================================================================
Received Import Request.
  Time since last request: 617718.787659 seconds.
  path: Assets/04.Sprites/Tiles/castle_towerGreen_N.png
  artifactKey: Guid(b93480dd476f3ac43bbffbc6811856e4) Importer(815301076,1909f56bfc062723c751e8b465ee728b)
Number of updated assets reloaded before import = 0
Start importing Assets/04.Sprites/Tiles/castle_towerGreen_N.png using Guid(b93480dd476f3ac43bbffbc6811856e4) Importer(815301076,1909f56bfc062723c751e8b465ee728b)  -> (artifact id: '699be49c4dfb66e340abfcd1709edd5d') in 0.092557 seconds 
Number of asset objects unloaded after import = 3
========================================================================
Received Import Request.
  Time since last request: 0.000027 seconds.
  path: Assets/04.Sprites/Tiles/grass_path_N.png
  artifactKey: Guid(f3dde99764eb5e5459231881f0774dad) Importer(815301076,1909f56bfc062723c751e8b465ee728b)
Number of updated assets reloaded before import = 0
Start importing Assets/04.Sprites/Tiles/grass_path_N.png using Guid(f3dde99764eb5e5459231881f0774dad) Importer(815301076,1909f56bfc062723c751e8b465ee728b)  -> (artifact id: 'd545a4ae61d11269383727e0ac610522') in 0.021051 seconds 
Number of asset objects unloaded after import = 3
========================================================================
Received Import Request.
  Time since last request: 0.000019 seconds.
  path: Assets/04.Sprites/Tiles/grass_center_E.png
  artifactKey: Guid(5feab04ae7c4c0c43a117e42a8c8b7f0) Importer(815301076,1909f56bfc062723c751e8b465ee728b)
Number of updated assets reloaded before import = 0
Start importing Assets/04.Sprites/Tiles/grass_center_E.png using Guid(5feab04ae7c4c0c43a117e42a8c8b7f0) Importer(815301076,1909f56bfc062723c751e8b465ee728b)  -> (artifact id: '01984da4fe81fd1a5dbe8bec4adef8b7') in 0.019551 seconds 
Number of asset objects unloaded after import = 3
========================================================================
Received Import Request.
  Time since last request: 0.000022 seconds.
  path: Assets/04.Sprites/Tiles/dirt_low_S.png
  artifactKey: Guid(494ddc1485b4f46498a9eb9d08b5bebc) Importer(815301076,1909f56bfc062723c751e8b465ee728b)
Number of updated assets reloaded before import = 0
Start importing Assets/04.Sprites/Tiles/dirt_low_S.png using Guid(494ddc1485b4f46498a9eb9d08b5bebc) Importer(815301076,1909f56bfc062723c751e8b465ee728b)  -> (artifact id: '1529374d7b807e1eb871bd627d2df9c1') in 0.020461 seconds 
Number of asset objects unloaded after import = 3
========================================================================
Received Import Request.
  Time since last request: 0.393359 seconds.
  path: Assets/04.Sprites/Tiles/grass_path_S.png
  artifactKey: Guid(2eaff5233de29394994734d064bfed7f) Importer(815301076,1909f56bfc062723c751e8b465ee728b)
Number of updated assets reloaded before import = 0
Start importing Assets/04.Sprites/Tiles/grass_path_S.png using Guid(2eaff5233de29394994734d064bfed7f) Importer(815301076,1909f56bfc062723c751e8b465ee728b)  -> (artifact id: 'de862347ea5b4ffa4810fae8ea1f9883') in 0.023866 seconds 
Number of asset objects unloaded after import = 3
========================================================================
Received Import Request.
  Time since last request: 0.000029 seconds.
  path: Assets/04.Sprites/Tiles/grass_pathCrossing_E.png
  artifactKey: Guid(c7cc96834af2cd746920b8fcc12975b6) Importer(815301076,1909f56bfc062723c751e8b465ee728b)
Number of updated assets reloaded before import = 0
Start importing Assets/04.Sprites/Tiles/grass_pathCrossing_E.png using Guid(c7cc96834af2cd746920b8fcc12975b6) Importer(815301076,1909f56bfc062723c751e8b465ee728b)  -> (artifact id: 'f6c5596e078135efa0a187b77a4ea0d2') in 0.020410 seconds 
Number of asset objects unloaded after import = 3
========================================================================
Received Import Request.
  Time since last request: 0.022466 seconds.
  path: Assets/04.Sprites/Tiles/grass_pathCrossing_N.png
  artifactKey: Guid(d39496e6a7b69b7429bf3064a5f11760) Importer(815301076,1909f56bfc062723c751e8b465ee728b)
Number of updated assets reloaded before import = 0
Start importing Assets/04.Sprites/Tiles/grass_pathCrossing_N.png using Guid(d39496e6a7b69b7429bf3064a5f11760) Importer(815301076,1909f56bfc062723c751e8b465ee728b)  -> (artifact id: '38ba2bb8d3276a88b3f77a4bf264560b') in 0.027296 seconds 
Number of asset objects unloaded after import = 3
========================================================================
Received Import Request.
  Time since last request: 0.489242 seconds.
  path: Assets/04.Sprites/Tiles/grass_pathSlope_E.png
  artifactKey: Guid(e2890fe01789de34299bbcad2aefdde7) Importer(815301076,1909f56bfc062723c751e8b465ee728b)
Number of updated assets reloaded before import = 0
Start importing Assets/04.Sprites/Tiles/grass_pathSlope_E.png using Guid(e2890fe01789de34299bbcad2aefdde7) Importer(815301076,1909f56bfc062723c751e8b465ee728b)  -> (artifact id: '3bb0657feb6af88ef948a5c7a59d2c17') in 0.027558 seconds 
Number of asset objects unloaded after import = 3
========================================================================
Received Import Request.
  Time since last request: 0.000019 seconds.
  path: Assets/04.Sprites/Tiles/grass_pathSplit_W.png
  artifactKey: Guid(2d49b6666d77b5f418d6239b7f657d63) Importer(815301076,1909f56bfc062723c751e8b465ee728b)
Number of updated assets reloaded before import = 0
Start importing Assets/04.Sprites/Tiles/grass_pathSplit_W.png using Guid(2d49b6666d77b5f418d6239b7f657d63) Importer(815301076,1909f56bfc062723c751e8b465ee728b)  -> (artifact id: '43740177e075d3625bca7d2b29bdc830') in 0.022184 seconds 
Number of asset objects unloaded after import = 3
========================================================================
Received Import Request.
  Time since last request: 0.016076 seconds.
  path: Assets/04.Sprites/Tiles/grass_river_W.png
  artifactKey: Guid(8026e7b27abea7d48bb1f3ca994ea26a) Importer(815301076,1909f56bfc062723c751e8b465ee728b)
Number of updated assets reloaded before import = 0
Start importing Assets/04.Sprites/Tiles/grass_river_W.png using Guid(8026e7b27abea7d48bb1f3ca994ea26a) Importer(815301076,1909f56bfc062723c751e8b465ee728b)  -> (artifact id: '629f805f19eb7aa1d725be390f0995bb') in 0.026489 seconds 
Number of asset objects unloaded after import = 3
========================================================================
Received Import Request.
  Time since last request: 0.000021 seconds.
  path: Assets/04.Sprites/Tiles/grass_riverCorner_E.png
  artifactKey: Guid(74ca480d0c4cb3546bf2a17f430bf084) Importer(815301076,1909f56bfc062723c751e8b465ee728b)
Number of updated assets reloaded before import = 0
Start importing Assets/04.Sprites/Tiles/grass_riverCorner_E.png using Guid(74ca480d0c4cb3546bf2a17f430bf084) Importer(815301076,1909f56bfc062723c751e8b465ee728b)  -> (artifact id: '992b62b536ab0160fe8c5b0165ebfd60') in 0.020526 seconds 
Number of asset objects unloaded after import = 3
========================================================================
Received Import Request.
  Time since last request: 0.922664 seconds.
  path: Assets/04.Sprites/Tiles/grass_riverCorner_S.png
  artifactKey: Guid(a5b74ff1d9d97b9438265af4e1b1c8be) Importer(815301076,1909f56bfc062723c751e8b465ee728b)
Number of updated assets reloaded before import = 0
Start importing Assets/04.Sprites/Tiles/grass_riverCorner_S.png using Guid(a5b74ff1d9d97b9438265af4e1b1c8be) Importer(815301076,1909f56bfc062723c751e8b465ee728b)  -> (artifact id: '6e9549cda3d6abbba81020df90c91997') in 0.029350 seconds 
Number of asset objects unloaded after import = 3
========================================================================
Received Import Request.
  Time since last request: 0.000017 seconds.
  path: Assets/04.Sprites/Tiles/grass_riverEnd_W.png
  artifactKey: Guid(53cdb95d52f1e4c46bba91f1d8bfefb5) Importer(815301076,1909f56bfc062723c751e8b465ee728b)
Number of updated assets reloaded before import = 0
Start importing Assets/04.Sprites/Tiles/grass_riverEnd_W.png using Guid(53cdb95d52f1e4c46bba91f1d8bfefb5) Importer(815301076,1909f56bfc062723c751e8b465ee728b)  -> (artifact id: 'cb39d830ce28f217adcb94f5fb650abd') in 0.022263 seconds 
Number of asset objects unloaded after import = 3
========================================================================
Received Import Request.
  Time since last request: 0.007932 seconds.
  path: Assets/04.Sprites/Tiles/grass_riverEndSquare_N.png
  artifactKey: Guid(c89c71303b3da1543aa23fe4d1cc2947) Importer(815301076,1909f56bfc062723c751e8b465ee728b)
Number of updated assets reloaded before import = 0
Start importing Assets/04.Sprites/Tiles/grass_riverEndSquare_N.png using Guid(c89c71303b3da1543aa23fe4d1cc2947) Importer(815301076,1909f56bfc062723c751e8b465ee728b)  -> (artifact id: '88fd9a6a4cf2097baa6a952fc780bc8f') in 0.021199 seconds 
Number of asset objects unloaded after import = 3
========================================================================
Received Import Request.
  Time since last request: 0.000018 seconds.
  path: Assets/04.Sprites/Tiles/grass_riverSplit_S.png
  artifactKey: Guid(c40959b17cabf7e47b5ed618c94ecf08) Importer(815301076,1909f56bfc062723c751e8b465ee728b)
Number of updated assets reloaded before import = 0
Start importing Assets/04.Sprites/Tiles/grass_riverSplit_S.png using Guid(c40959b17cabf7e47b5ed618c94ecf08) Importer(815301076,1909f56bfc062723c751e8b465ee728b)  -> (artifact id: '468e00df5b571f7e9cc0bcd1db282039') in 0.021015 seconds 
Number of asset objects unloaded after import = 3
========================================================================
Received Import Request.
  Time since last request: 0.393220 seconds.
  path: Assets/04.Sprites/Tiles/grass_slope_E.png
  artifactKey: Guid(450ac885d169f674a848bfb7e763b1d1) Importer(815301076,1909f56bfc062723c751e8b465ee728b)
Number of updated assets reloaded before import = 0
Start importing Assets/04.Sprites/Tiles/grass_slope_E.png using Guid(450ac885d169f674a848bfb7e763b1d1) Importer(815301076,1909f56bfc062723c751e8b465ee728b)  -> (artifact id: '776eff26e826e8cbc9e0c5955ac67682') in 0.029062 seconds 
Number of asset objects unloaded after import = 3
========================================================================
Received Import Request.
  Time since last request: 0.000015 seconds.
  path: Assets/04.Sprites/Tiles/grass_slopeConvex_N.png
  artifactKey: Guid(847a9aa34b3716844b3afd3e31415d8a) Importer(815301076,1909f56bfc062723c751e8b465ee728b)
Number of updated assets reloaded before import = 0
Start importing Assets/04.Sprites/Tiles/grass_slopeConvex_N.png using Guid(847a9aa34b3716844b3afd3e31415d8a) Importer(815301076,1909f56bfc062723c751e8b465ee728b)  -> (artifact id: 'ce4f65c916627a245a6902463a2fbbdf') in 0.019955 seconds 
Number of asset objects unloaded after import = 3
========================================================================
Received Import Request.
  Time since last request: 0.010161 seconds.
  path: Assets/04.Sprites/Tiles/grass_slopeConvex_W.png
  artifactKey: Guid(7dcff505eec297c4280d77fe460be258) Importer(815301076,1909f56bfc062723c751e8b465ee728b)
Number of updated assets reloaded before import = 0
Start importing Assets/04.Sprites/Tiles/grass_slopeConvex_W.png using Guid(7dcff505eec297c4280d77fe460be258) Importer(815301076,1909f56bfc062723c751e8b465ee728b)  -> (artifact id: '3ee71961220868489b331d58f3338917') in 0.018862 seconds 
Number of asset objects unloaded after import = 3
========================================================================
Received Import Request.
  Time since last request: 0.000021 seconds.
  path: Assets/04.Sprites/Tiles/grass_waterConcave_S.png
  artifactKey: Guid(a6a4283deb4fdf14c8133a31bc59e366) Importer(815301076,1909f56bfc062723c751e8b465ee728b)
Number of updated assets reloaded before import = 0
Start importing Assets/04.Sprites/Tiles/grass_waterConcave_S.png using Guid(a6a4283deb4fdf14c8133a31bc59e366) Importer(815301076,1909f56bfc062723c751e8b465ee728b)  -> (artifact id: 'eb410273e9216220cb7a6208fb8ffdea') in 0.047626 seconds 
Number of asset objects unloaded after import = 3
========================================================================
Received Import Request.
  Time since last request: 0.000013 seconds.
  path: Assets/04.Sprites/Tiles/grass_waterConvex_W.png
  artifactKey: Guid(4c602bf4abdfe3a47bedb78047a3bf74) Importer(815301076,1909f56bfc062723c751e8b465ee728b)
Number of updated assets reloaded before import = 0
Start importing Assets/04.Sprites/Tiles/grass_waterConvex_W.png using Guid(4c602bf4abdfe3a47bedb78047a3bf74) Importer(815301076,1909f56bfc062723c751e8b465ee728b)  -> (artifact id: '86a2539538f6cb3a0b2460225e1d1469') in 0.025034 seconds 
Number of asset objects unloaded after import = 3
========================================================================
Received Import Request.
  Time since last request: 0.203886 seconds.
  path: Assets/04.Sprites/Tiles/rocks_grass_N.png
  artifactKey: Guid(b6953192262fcc94ca35d5ca2f58ee55) Importer(815301076,1909f56bfc062723c751e8b465ee728b)
Number of updated assets reloaded before import = 0
Start importing Assets/04.Sprites/Tiles/rocks_grass_N.png using Guid(b6953192262fcc94ca35d5ca2f58ee55) Importer(815301076,1909f56bfc062723c751e8b465ee728b)  -> (artifact id: 'f26f2f85b6d60cca693aa1fb73a9d53d') in 0.025427 seconds 
Number of asset objects unloaded after import = 3
========================================================================
Received Import Request.
  Time since last request: 0.000017 seconds.
  path: Assets/04.Sprites/Tiles/roof_churchBrown_E.png
  artifactKey: Guid(a890a68cfc7ba1248aa9e4363368f3a4) Importer(815301076,1909f56bfc062723c751e8b465ee728b)
Number of updated assets reloaded before import = 0
Start importing Assets/04.Sprites/Tiles/roof_churchBrown_E.png using Guid(a890a68cfc7ba1248aa9e4363368f3a4) Importer(815301076,1909f56bfc062723c751e8b465ee728b)  -> (artifact id: 'f80f611e364ef3816c175d6c86730032') in 0.018231 seconds 
Number of asset objects unloaded after import = 3
========================================================================
Received Import Request.
  Time since last request: 0.004740 seconds.
  path: Assets/04.Sprites/Tiles/roof_churchGreen_E.png
  artifactKey: Guid(b21e0463eaa7f7745b1ed99dca73e52a) Importer(815301076,1909f56bfc062723c751e8b465ee728b)
Number of updated assets reloaded before import = 0
Start importing Assets/04.Sprites/Tiles/roof_churchGreen_E.png using Guid(b21e0463eaa7f7745b1ed99dca73e52a) Importer(815301076,1909f56bfc062723c751e8b465ee728b)  -> (artifact id: 'b333044a8086db044f7ac72722ab56b3') in 0.023190 seconds 
Number of asset objects unloaded after import = 3
========================================================================
Received Import Request.
  Time since last request: 0.000016 seconds.
  path: Assets/04.Sprites/Tiles/roof_churchPurple_W.png
  artifactKey: Guid(ee02bb9c0845c7b4f8a79d7594175d9e) Importer(815301076,1909f56bfc062723c751e8b465ee728b)
Number of updated assets reloaded before import = 0
Start importing Assets/04.Sprites/Tiles/roof_churchPurple_W.png using Guid(ee02bb9c0845c7b4f8a79d7594175d9e) Importer(815301076,1909f56bfc062723c751e8b465ee728b)  -> (artifact id: 'd88281a8aa76b7e0baa91c0cfa4c555e') in 0.019999 seconds 
Number of asset objects unloaded after import = 3
Editor requested this worker to shutdown with reason: Scaling down because of idle timeout
AssetImportWorker is now disconnected from the server
Process exiting
Exiting without the bug reporter. Application will terminate with return code 0