Using pre-set license
Built from '2021.3/staging' branch; Version is '2021.3.31f1 (3409e2af086f) revision 3410402'; Using compiler version '192829333'; Build Type 'Release'
OS: 'Windows 10  (10.0.19045) 64bit Core' Language: 'ko' Physical Memory: 16139 MB
BatchMode: 1, IsHumanControllingUs: 0, StartBugReporterOnCrash: 0, Is64bit: 1, IsPro: 1

COMMAND LINE ARGUMENTS:
D:\UnityEditorDownload\2021.3.31f1\Editor\Unity.exe
-adb2
-batchMode
-noUpm
-name
AssetImportWorker16
-projectPath
D:/Project archive/Log6/HoneyComb
-logFile
Logs/AssetImportWorker16.log
-srvPort
8576
Successfully changed project path to: D:/Project archive/Log6/HoneyComb
D:/Project archive/Log6/HoneyComb
[UnityMemory] Configuration Parameters - Can be set up in boot.config
    "memorysetup-bucket-allocator-granularity=16"
    "memorysetup-bucket-allocator-bucket-count=8"
    "memorysetup-bucket-allocator-block-size=33554432"
    "memorysetup-bucket-allocator-block-count=8"
    "memorysetup-main-allocator-block-size=16777216"
    "memorysetup-thread-allocator-block-size=16777216"
    "memorysetup-gfx-main-allocator-block-size=16777216"
    "memorysetup-gfx-thread-allocator-block-size=16777216"
    "memorysetup-cache-allocator-block-size=4194304"
    "memorysetup-typetree-allocator-block-size=2097152"
    "memorysetup-profiler-bucket-allocator-granularity=16"
    "memorysetup-profiler-bucket-allocator-bucket-count=8"
    "memorysetup-profiler-bucket-allocator-block-size=33554432"
    "memorysetup-profiler-bucket-allocator-block-count=8"
    "memorysetup-profiler-allocator-block-size=16777216"
    "memorysetup-profiler-editor-allocator-block-size=1048576"
    "memorysetup-temp-allocator-size-main=16777216"
    "memorysetup-job-temp-allocator-block-size=2097152"
    "memorysetup-job-temp-allocator-block-size-background=1048576"
    "memorysetup-job-temp-allocator-reduction-small-platforms=262144"
    "memorysetup-temp-allocator-size-background-worker=32768"
    "memorysetup-temp-allocator-size-job-worker=262144"
    "memorysetup-temp-allocator-size-preload-manager=33554432"
    "memorysetup-temp-allocator-size-nav-mesh-worker=65536"
    "memorysetup-temp-allocator-size-audio-worker=65536"
    "memorysetup-temp-allocator-size-cloud-worker=32768"
    "memorysetup-temp-allocator-size-gi-baking-worker=262144"
    "memorysetup-temp-allocator-size-gfx=262144"
Player connection [32788] Host "[IP] 192.168.219.131 [Port] 0 [Flags] 2 [Guid] 2403297157 [EditorId] 2403297157 [Version] 1048832 [Id] WindowsEditor(7,DESKTOP-EDV24H0) [Debug] 1 [PackageName] WindowsEditor [ProjectName] Editor" joined multi-casting on [225.0.0.222:54997]...

Player connection [32788] Host "[IP] 192.168.219.131 [Port] 0 [Flags] 2 [Guid] 2403297157 [EditorId] 2403297157 [Version] 1048832 [Id] WindowsEditor(7,DESKTOP-EDV24H0) [Debug] 1 [PackageName] WindowsEditor [ProjectName] Editor" joined alternative multi-casting on [225.0.0.222:34997]...

[Physics::Module] Initialized MultithreadedJobDispatcher with {0} workers.
Refreshing native plugins compatible for Editor in 100.23 ms, found 4 plugins.
Preloading 0 native plugins for Editor in 0.00 ms.
Initialize engine version: 2021.3.31f1 (3409e2af086f)
[Subsystems] Discovering subsystems at path D:/UnityEditorDownload/2021.3.31f1/Editor/Data/Resources/UnitySubsystems
[Subsystems] Discovering subsystems at path D:/Project archive/Log6/HoneyComb/Assets
GfxDevice: creating device client; threaded=0; jobified=0
Direct3D:
    Version:  Direct3D 11.0 [level 11.1]
    Renderer: NVIDIA GeForce RTX 3060 (ID=0x2504)
    Vendor:   NVIDIA
    VRAM:     12115 MB
    Driver:   32.0.15.6070
Initialize mono
Mono path[0] = 'D:/UnityEditorDownload/2021.3.31f1/Editor/Data/Managed'
Mono path[1] = 'D:/UnityEditorDownload/2021.3.31f1/Editor/Data/MonoBleedingEdge/lib/mono/unityjit-win32'
Mono config path = 'D:/UnityEditorDownload/2021.3.31f1/Editor/Data/MonoBleedingEdge/etc'
Using monoOptions --debugger-agent=transport=dt_socket,embedding=1,server=y,suspend=n,address=127.0.0.1:56200
Begin MonoManager ReloadAssembly
Registering precompiled unity dll's ...
Register platform support module: D:/UnityEditorDownload/2021.3.31f1/Editor/Data/PlaybackEngines/AndroidPlayer/UnityEditor.Android.Extensions.dll
Register platform support module: D:/UnityEditorDownload/2021.3.31f1/Editor/Data/PlaybackEngines/iOSSupport/UnityEditor.iOS.Extensions.dll
Register platform support module: D:/UnityEditorDownload/2021.3.31f1/Editor/Data/PlaybackEngines/WindowsStandaloneSupport/UnityEditor.WindowsStandalone.Extensions.dll
Registered in 0.002787 seconds.
Native extension for WindowsStandalone target not found
[usbmuxd] Start listen thread
[usbmuxd] Listen thread started
Native extension for iOS target not found
Native extension for Android target not found
Android Extension - Scanning For ADB Devices 276 ms
Refreshing native plugins compatible for Editor in 65.16 ms, found 4 plugins.
Preloading 0 native plugins for Editor in 0.00 ms.
Mono: successfully reloaded assembly
- Completed reload, in  0.821 seconds
Domain Reload Profiling:
	ReloadAssembly (822ms)
		BeginReloadAssembly (58ms)
			ExecutionOrderSort (0ms)
			DisableScriptedObjects (0ms)
			BackupInstance (0ms)
			ReleaseScriptingObjects (0ms)
			CreateAndSetChildDomain (0ms)
		EndReloadAssembly (687ms)
			LoadAssemblies (59ms)
			RebuildTransferFunctionScriptingTraits (0ms)
			SetupTypeCache (90ms)
			ReleaseScriptCaches (0ms)
			RebuildScriptCaches (38ms)
			SetupLoadedEditorAssemblies (527ms)
				LogAssemblyErrors (0ms)
				InitializePlatformSupportModulesInManaged (351ms)
				SetLoadedEditorAssemblies (0ms)
				RefreshPlugins (65ms)
				BeforeProcessingInitializeOnLoad (1ms)
				ProcessInitializeOnLoadAttributes (72ms)
				ProcessInitializeOnLoadMethodAttributes (37ms)
				AfterProcessingInitializeOnLoad (0ms)
				EditorAssembliesLoaded (0ms)
			ExecutionOrderSort2 (0ms)
			AwakeInstancesAfterBackupRestoration (0ms)
Platform modules already initialized, skipping
Registering precompiled user dll's ...
Registered in 0.004022 seconds.
Begin MonoManager ReloadAssembly
Native extension for WindowsStandalone target not found
Native extension for iOS target not found
Native extension for Android target not found
Refreshing native plugins compatible for Editor in 123.11 ms, found 4 plugins.
Preloading 0 native plugins for Editor in 0.00 ms.
Package Manager log level set to [2]
[Package Manager] Server::EnsureServerProcessIsRunning -- launch failed, reason: Unity was launched with the -noUpm command-line argument
[Package Manager] Cannot connect to Unity Package Manager local server
Mono: successfully reloaded assembly
- Completed reload, in  1.457 seconds
Domain Reload Profiling:
	ReloadAssembly (1458ms)
		BeginReloadAssembly (93ms)
			ExecutionOrderSort (0ms)
			DisableScriptedObjects (5ms)
			BackupInstance (0ms)
			ReleaseScriptingObjects (0ms)
			CreateAndSetChildDomain (17ms)
		EndReloadAssembly (1280ms)
			LoadAssemblies (74ms)
			RebuildTransferFunctionScriptingTraits (0ms)
			SetupTypeCache (219ms)
			ReleaseScriptCaches (1ms)
			RebuildScriptCaches (58ms)
			SetupLoadedEditorAssemblies (897ms)
				LogAssemblyErrors (0ms)
				InitializePlatformSupportModulesInManaged (23ms)
				SetLoadedEditorAssemblies (0ms)
				RefreshPlugins (123ms)
				BeforeProcessingInitializeOnLoad (90ms)
				ProcessInitializeOnLoadAttributes (616ms)
				ProcessInitializeOnLoadMethodAttributes (41ms)
				AfterProcessingInitializeOnLoad (2ms)
				EditorAssembliesLoaded (0ms)
			ExecutionOrderSort2 (0ms)
			AwakeInstancesAfterBackupRestoration (5ms)
Platform modules already initialized, skipping
========================================================================
Worker process is ready to serve import requests
Launched and connected shader compiler UnityShaderCompiler.exe after 0.04 seconds
Refreshing native plugins compatible for Editor in 0.56 ms, found 4 plugins.
Preloading 0 native plugins for Editor in 0.00 ms.
Unloading 4432 Unused Serialized files (Serialized files now loaded: 0)
Unloading 52 unused Assets / (119.7 KB). Loaded Objects now: 4893.
Memory consumption went from 173.6 MB to 173.5 MB.
Total: 1.883900 ms (FindLiveObjects: 0.159100 ms CreateObjectMapping: 0.061000 ms MarkObjects: 1.597600 ms  DeleteObjects: 0.065400 ms)

AssetImportParameters requested are different than current active one (requested -> active):
  custom:video-decoder-ogg-theora: a1e56fd34408186e4bbccfd4996cb3dc -> 
  custom:container-muxer-webm: aa71ff27fc2769a1b78a27578f13a17b -> 
  custom:container-demuxer-webm: 4f35f7cbe854078d1ac9338744f61a02 -> 
  custom:video-encoder-webm-vp8: eb34c28f22e8b96e1ab97ce403110664 -> 
  custom:CustomObjectIndexerAttribute: bc11b3a6c3213fcdd17b65e7da85e133 -> 
  custom:audio-encoder-webm-vorbis: bf7c407c2cedff20999df2af8eb42d56 -> 
  custom:framework-win-MediaFoundation: 216162199b28c13a410421893ffa2e32 -> 
  custom:SearchIndexIgnoredProperties: e643bd26f0fe6173181afceb89e7c659 -> 
  custom:container-demuxer-ogg: 62fdf1f143b41e24485cea50d1cbac27 -> 
  custom:video-decoder-webm-vp8: 9c59270c3fd7afecdb556c50c9e8de78 -> 
  custom:audio-decoder-ogg-vorbis: bf7c407c2cedff20999df2af8eb42d56 -> 
========================================================================
Received Import Request.
  Time since last request: 436477.418656 seconds.
  path: Assets/04.Sprites/0.Player/NewSprite/hammer_motion_v0.5.png
  artifactKey: Guid(c9329b6c5aa13b84685dfc37511d2f6f) Importer(815301076,1909f56bfc062723c751e8b465ee728b)
Number of updated assets reloaded before import = 0
Start importing Assets/04.Sprites/0.Player/NewSprite/hammer_motion_v0.5.png using Guid(c9329b6c5aa13b84685dfc37511d2f6f) Importer(815301076,1909f56bfc062723c751e8b465ee728b)  -> (artifact id: 'c26ed610d9eb3d0880a958576533a7e2') in 0.080678 seconds 
Number of asset objects unloaded after import = 3
========================================================================
Received Import Request.
  Time since last request: 13.768385 seconds.
  path: Assets/04.Sprites/0.Player/NewSprite/hammer_motion_v0.5.png
  artifactKey: Guid(c9329b6c5aa13b84685dfc37511d2f6f) Importer(815301076,1909f56bfc062723c751e8b465ee728b)
Number of updated assets reloaded before import = 0
Start importing Assets/04.Sprites/0.Player/NewSprite/hammer_motion_v0.5.png using Guid(c9329b6c5aa13b84685dfc37511d2f6f) Importer(815301076,1909f56bfc062723c751e8b465ee728b)  -> (artifact id: '3c2996f4e49a36791f552c0d6421df1c') in 0.011840 seconds 
Number of asset objects unloaded after import = 2
========================================================================
Received Import Request.
  Time since last request: 596.874483 seconds.
  path: Assets/04.Sprites/0.Player/cross_motion.png
  artifactKey: Guid(9748f050451e14744be805f2202f1a9f) Importer(815301076,1909f56bfc062723c751e8b465ee728b)
Number of updated assets reloaded before import = 0
Start importing Assets/04.Sprites/0.Player/cross_motion.png using Guid(9748f050451e14744be805f2202f1a9f) Importer(815301076,1909f56bfc062723c751e8b465ee728b)  -> (artifact id: 'adfc7216bbac3bf4fc1c8dfd68d0a9bc') in 0.070956 seconds 
Number of asset objects unloaded after import = 8
========================================================================
Received Import Request.
  Time since last request: 0.000022 seconds.
  path: Assets/04.Sprites/0.Player/dead_motion.png
  artifactKey: Guid(926a8176b7e293f4484415ae33e94be8) Importer(815301076,1909f56bfc062723c751e8b465ee728b)
Number of updated assets reloaded before import = 0
Start importing Assets/04.Sprites/0.Player/dead_motion.png using Guid(926a8176b7e293f4484415ae33e94be8) Importer(815301076,1909f56bfc062723c751e8b465ee728b)  -> (artifact id: 'ef7f67edcb8f5f8413aadba6056ad40b') in 0.115009 seconds 
Number of asset objects unloaded after import = 20
========================================================================
Received Import Request.
  Time since last request: 0.000023 seconds.
  path: Assets/04.Sprites/0.Player/idle 2.png
  artifactKey: Guid(df7349194a3d61d479baba83490dad67) Importer(815301076,1909f56bfc062723c751e8b465ee728b)
Number of updated assets reloaded before import = 0
Start importing Assets/04.Sprites/0.Player/idle 2.png using Guid(df7349194a3d61d479baba83490dad67) Importer(815301076,1909f56bfc062723c751e8b465ee728b)  -> (artifact id: '8731baeaba62a3312278237b20aa01b2') in 0.021928 seconds 
Number of asset objects unloaded after import = 13
========================================================================
Received Import Request.
  Time since last request: 0.000014 seconds.
  path: Assets/04.Sprites/0.Player/uppercut_motion.png
  artifactKey: Guid(d5be1b8b8adf6554aafc8d8d62571791) Importer(815301076,1909f56bfc062723c751e8b465ee728b)
Number of updated assets reloaded before import = 0
Start importing Assets/04.Sprites/0.Player/uppercut_motion.png using Guid(d5be1b8b8adf6554aafc8d8d62571791) Importer(815301076,1909f56bfc062723c751e8b465ee728b)  -> (artifact id: '5345e6819e7351fdb0fed67d98383e8e') in 0.046889 seconds 
Number of asset objects unloaded after import = 9
========================================================================
Received Import Request.
  Time since last request: 4.796406 seconds.
  path: Assets/04.Sprites/0.Player/hit_motion.png
  artifactKey: Guid(03f0b7647daa05348b382c2f2d13dc95) Importer(815301076,1909f56bfc062723c751e8b465ee728b)
Number of updated assets reloaded before import = 0
Start importing Assets/04.Sprites/0.Player/hit_motion.png using Guid(03f0b7647daa05348b382c2f2d13dc95) Importer(815301076,1909f56bfc062723c751e8b465ee728b)  -> (artifact id: '3588e3d8122608b251e1d330374a8118') in 0.025007 seconds 
Number of asset objects unloaded after import = 6
========================================================================
Received Import Request.
  Time since last request: 0.000018 seconds.
  path: Assets/04.Sprites/0.Player/run_motion.png
  artifactKey: Guid(c61ecadef4b92344992dca94c04d8740) Importer(815301076,1909f56bfc062723c751e8b465ee728b)
Number of updated assets reloaded before import = 0
Start importing Assets/04.Sprites/0.Player/run_motion.png using Guid(c61ecadef4b92344992dca94c04d8740) Importer(815301076,1909f56bfc062723c751e8b465ee728b)  -> (artifact id: 'ad2009124b34f5f8fa09d5f7c49d1bea') in 0.054203 seconds 
Number of asset objects unloaded after import = 8
========================================================================
Received Import Request.
  Time since last request: 0.000025 seconds.
  path: Assets/04.Sprites/0.Player/jab_motion.png
  artifactKey: Guid(43158728dc7e2e74aa833e355ff87266) Importer(815301076,1909f56bfc062723c751e8b465ee728b)
Number of updated assets reloaded before import = 0
Start importing Assets/04.Sprites/0.Player/jab_motion.png using Guid(43158728dc7e2e74aa833e355ff87266) Importer(815301076,1909f56bfc062723c751e8b465ee728b)  -> (artifact id: '34a2d1c904ceb3a08801f19fcd092d5b') in 0.056246 seconds 
Number of asset objects unloaded after import = 7
========================================================================
Received Import Request.
  Time since last request: 8.350094 seconds.
  path: Assets/04.Sprites/0.Player/hit_motion.png
  artifactKey: Guid(03f0b7647daa05348b382c2f2d13dc95) Importer(815301076,1909f56bfc062723c751e8b465ee728b)
Number of updated assets reloaded before import = 0
Start importing Assets/04.Sprites/0.Player/hit_motion.png using Guid(03f0b7647daa05348b382c2f2d13dc95) Importer(815301076,1909f56bfc062723c751e8b465ee728b)  -> (artifact id: 'dd4e3210839248b5dca76467e3cacfdf') in 0.070310 seconds 
Number of asset objects unloaded after import = 6
========================================================================
Received Import Request.
  Time since last request: 0.000014 seconds.
  path: Assets/04.Sprites/0.Player/run_motion.png
  artifactKey: Guid(c61ecadef4b92344992dca94c04d8740) Importer(815301076,1909f56bfc062723c751e8b465ee728b)
Number of updated assets reloaded before import = 0
Start importing Assets/04.Sprites/0.Player/run_motion.png using Guid(c61ecadef4b92344992dca94c04d8740) Importer(815301076,1909f56bfc062723c751e8b465ee728b)  -> (artifact id: '2f920f5870c391513c8aa2265c498999') in 0.171189 seconds 
Number of asset objects unloaded after import = 8
========================================================================
Received Import Request.
  Time since last request: 18.306862 seconds.
  path: Assets/04.Sprites/0.Player/hit_motion.png
  artifactKey: Guid(03f0b7647daa05348b382c2f2d13dc95) Importer(815301076,1909f56bfc062723c751e8b465ee728b)
Number of updated assets reloaded before import = 0
Start importing Assets/04.Sprites/0.Player/hit_motion.png using Guid(03f0b7647daa05348b382c2f2d13dc95) Importer(815301076,1909f56bfc062723c751e8b465ee728b)  -> (artifact id: '4e3836ea16de5f6d7839cc46537d818f') in 0.071102 seconds 
Number of asset objects unloaded after import = 6
========================================================================
Received Import Request.
  Time since last request: 0.000013 seconds.
  path: Assets/04.Sprites/0.Player/run_motion.png
  artifactKey: Guid(c61ecadef4b92344992dca94c04d8740) Importer(815301076,1909f56bfc062723c751e8b465ee728b)
Number of updated assets reloaded before import = 0
Start importing Assets/04.Sprites/0.Player/run_motion.png using Guid(c61ecadef4b92344992dca94c04d8740) Importer(815301076,1909f56bfc062723c751e8b465ee728b)  -> (artifact id: '4f5a0adaa3af0a2d892624167660767e') in 0.095176 seconds 
Number of asset objects unloaded after import = 8
========================================================================
Received Import Request.
  Time since last request: 0.000017 seconds.
  path: Assets/04.Sprites/0.Player/uppercut_motion.png
  artifactKey: Guid(d5be1b8b8adf6554aafc8d8d62571791) Importer(815301076,1909f56bfc062723c751e8b465ee728b)
Number of updated assets reloaded before import = 0
Start importing Assets/04.Sprites/0.Player/uppercut_motion.png using Guid(d5be1b8b8adf6554aafc8d8d62571791) Importer(815301076,1909f56bfc062723c751e8b465ee728b)  -> (artifact id: '92a45e82b137800cd853f820ecefa02c') in 0.095500 seconds 
Number of asset objects unloaded after import = 9
========================================================================
Received Import Request.
  Time since last request: 22.684408 seconds.
  path: Assets/04.Sprites/0.Player/jab_motion.png
  artifactKey: Guid(43158728dc7e2e74aa833e355ff87266) Importer(815301076,1909f56bfc062723c751e8b465ee728b)
Number of updated assets reloaded before import = 0
Start importing Assets/04.Sprites/0.Player/jab_motion.png using Guid(43158728dc7e2e74aa833e355ff87266) Importer(815301076,1909f56bfc062723c751e8b465ee728b)  -> (artifact id: 'ce66a51402601276424a475815f8a330') in 0.078048 seconds 
Number of asset objects unloaded after import = 7
========================================================================
Received Import Request.
  Time since last request: 24.098801 seconds.
  path: Assets/04.Sprites/0.Player/hit_motion.png
  artifactKey: Guid(03f0b7647daa05348b382c2f2d13dc95) Importer(815301076,1909f56bfc062723c751e8b465ee728b)
Number of updated assets reloaded before import = 0
Start importing Assets/04.Sprites/0.Player/hit_motion.png using Guid(03f0b7647daa05348b382c2f2d13dc95) Importer(815301076,1909f56bfc062723c751e8b465ee728b)  -> (artifact id: 'b78bcdeb366b0ad838224fc54142d845') in 0.085610 seconds 
Number of asset objects unloaded after import = 6
========================================================================
Received Import Request.
  Time since last request: 0.000017 seconds.
  path: Assets/04.Sprites/0.Player/run_motion.png
  artifactKey: Guid(c61ecadef4b92344992dca94c04d8740) Importer(815301076,1909f56bfc062723c751e8b465ee728b)
Number of updated assets reloaded before import = 0
Start importing Assets/04.Sprites/0.Player/run_motion.png using Guid(c61ecadef4b92344992dca94c04d8740) Importer(815301076,1909f56bfc062723c751e8b465ee728b)  -> (artifact id: '9638fb184b3fb63ebf83a6592c9d4926') in 0.134014 seconds 
Number of asset objects unloaded after import = 8
========================================================================
Received Import Request.
  Time since last request: 51.958726 seconds.
  path: Assets/04.Sprites/0.Player/hit_motion.png
  artifactKey: Guid(03f0b7647daa05348b382c2f2d13dc95) Importer(815301076,1909f56bfc062723c751e8b465ee728b)
Number of updated assets reloaded before import = 0
Start importing Assets/04.Sprites/0.Player/hit_motion.png using Guid(03f0b7647daa05348b382c2f2d13dc95) Importer(815301076,1909f56bfc062723c751e8b465ee728b)  -> (artifact id: '4ac47ea4011689b1742123934df89fe0') in 0.025228 seconds 
Number of asset objects unloaded after import = 6
========================================================================
Received Import Request.
  Time since last request: 0.000017 seconds.
  path: Assets/04.Sprites/0.Player/run_motion.png
  artifactKey: Guid(c61ecadef4b92344992dca94c04d8740) Importer(815301076,1909f56bfc062723c751e8b465ee728b)
Number of updated assets reloaded before import = 0
Start importing Assets/04.Sprites/0.Player/run_motion.png using Guid(c61ecadef4b92344992dca94c04d8740) Importer(815301076,1909f56bfc062723c751e8b465ee728b)  -> (artifact id: '50ff44e86050ece72d8a8af3654a0c42') in 0.037848 seconds 
Number of asset objects unloaded after import = 8
Editor requested this worker to shutdown with reason: Scaling down because of idle timeout
AssetImportWorker is now disconnected from the server
Process exiting
Exiting without the bug reporter. Application will terminate with return code 0