Using pre-set license
Built from '2021.3/staging' branch; Version is '2021.3.31f1 (3409e2af086f) revision 3410402'; Using compiler version '192829333'; Build Type 'Release'
OS: 'Windows 10  (10.0.19045) 64bit Core' Language: 'ko' Physical Memory: 16139 MB
BatchMode: 1, IsHumanControllingUs: 0, StartBugReporterOnCrash: 0, Is64bit: 1, IsPro: 1

COMMAND LINE ARGUMENTS:
D:\UnityEditorDownload\2021.3.31f1\Editor\Unity.exe
-adb2
-batchMode
-noUpm
-name
AssetImportWorker9
-projectPath
D:/Project archive/Log6/HoneyComb
-logFile
Logs/AssetImportWorker9.log
-srvPort
8470
Successfully changed project path to: D:/Project archive/Log6/HoneyComb
D:/Project archive/Log6/HoneyComb
[UnityMemory] Configuration Parameters - Can be set up in boot.config
    "memorysetup-bucket-allocator-granularity=16"
    "memorysetup-bucket-allocator-bucket-count=8"
    "memorysetup-bucket-allocator-block-size=33554432"
    "memorysetup-bucket-allocator-block-count=8"
    "memorysetup-main-allocator-block-size=16777216"
    "memorysetup-thread-allocator-block-size=16777216"
    "memorysetup-gfx-main-allocator-block-size=16777216"
    "memorysetup-gfx-thread-allocator-block-size=16777216"
    "memorysetup-cache-allocator-block-size=4194304"
    "memorysetup-typetree-allocator-block-size=2097152"
    "memorysetup-profiler-bucket-allocator-granularity=16"
    "memorysetup-profiler-bucket-allocator-bucket-count=8"
    "memorysetup-profiler-bucket-allocator-block-size=33554432"
    "memorysetup-profiler-bucket-allocator-block-count=8"
    "memorysetup-profiler-allocator-block-size=16777216"
    "memorysetup-profiler-editor-allocator-block-size=1048576"
    "memorysetup-temp-allocator-size-main=16777216"
    "memorysetup-job-temp-allocator-block-size=2097152"
    "memorysetup-job-temp-allocator-block-size-background=1048576"
    "memorysetup-job-temp-allocator-reduction-small-platforms=262144"
    "memorysetup-temp-allocator-size-background-worker=32768"
    "memorysetup-temp-allocator-size-job-worker=262144"
    "memorysetup-temp-allocator-size-preload-manager=33554432"
    "memorysetup-temp-allocator-size-nav-mesh-worker=65536"
    "memorysetup-temp-allocator-size-audio-worker=65536"
    "memorysetup-temp-allocator-size-cloud-worker=32768"
    "memorysetup-temp-allocator-size-gi-baking-worker=262144"
    "memorysetup-temp-allocator-size-gfx=262144"
Player connection [38488] Host "[IP] 192.168.219.183 [Port] 0 [Flags] 2 [Guid] 1970708568 [EditorId] 1970708568 [Version] 1048832 [Id] WindowsEditor(7,DESKTOP-EDV24H0) [Debug] 1 [PackageName] WindowsEditor [ProjectName] Editor" joined multi-casting on [225.0.0.222:54997]...

Player connection [38488] Host "[IP] 192.168.219.183 [Port] 0 [Flags] 2 [Guid] 1970708568 [EditorId] 1970708568 [Version] 1048832 [Id] WindowsEditor(7,DESKTOP-EDV24H0) [Debug] 1 [PackageName] WindowsEditor [ProjectName] Editor" joined alternative multi-casting on [225.0.0.222:34997]...

[Physics::Module] Initialized MultithreadedJobDispatcher with {0} workers.
Refreshing native plugins compatible for Editor in 89.18 ms, found 4 plugins.
Preloading 0 native plugins for Editor in 0.00 ms.
Initialize engine version: 2021.3.31f1 (3409e2af086f)
[Subsystems] Discovering subsystems at path D:/UnityEditorDownload/2021.3.31f1/Editor/Data/Resources/UnitySubsystems
[Subsystems] Discovering subsystems at path D:/Project archive/Log6/HoneyComb/Assets
GfxDevice: creating device client; threaded=0; jobified=0
Direct3D:
    Version:  Direct3D 11.0 [level 11.1]
    Renderer: NVIDIA GeForce RTX 3060 (ID=0x2504)
    Vendor:   NVIDIA
    VRAM:     12115 MB
    Driver:   32.0.15.6070
Initialize mono
Mono path[0] = 'D:/UnityEditorDownload/2021.3.31f1/Editor/Data/Managed'
Mono path[1] = 'D:/UnityEditorDownload/2021.3.31f1/Editor/Data/MonoBleedingEdge/lib/mono/unityjit-win32'
Mono config path = 'D:/UnityEditorDownload/2021.3.31f1/Editor/Data/MonoBleedingEdge/etc'
Using monoOptions --debugger-agent=transport=dt_socket,embedding=1,server=y,suspend=n,address=127.0.0.1:56248
Begin MonoManager ReloadAssembly
Registering precompiled unity dll's ...
Register platform support module: D:/UnityEditorDownload/2021.3.31f1/Editor/Data/PlaybackEngines/AndroidPlayer/UnityEditor.Android.Extensions.dll
Register platform support module: D:/UnityEditorDownload/2021.3.31f1/Editor/Data/PlaybackEngines/iOSSupport/UnityEditor.iOS.Extensions.dll
Register platform support module: D:/UnityEditorDownload/2021.3.31f1/Editor/Data/PlaybackEngines/WindowsStandaloneSupport/UnityEditor.WindowsStandalone.Extensions.dll
Registered in 0.002769 seconds.
Native extension for WindowsStandalone target not found
[usbmuxd] Start listen thread
[usbmuxd] Listen thread started
Native extension for iOS target not found
Native extension for Android target not found
Android Extension - Scanning For ADB Devices 233 ms
Refreshing native plugins compatible for Editor in 80.17 ms, found 4 plugins.
Preloading 0 native plugins for Editor in 0.00 ms.
Mono: successfully reloaded assembly
- Completed reload, in  0.830 seconds
Domain Reload Profiling:
	ReloadAssembly (831ms)
		BeginReloadAssembly (77ms)
			ExecutionOrderSort (0ms)
			DisableScriptedObjects (0ms)
			BackupInstance (0ms)
			ReleaseScriptingObjects (0ms)
			CreateAndSetChildDomain (0ms)
		EndReloadAssembly (675ms)
			LoadAssemblies (77ms)
			RebuildTransferFunctionScriptingTraits (0ms)
			SetupTypeCache (100ms)
			ReleaseScriptCaches (0ms)
			RebuildScriptCaches (27ms)
			SetupLoadedEditorAssemblies (512ms)
				LogAssemblyErrors (0ms)
				InitializePlatformSupportModulesInManaged (312ms)
				SetLoadedEditorAssemblies (0ms)
				RefreshPlugins (80ms)
				BeforeProcessingInitializeOnLoad (2ms)
				ProcessInitializeOnLoadAttributes (77ms)
				ProcessInitializeOnLoadMethodAttributes (41ms)
				AfterProcessingInitializeOnLoad (0ms)
				EditorAssembliesLoaded (0ms)
			ExecutionOrderSort2 (0ms)
			AwakeInstancesAfterBackupRestoration (0ms)
Platform modules already initialized, skipping
Registering precompiled user dll's ...
Registered in 0.004291 seconds.
Begin MonoManager ReloadAssembly
Native extension for WindowsStandalone target not found
Native extension for iOS target not found
Native extension for Android target not found
Refreshing native plugins compatible for Editor in 89.47 ms, found 4 plugins.
Preloading 0 native plugins for Editor in 0.00 ms.
Package Manager log level set to [2]
[Package Manager] Server::EnsureServerProcessIsRunning -- launch failed, reason: Unity was launched with the -noUpm command-line argument
[Package Manager] Cannot connect to Unity Package Manager local server
Mono: successfully reloaded assembly
- Completed reload, in  1.417 seconds
Domain Reload Profiling:
	ReloadAssembly (1417ms)
		BeginReloadAssembly (122ms)
			ExecutionOrderSort (0ms)
			DisableScriptedObjects (6ms)
			BackupInstance (0ms)
			ReleaseScriptingObjects (0ms)
			CreateAndSetChildDomain (22ms)
		EndReloadAssembly (1205ms)
			LoadAssemblies (98ms)
			RebuildTransferFunctionScriptingTraits (0ms)
			SetupTypeCache (216ms)
			ReleaseScriptCaches (1ms)
			RebuildScriptCaches (56ms)
			SetupLoadedEditorAssemblies (816ms)
				LogAssemblyErrors (0ms)
				InitializePlatformSupportModulesInManaged (25ms)
				SetLoadedEditorAssemblies (0ms)
				RefreshPlugins (90ms)
				BeforeProcessingInitializeOnLoad (87ms)
				ProcessInitializeOnLoadAttributes (562ms)
				ProcessInitializeOnLoadMethodAttributes (48ms)
				AfterProcessingInitializeOnLoad (3ms)
				EditorAssembliesLoaded (0ms)
			ExecutionOrderSort2 (0ms)
			AwakeInstancesAfterBackupRestoration (7ms)
Platform modules already initialized, skipping
========================================================================
Worker process is ready to serve import requests
Launched and connected shader compiler UnityShaderCompiler.exe after 0.03 seconds
Refreshing native plugins compatible for Editor in 0.92 ms, found 4 plugins.
Preloading 0 native plugins for Editor in 0.00 ms.
Unloading 3879 Unused Serialized files (Serialized files now loaded: 0)
Unloading 36 unused Assets / (46.8 KB). Loaded Objects now: 4340.
Memory consumption went from 153.2 MB to 153.2 MB.
Total: 4.389000 ms (FindLiveObjects: 0.307500 ms CreateObjectMapping: 0.099600 ms MarkObjects: 3.893500 ms  DeleteObjects: 0.087600 ms)

AssetImportParameters requested are different than current active one (requested -> active):
  custom:video-decoder-ogg-theora: a1e56fd34408186e4bbccfd4996cb3dc -> 
  custom:container-muxer-webm: aa71ff27fc2769a1b78a27578f13a17b -> 
  custom:container-demuxer-webm: 4f35f7cbe854078d1ac9338744f61a02 -> 
  custom:video-encoder-webm-vp8: eb34c28f22e8b96e1ab97ce403110664 -> 
  custom:CustomObjectIndexerAttribute: bc11b3a6c3213fcdd17b65e7da85e133 -> 
  custom:audio-encoder-webm-vorbis: bf7c407c2cedff20999df2af8eb42d56 -> 
  custom:framework-win-MediaFoundation: 216162199b28c13a410421893ffa2e32 -> 
  custom:SearchIndexIgnoredProperties: e643bd26f0fe6173181afceb89e7c659 -> 
  custom:container-demuxer-ogg: 62fdf1f143b41e24485cea50d1cbac27 -> 
  custom:video-decoder-webm-vp8: 9c59270c3fd7afecdb556c50c9e8de78 -> 
  custom:audio-decoder-ogg-vorbis: bf7c407c2cedff20999df2af8eb42d56 -> 
========================================================================
Received Import Request.
  Time since last request: 617714.050084 seconds.
  path: Assets/04.Sprites/Tiles/bridge_N.png
  artifactKey: Guid(8b326ab72ae3a6c489a2d56d91baf32f) Importer(815301076,1909f56bfc062723c751e8b465ee728b)
Number of updated assets reloaded before import = 0
Start importing Assets/04.Sprites/Tiles/bridge_N.png using Guid(8b326ab72ae3a6c489a2d56d91baf32f) Importer(815301076,1909f56bfc062723c751e8b465ee728b)  -> (artifact id: 'f77eb699fb0c7725aca06a6819ce0dc2') in 0.089670 seconds 
Number of asset objects unloaded after import = 3
========================================================================
Received Import Request.
  Time since last request: 0.000023 seconds.
  path: Assets/04.Sprites/Tiles/building_corner_W.png
  artifactKey: Guid(92747c13f189e1f47898bfc035d5a439) Importer(815301076,1909f56bfc062723c751e8b465ee728b)
Number of updated assets reloaded before import = 0
Start importing Assets/04.Sprites/Tiles/building_corner_W.png using Guid(92747c13f189e1f47898bfc035d5a439) Importer(815301076,1909f56bfc062723c751e8b465ee728b)  -> (artifact id: '5cb1803fae3e4440c845d9f60732825c') in 0.018288 seconds 
Number of asset objects unloaded after import = 3
========================================================================
Received Import Request.
  Time since last request: 0.000017 seconds.
  path: Assets/04.Sprites/Tiles/building_cornerBeige_S.png
  artifactKey: Guid(c7a489ec732c42044bf8c8419faf7655) Importer(815301076,1909f56bfc062723c751e8b465ee728b)
Number of updated assets reloaded before import = 0
Start importing Assets/04.Sprites/Tiles/building_cornerBeige_S.png using Guid(c7a489ec732c42044bf8c8419faf7655) Importer(815301076,1909f56bfc062723c751e8b465ee728b)  -> (artifact id: '64e573f35ae5c6973f89d39c7a1710af') in 0.018033 seconds 
Number of asset objects unloaded after import = 3
========================================================================
Received Import Request.
  Time since last request: 0.000019 seconds.
  path: Assets/04.Sprites/Tiles/bridge_S.png
  artifactKey: Guid(b036eb20159afb549b4a36c4aad3be89) Importer(815301076,1909f56bfc062723c751e8b465ee728b)
Number of updated assets reloaded before import = 0
Start importing Assets/04.Sprites/Tiles/bridge_S.png using Guid(b036eb20159afb549b4a36c4aad3be89) Importer(815301076,1909f56bfc062723c751e8b465ee728b)  -> (artifact id: '914efe2abb45767971194e3cacf3ebe1') in 0.020478 seconds 
Number of asset objects unloaded after import = 3
========================================================================
Received Import Request.
  Time since last request: 0.000017 seconds.
  path: Assets/04.Sprites/Tiles/bridge_W.png
  artifactKey: Guid(a2fc784346b30b94cae06bf839598e2e) Importer(815301076,1909f56bfc062723c751e8b465ee728b)
Number of updated assets reloaded before import = 0
Start importing Assets/04.Sprites/Tiles/bridge_W.png using Guid(a2fc784346b30b94cae06bf839598e2e) Importer(815301076,1909f56bfc062723c751e8b465ee728b)  -> (artifact id: 'c98dac3a541f4ecbafedc6a2859a6d60') in 0.019115 seconds 
Number of asset objects unloaded after import = 3
========================================================================
Received Import Request.
  Time since last request: 0.000023 seconds.
  path: Assets/04.Sprites/Tiles/building_centerBeige_E.png
  artifactKey: Guid(b4cddbc1d8266624fb65cf6bf44578b4) Importer(815301076,1909f56bfc062723c751e8b465ee728b)
Number of updated assets reloaded before import = 0
Start importing Assets/04.Sprites/Tiles/building_centerBeige_E.png using Guid(b4cddbc1d8266624fb65cf6bf44578b4) Importer(815301076,1909f56bfc062723c751e8b465ee728b)  -> (artifact id: '0c3a73def0c9f351cada50b0b61eb8b6') in 0.018986 seconds 
Number of asset objects unloaded after import = 3
========================================================================
Received Import Request.
  Time since last request: 0.000014 seconds.
  path: Assets/04.Sprites/Tiles/building_doorWindows_S.png
  artifactKey: Guid(7bd75f9f901a1d14f91bbcd7e12ad179) Importer(815301076,1909f56bfc062723c751e8b465ee728b)
Number of updated assets reloaded before import = 0
Start importing Assets/04.Sprites/Tiles/building_doorWindows_S.png using Guid(7bd75f9f901a1d14f91bbcd7e12ad179) Importer(815301076,1909f56bfc062723c751e8b465ee728b)  -> (artifact id: 'a00536159a69f96a890e8bb2362190f8') in 0.017937 seconds 
Number of asset objects unloaded after import = 3
========================================================================
Received Import Request.
  Time since last request: 0.000014 seconds.
  path: Assets/04.Sprites/Tiles/building_doorWindows_N.png
  artifactKey: Guid(41cd8bbecd0ba004785c9133a159a55e) Importer(815301076,1909f56bfc062723c751e8b465ee728b)
Number of updated assets reloaded before import = 0
Start importing Assets/04.Sprites/Tiles/building_doorWindows_N.png using Guid(41cd8bbecd0ba004785c9133a159a55e) Importer(815301076,1909f56bfc062723c751e8b465ee728b)  -> (artifact id: '99cb7a25ffcdbe9eb9603cd58fe13cfa') in 0.018394 seconds 
Number of asset objects unloaded after import = 3
========================================================================
Received Import Request.
  Time since last request: 0.000013 seconds.
  path: Assets/04.Sprites/Tiles/building_center_W.png
  artifactKey: Guid(49d9ab6756b271940bb88dfbc6d6ab6b) Importer(815301076,1909f56bfc062723c751e8b465ee728b)
Number of updated assets reloaded before import = 0
Start importing Assets/04.Sprites/Tiles/building_center_W.png using Guid(49d9ab6756b271940bb88dfbc6d6ab6b) Importer(815301076,1909f56bfc062723c751e8b465ee728b)  -> (artifact id: '9566867a4fb7f1b3287d8618c8113b75') in 0.018873 seconds 
Number of asset objects unloaded after import = 3
========================================================================
Received Import Request.
  Time since last request: 0.000016 seconds.
  path: Assets/04.Sprites/Tiles/building_center_S.png
  artifactKey: Guid(da65aa6bdcee7514297f6131ed94a9cd) Importer(815301076,1909f56bfc062723c751e8b465ee728b)
Number of updated assets reloaded before import = 0
Start importing Assets/04.Sprites/Tiles/building_center_S.png using Guid(da65aa6bdcee7514297f6131ed94a9cd) Importer(815301076,1909f56bfc062723c751e8b465ee728b)  -> (artifact id: '8b9a50dbf96834dba33b47a9b911595f') in 0.018821 seconds 
Number of asset objects unloaded after import = 3
========================================================================
Received Import Request.
  Time since last request: 0.000019 seconds.
  path: Assets/04.Sprites/Tiles/building_center_N.png
  artifactKey: Guid(75b0de4a62e71e4438ac182b6a24aa1e) Importer(815301076,1909f56bfc062723c751e8b465ee728b)
Number of updated assets reloaded before import = 0
Start importing Assets/04.Sprites/Tiles/building_center_N.png using Guid(75b0de4a62e71e4438ac182b6a24aa1e) Importer(815301076,1909f56bfc062723c751e8b465ee728b)  -> (artifact id: 'f31d8d58460ca969fbc808bf50f1cb7a') in 0.018745 seconds 
Number of asset objects unloaded after import = 3
========================================================================
Received Import Request.
  Time since last request: 0.000014 seconds.
  path: Assets/04.Sprites/Tiles/building_corner_S.png
  artifactKey: Guid(11cf50773bcd12545b6a7fb402b0684a) Importer(815301076,1909f56bfc062723c751e8b465ee728b)
Number of updated assets reloaded before import = 0
Start importing Assets/04.Sprites/Tiles/building_corner_S.png using Guid(11cf50773bcd12545b6a7fb402b0684a) Importer(815301076,1909f56bfc062723c751e8b465ee728b)  -> (artifact id: 'ca16547ed8fc17fe68de7eb8df55738d') in 0.019536 seconds 
Number of asset objects unloaded after import = 3
========================================================================
Received Import Request.
  Time since last request: 0.000012 seconds.
  path: Assets/04.Sprites/Tiles/building_cornerBeige_E.png
  artifactKey: Guid(70a971d0afa437040904ce212781d55e) Importer(815301076,1909f56bfc062723c751e8b465ee728b)
Number of updated assets reloaded before import = 0
Start importing Assets/04.Sprites/Tiles/building_cornerBeige_E.png using Guid(70a971d0afa437040904ce212781d55e) Importer(815301076,1909f56bfc062723c751e8b465ee728b)  -> (artifact id: 'b4e950138d6fb32f8c3608ae102c0f2b') in 0.019337 seconds 
Number of asset objects unloaded after import = 3
========================================================================
Received Import Request.
  Time since last request: 0.000015 seconds.
  path: Assets/04.Sprites/Tiles/building_doorWindows_E.png
  artifactKey: Guid(092888fd75cba3b4b8f1299fe5ab66c3) Importer(815301076,1909f56bfc062723c751e8b465ee728b)
Number of updated assets reloaded before import = 0
Start importing Assets/04.Sprites/Tiles/building_doorWindows_E.png using Guid(092888fd75cba3b4b8f1299fe5ab66c3) Importer(815301076,1909f56bfc062723c751e8b465ee728b)  -> (artifact id: 'c7a13659ae19d4392e412e10e9807024') in 0.020801 seconds 
Number of asset objects unloaded after import = 3
========================================================================
Received Import Request.
  Time since last request: 0.000022 seconds.
  path: Assets/04.Sprites/Tiles/building_doorWindowsBeige_E.png
  artifactKey: Guid(339b837c63bd2ec4e81e70c5bbbb746f) Importer(815301076,1909f56bfc062723c751e8b465ee728b)
Number of updated assets reloaded before import = 0
Start importing Assets/04.Sprites/Tiles/building_doorWindowsBeige_E.png using Guid(339b837c63bd2ec4e81e70c5bbbb746f) Importer(815301076,1909f56bfc062723c751e8b465ee728b)  -> (artifact id: '4ce8d12283ec4ca8aa6e5247f07443d3') in 0.024435 seconds 
Number of asset objects unloaded after import = 3
========================================================================
Received Import Request.
  Time since last request: 0.000017 seconds.
  path: Assets/04.Sprites/Tiles/building_center_E.png
  artifactKey: Guid(8ccb8a915f6e24d439a4d36009cc7d4e) Importer(815301076,1909f56bfc062723c751e8b465ee728b)
Number of updated assets reloaded before import = 0
Start importing Assets/04.Sprites/Tiles/building_center_E.png using Guid(8ccb8a915f6e24d439a4d36009cc7d4e) Importer(815301076,1909f56bfc062723c751e8b465ee728b)  -> (artifact id: '2beef75c301150faacc924e67345e30a') in 0.019883 seconds 
Number of asset objects unloaded after import = 3
========================================================================
Received Import Request.
  Time since last request: 0.000028 seconds.
  path: Assets/04.Sprites/Tiles/building_doorBeige_S.png
  artifactKey: Guid(dacbfecea01e8be42b8874881fe7d202) Importer(815301076,1909f56bfc062723c751e8b465ee728b)
Number of updated assets reloaded before import = 0
Start importing Assets/04.Sprites/Tiles/building_doorBeige_S.png using Guid(dacbfecea01e8be42b8874881fe7d202) Importer(815301076,1909f56bfc062723c751e8b465ee728b)  -> (artifact id: '0136df9d22fde8e4ed197a4b0e4eb3a1') in 0.019857 seconds 
Number of asset objects unloaded after import = 3
========================================================================
Received Import Request.
  Time since last request: 0.342416 seconds.
  path: Assets/04.Sprites/Tiles/building_doorWindowsBeige_W.png
  artifactKey: Guid(72a244dc990947d479d826ff6b0c0779) Importer(815301076,1909f56bfc062723c751e8b465ee728b)
Number of updated assets reloaded before import = 0
Start importing Assets/04.Sprites/Tiles/building_doorWindowsBeige_W.png using Guid(72a244dc990947d479d826ff6b0c0779) Importer(815301076,1909f56bfc062723c751e8b465ee728b)  -> (artifact id: '197b922a70a4bc7e0ce4a9301d132796') in 0.019470 seconds 
Number of asset objects unloaded after import = 3
========================================================================
Received Import Request.
  Time since last request: 0.000020 seconds.
  path: Assets/04.Sprites/Tiles/building_window_N.png
  artifactKey: Guid(1f312ef94b1decc45988e5f6a1f657f0) Importer(815301076,1909f56bfc062723c751e8b465ee728b)
Number of updated assets reloaded before import = 0
Start importing Assets/04.Sprites/Tiles/building_window_N.png using Guid(1f312ef94b1decc45988e5f6a1f657f0) Importer(815301076,1909f56bfc062723c751e8b465ee728b)  -> (artifact id: 'ba85746cae202e2b00d00ba3fcc4b44f') in 0.019480 seconds 
Number of asset objects unloaded after import = 3
========================================================================
Received Import Request.
  Time since last request: 0.000023 seconds.
  path: Assets/04.Sprites/Tiles/building_windowBeige_W.png
  artifactKey: Guid(2ddc2046d96f6894b8c4674432bea26c) Importer(815301076,1909f56bfc062723c751e8b465ee728b)
Number of updated assets reloaded before import = 0
Start importing Assets/04.Sprites/Tiles/building_windowBeige_W.png using Guid(2ddc2046d96f6894b8c4674432bea26c) Importer(815301076,1909f56bfc062723c751e8b465ee728b)  -> (artifact id: '5b2fc4fa3c29f3fd95908bb2166745f9') in 0.019158 seconds 
Number of asset objects unloaded after import = 3
========================================================================
Received Import Request.
  Time since last request: 0.000018 seconds.
  path: Assets/04.Sprites/Tiles/building_windowBeige_E.png
  artifactKey: Guid(29ce0605cd4028148a944372074b9bab) Importer(815301076,1909f56bfc062723c751e8b465ee728b)
Number of updated assets reloaded before import = 0
Start importing Assets/04.Sprites/Tiles/building_windowBeige_E.png using Guid(29ce0605cd4028148a944372074b9bab) Importer(815301076,1909f56bfc062723c751e8b465ee728b)  -> (artifact id: 'ad2e436d72f1a5066efd251a3442f6f6') in 0.019946 seconds 
Number of asset objects unloaded after import = 3
========================================================================
Received Import Request.
  Time since last request: 0.000023 seconds.
  path: Assets/04.Sprites/Tiles/building_window_W.png
  artifactKey: Guid(1e8884b7fa92dfa49887e83e37161b17) Importer(815301076,1909f56bfc062723c751e8b465ee728b)
Number of updated assets reloaded before import = 0
Start importing Assets/04.Sprites/Tiles/building_window_W.png using Guid(1e8884b7fa92dfa49887e83e37161b17) Importer(815301076,1909f56bfc062723c751e8b465ee728b)  -> (artifact id: '236fa74dba4b193a5627cdc6caa5a892') in 0.019801 seconds 
Number of asset objects unloaded after import = 3
========================================================================
Received Import Request.
  Time since last request: 0.000019 seconds.
  path: Assets/04.Sprites/Tiles/building_windows_E.png
  artifactKey: Guid(f9534531d62a9cf4fb5bf7149a5f8490) Importer(815301076,1909f56bfc062723c751e8b465ee728b)
Number of updated assets reloaded before import = 0
Start importing Assets/04.Sprites/Tiles/building_windows_E.png using Guid(f9534531d62a9cf4fb5bf7149a5f8490) Importer(815301076,1909f56bfc062723c751e8b465ee728b)  -> (artifact id: 'f5cacdffc4390540a4bc1cbacf263bbe') in 0.017757 seconds 
Number of asset objects unloaded after import = 3
========================================================================
Received Import Request.
  Time since last request: 2.489439 seconds.
  path: Assets/04.Sprites/Tiles/building_windows_S.png
  artifactKey: Guid(492a63a2bdef5e94dabf329e10a7ee16) Importer(815301076,1909f56bfc062723c751e8b465ee728b)
Number of updated assets reloaded before import = 0
Start importing Assets/04.Sprites/Tiles/building_windows_S.png using Guid(492a63a2bdef5e94dabf329e10a7ee16) Importer(815301076,1909f56bfc062723c751e8b465ee728b)  -> (artifact id: '66bbbce012884ab7520a8b3f9f97fd84') in 0.019549 seconds 
Number of asset objects unloaded after import = 3
========================================================================
Received Import Request.
  Time since last request: 0.000014 seconds.
  path: Assets/04.Sprites/Tiles/building_windowsBeige_W.png
  artifactKey: Guid(2741229442787f54082773bd7881ef38) Importer(815301076,1909f56bfc062723c751e8b465ee728b)
Number of updated assets reloaded before import = 0
Start importing Assets/04.Sprites/Tiles/building_windowsBeige_W.png using Guid(2741229442787f54082773bd7881ef38) Importer(815301076,1909f56bfc062723c751e8b465ee728b)  -> (artifact id: 'ad2e87d4dbb46fa53dacceb40068001f') in 0.019592 seconds 
Number of asset objects unloaded after import = 3
========================================================================
Received Import Request.
  Time since last request: 0.000016 seconds.
  path: Assets/04.Sprites/Tiles/building_windowsBeige_N.png
  artifactKey: Guid(1db9cd107fee0304180bec2ed6fb407b) Importer(815301076,1909f56bfc062723c751e8b465ee728b)
Number of updated assets reloaded before import = 0
Start importing Assets/04.Sprites/Tiles/building_windowsBeige_N.png using Guid(1db9cd107fee0304180bec2ed6fb407b) Importer(815301076,1909f56bfc062723c751e8b465ee728b)  -> (artifact id: '653c87727ab76c4cc0bcce9a0f3a5fed') in 0.018546 seconds 
Number of asset objects unloaded after import = 3
========================================================================
Received Import Request.
  Time since last request: 0.000013 seconds.
  path: Assets/04.Sprites/Tiles/building_windowsBeige_E.png
  artifactKey: Guid(405bafcdff0403a4fa34d709791f550f) Importer(815301076,1909f56bfc062723c751e8b465ee728b)
Number of updated assets reloaded before import = 0
Start importing Assets/04.Sprites/Tiles/building_windowsBeige_E.png using Guid(405bafcdff0403a4fa34d709791f550f) Importer(815301076,1909f56bfc062723c751e8b465ee728b)  -> (artifact id: 'a25e8252ee333faf899c8052bcb95008') in 0.019104 seconds 
Number of asset objects unloaded after import = 3
========================================================================
Received Import Request.
  Time since last request: 0.000013 seconds.
  path: Assets/04.Sprites/Tiles/castle_bend_W.png
  artifactKey: Guid(596f26f723a7a0f4880fd1a632e95353) Importer(815301076,1909f56bfc062723c751e8b465ee728b)
Number of updated assets reloaded before import = 0
Start importing Assets/04.Sprites/Tiles/castle_bend_W.png using Guid(596f26f723a7a0f4880fd1a632e95353) Importer(815301076,1909f56bfc062723c751e8b465ee728b)  -> (artifact id: 'a06c0d751a6d925b503111770ddfd5a9') in 0.018709 seconds 
Number of asset objects unloaded after import = 3
========================================================================
Received Import Request.
  Time since last request: 0.000015 seconds.
  path: Assets/04.Sprites/Tiles/castle_bend_S.png
  artifactKey: Guid(e7e688fac0474ee4d8d0144a7bfde778) Importer(815301076,1909f56bfc062723c751e8b465ee728b)
Number of updated assets reloaded before import = 0
Start importing Assets/04.Sprites/Tiles/castle_bend_S.png using Guid(e7e688fac0474ee4d8d0144a7bfde778) Importer(815301076,1909f56bfc062723c751e8b465ee728b)  -> (artifact id: 'cc86fe6bb6cb5fa2c479f1aee7be3768') in 0.016643 seconds 
Number of asset objects unloaded after import = 3
========================================================================
Received Import Request.
  Time since last request: 0.132778 seconds.
  path: Assets/04.Sprites/Tiles/castle_center_N.png
  artifactKey: Guid(adf956ade32a18247813b928897c245f) Importer(815301076,1909f56bfc062723c751e8b465ee728b)
Number of updated assets reloaded before import = 0
Start importing Assets/04.Sprites/Tiles/castle_center_N.png using Guid(adf956ade32a18247813b928897c245f) Importer(815301076,1909f56bfc062723c751e8b465ee728b)  -> (artifact id: '2b0c012d7e623d56b6a70381d5988ee9') in 0.019411 seconds 
Number of asset objects unloaded after import = 3
========================================================================
Received Import Request.
  Time since last request: 0.000015 seconds.
  path: Assets/04.Sprites/Tiles/castle_corner_W.png
  artifactKey: Guid(6eac2f33ea828504ebc94b5c0f003c10) Importer(815301076,1909f56bfc062723c751e8b465ee728b)
Number of updated assets reloaded before import = 0
Start importing Assets/04.Sprites/Tiles/castle_corner_W.png using Guid(6eac2f33ea828504ebc94b5c0f003c10) Importer(815301076,1909f56bfc062723c751e8b465ee728b)  -> (artifact id: '28f3ac9b8669f70151295373ea1ae07f') in 0.019373 seconds 
Number of asset objects unloaded after import = 3
========================================================================
Received Import Request.
  Time since last request: 0.000015 seconds.
  path: Assets/04.Sprites/Tiles/castle_corner_S.png
  artifactKey: Guid(b010f5566c30f5a4bb7f8abb9592721d) Importer(815301076,1909f56bfc062723c751e8b465ee728b)
Number of updated assets reloaded before import = 0
Start importing Assets/04.Sprites/Tiles/castle_corner_S.png using Guid(b010f5566c30f5a4bb7f8abb9592721d) Importer(815301076,1909f56bfc062723c751e8b465ee728b)  -> (artifact id: 'dbf923770e66aef0a17708b0be66cb1d') in 0.018719 seconds 
Number of asset objects unloaded after import = 3
========================================================================
Received Import Request.
  Time since last request: 0.000015 seconds.
  path: Assets/04.Sprites/Tiles/castle_gate_E.png
  artifactKey: Guid(a0ffbe55af9463c49b1561cb32fc081d) Importer(815301076,1909f56bfc062723c751e8b465ee728b)
Number of updated assets reloaded before import = 0
Start importing Assets/04.Sprites/Tiles/castle_gate_E.png using Guid(a0ffbe55af9463c49b1561cb32fc081d) Importer(815301076,1909f56bfc062723c751e8b465ee728b)  -> (artifact id: '53085c53861c547f581933f633a53449') in 0.019798 seconds 
Number of asset objects unloaded after import = 3
========================================================================
Received Import Request.
  Time since last request: 0.000016 seconds.
  path: Assets/04.Sprites/Tiles/castle_towerBeige_E.png
  artifactKey: Guid(f9462458cb72b474da95c30daa40fec2) Importer(815301076,1909f56bfc062723c751e8b465ee728b)
Number of updated assets reloaded before import = 0
Start importing Assets/04.Sprites/Tiles/castle_towerBeige_E.png using Guid(f9462458cb72b474da95c30daa40fec2) Importer(815301076,1909f56bfc062723c751e8b465ee728b)  -> (artifact id: '44a6567bc4e46c13ccf559a982a1d78c') in 0.019212 seconds 
Number of asset objects unloaded after import = 3
========================================================================
Received Import Request.
  Time since last request: 0.000023 seconds.
  path: Assets/04.Sprites/Tiles/castle_tower_W.png
  artifactKey: Guid(e347d72e708b0c642beac0aa9505f57b) Importer(815301076,1909f56bfc062723c751e8b465ee728b)
Number of updated assets reloaded before import = 0
Start importing Assets/04.Sprites/Tiles/castle_tower_W.png using Guid(e347d72e708b0c642beac0aa9505f57b) Importer(815301076,1909f56bfc062723c751e8b465ee728b)  -> (artifact id: '7e431f10bdb88a91fec8bd9cecadada2') in 0.019394 seconds 
Number of asset objects unloaded after import = 3
========================================================================
Received Import Request.
  Time since last request: 0.000014 seconds.
  path: Assets/04.Sprites/Tiles/castle_gateOpen_S.png
  artifactKey: Guid(0feaa8b2be80b4845908f5960b9d3660) Importer(815301076,1909f56bfc062723c751e8b465ee728b)
Number of updated assets reloaded before import = 0
Start importing Assets/04.Sprites/Tiles/castle_gateOpen_S.png using Guid(0feaa8b2be80b4845908f5960b9d3660) Importer(815301076,1909f56bfc062723c751e8b465ee728b)  -> (artifact id: '78afe21f55d0aa2e0c0a22d585eabdfd') in 0.020237 seconds 
Number of asset objects unloaded after import = 3
========================================================================
Received Import Request.
  Time since last request: 0.000016 seconds.
  path: Assets/04.Sprites/Tiles/castle_center_S.png
  artifactKey: Guid(2cc718cace324dc4ea4a8333085e18fb) Importer(815301076,1909f56bfc062723c751e8b465ee728b)
Number of updated assets reloaded before import = 0
Start importing Assets/04.Sprites/Tiles/castle_center_S.png using Guid(2cc718cace324dc4ea4a8333085e18fb) Importer(815301076,1909f56bfc062723c751e8b465ee728b)  -> (artifact id: 'c6f44c0c09b75db23a3257e02a3649a0') in 0.018386 seconds 
Number of asset objects unloaded after import = 3
========================================================================
Received Import Request.
  Time since last request: 0.000014 seconds.
  path: Assets/04.Sprites/Tiles/castle_corner_N.png
  artifactKey: Guid(d56ead4da7d1f8648b965ff68da68f13) Importer(815301076,1909f56bfc062723c751e8b465ee728b)
Number of updated assets reloaded before import = 0
Start importing Assets/04.Sprites/Tiles/castle_corner_N.png using Guid(d56ead4da7d1f8648b965ff68da68f13) Importer(815301076,1909f56bfc062723c751e8b465ee728b)  -> (artifact id: '6088360d6d5ec36e48be2889f3a2f3bd') in 0.019146 seconds 
Number of asset objects unloaded after import = 3
========================================================================
Received Import Request.
  Time since last request: 0.004725 seconds.
  path: Assets/04.Sprites/Tiles/castle_gateOpen_W.png
  artifactKey: Guid(121ff7042989e6146a3f3aaea6c943ac) Importer(815301076,1909f56bfc062723c751e8b465ee728b)
Number of updated assets reloaded before import = 0
Start importing Assets/04.Sprites/Tiles/castle_gateOpen_W.png using Guid(121ff7042989e6146a3f3aaea6c943ac) Importer(815301076,1909f56bfc062723c751e8b465ee728b)  -> (artifact id: '7963b927f951e2173740ebff14e3c903') in 0.019168 seconds 
Number of asset objects unloaded after import = 3
========================================================================
Received Import Request.
  Time since last request: 0.000013 seconds.
  path: Assets/04.Sprites/Tiles/castle_towerBrown_E.png
  artifactKey: Guid(f908069464665e54eb283aef1dbeb4f7) Importer(815301076,1909f56bfc062723c751e8b465ee728b)
Number of updated assets reloaded before import = 0
Start importing Assets/04.Sprites/Tiles/castle_towerBrown_E.png using Guid(f908069464665e54eb283aef1dbeb4f7) Importer(815301076,1909f56bfc062723c751e8b465ee728b)  -> (artifact id: '98db0e0106ab8237852c7cfd27217dd0') in 0.019268 seconds 
Number of asset objects unloaded after import = 3
========================================================================
Received Import Request.
  Time since last request: 0.000018 seconds.
  path: Assets/04.Sprites/Tiles/castle_slope_N.png
  artifactKey: Guid(bf65b95f5ec558b45b397073c12b56d9) Importer(815301076,1909f56bfc062723c751e8b465ee728b)
Number of updated assets reloaded before import = 0
Start importing Assets/04.Sprites/Tiles/castle_slope_N.png using Guid(bf65b95f5ec558b45b397073c12b56d9) Importer(815301076,1909f56bfc062723c751e8b465ee728b)  -> (artifact id: 'b8a7a0c42861ee5d659e97bcea6cd50b') in 0.018937 seconds 
Number of asset objects unloaded after import = 3
========================================================================
Received Import Request.
  Time since last request: 0.000015 seconds.
  path: Assets/04.Sprites/Tiles/castle_slope_E.png
  artifactKey: Guid(2e95acff142ece74ba5ff4ef69f28f08) Importer(815301076,1909f56bfc062723c751e8b465ee728b)
Number of updated assets reloaded before import = 0
Start importing Assets/04.Sprites/Tiles/castle_slope_E.png using Guid(2e95acff142ece74ba5ff4ef69f28f08) Importer(815301076,1909f56bfc062723c751e8b465ee728b)  -> (artifact id: '9ccc327efe830c4a6df66632caa2aa99') in 0.019102 seconds 
Number of asset objects unloaded after import = 3
========================================================================
Received Import Request.
  Time since last request: 0.000014 seconds.
  path: Assets/04.Sprites/Tiles/castle_slope_S.png
  artifactKey: Guid(32f2ef71a96905544a3392438300ddff) Importer(815301076,1909f56bfc062723c751e8b465ee728b)
Number of updated assets reloaded before import = 0
Start importing Assets/04.Sprites/Tiles/castle_slope_S.png using Guid(32f2ef71a96905544a3392438300ddff) Importer(815301076,1909f56bfc062723c751e8b465ee728b)  -> (artifact id: '638bb872db4676615ec9b0af2b44171d') in 0.018205 seconds 
Number of asset objects unloaded after import = 3
========================================================================
Received Import Request.
  Time since last request: 0.000022 seconds.
  path: Assets/04.Sprites/Tiles/castle_towerBeige_W.png
  artifactKey: Guid(99e1ff031e0907145adc0cf4dcaaecbd) Importer(815301076,1909f56bfc062723c751e8b465ee728b)
Number of updated assets reloaded before import = 0
Start importing Assets/04.Sprites/Tiles/castle_towerBeige_W.png using Guid(99e1ff031e0907145adc0cf4dcaaecbd) Importer(815301076,1909f56bfc062723c751e8b465ee728b)  -> (artifact id: 'ddf6bfeb46d96724cc53980b6d65aa25') in 0.021426 seconds 
Number of asset objects unloaded after import = 3
========================================================================
Received Import Request.
  Time since last request: 0.000021 seconds.
  path: Assets/04.Sprites/Tiles/castle_gate_W.png
  artifactKey: Guid(54aaa4d5d8b690b4bbb2e9249a8d37fd) Importer(815301076,1909f56bfc062723c751e8b465ee728b)
Number of updated assets reloaded before import = 0
Start importing Assets/04.Sprites/Tiles/castle_gate_W.png using Guid(54aaa4d5d8b690b4bbb2e9249a8d37fd) Importer(815301076,1909f56bfc062723c751e8b465ee728b)  -> (artifact id: '67ae0952001df5b2eef0a22401caf105') in 0.021463 seconds 
Number of asset objects unloaded after import = 3
========================================================================
Received Import Request.
  Time since last request: 0.000030 seconds.
  path: Assets/04.Sprites/Tiles/castle_tower_S.png
  artifactKey: Guid(95060a4c1c0b2d14a9683abae28f4b3d) Importer(815301076,1909f56bfc062723c751e8b465ee728b)
Number of updated assets reloaded before import = 0
Start importing Assets/04.Sprites/Tiles/castle_tower_S.png using Guid(95060a4c1c0b2d14a9683abae28f4b3d) Importer(815301076,1909f56bfc062723c751e8b465ee728b)  -> (artifact id: 'bb4d17542fd46e5957f4dbd897417691') in 0.021207 seconds 
Number of asset objects unloaded after import = 3
========================================================================
Received Import Request.
  Time since last request: 0.723780 seconds.
  path: Assets/04.Sprites/Tiles/castle_towerPurple_N.png
  artifactKey: Guid(c7eb48eff4b8bfb479be5811ddacf115) Importer(815301076,1909f56bfc062723c751e8b465ee728b)
Number of updated assets reloaded before import = 0
Start importing Assets/04.Sprites/Tiles/castle_towerPurple_N.png using Guid(c7eb48eff4b8bfb479be5811ddacf115) Importer(815301076,1909f56bfc062723c751e8b465ee728b)  -> (artifact id: 'df5e9dfbee410a2d016c23eb71db7c37') in 0.021064 seconds 
Number of asset objects unloaded after import = 3
========================================================================
Received Import Request.
  Time since last request: 0.000014 seconds.
  path: Assets/04.Sprites/Tiles/castle_wall_W.png
  artifactKey: Guid(5c86ee2ebe024a947b66eae24010a7cd) Importer(815301076,1909f56bfc062723c751e8b465ee728b)
Number of updated assets reloaded before import = 0
Start importing Assets/04.Sprites/Tiles/castle_wall_W.png using Guid(5c86ee2ebe024a947b66eae24010a7cd) Importer(815301076,1909f56bfc062723c751e8b465ee728b)  -> (artifact id: '7ac9c792940dd5857b32b09f70fd180d') in 0.020786 seconds 
Number of asset objects unloaded after import = 3
========================================================================
Received Import Request.
  Time since last request: 0.000015 seconds.
  path: Assets/04.Sprites/Tiles/castle_wall_E.png
  artifactKey: Guid(fe4a220730f2c744ab08311af2eb3922) Importer(815301076,1909f56bfc062723c751e8b465ee728b)
Number of updated assets reloaded before import = 0
Start importing Assets/04.Sprites/Tiles/castle_wall_E.png using Guid(fe4a220730f2c744ab08311af2eb3922) Importer(815301076,1909f56bfc062723c751e8b465ee728b)  -> (artifact id: 'a9f7ff38bf028c4b1168a0595794cc16') in 0.019141 seconds 
Number of asset objects unloaded after import = 3
========================================================================
Received Import Request.
  Time since last request: 0.000021 seconds.
  path: Assets/04.Sprites/Tiles/dirt_center_E.png
  artifactKey: Guid(ec3ceb93b57e62c4184df67d3ec69971) Importer(815301076,1909f56bfc062723c751e8b465ee728b)
Number of updated assets reloaded before import = 0
Start importing Assets/04.Sprites/Tiles/dirt_center_E.png using Guid(ec3ceb93b57e62c4184df67d3ec69971) Importer(815301076,1909f56bfc062723c751e8b465ee728b)  -> (artifact id: '1e580e5bb8db506b530f92fa166a6e39') in 0.019469 seconds 
Number of asset objects unloaded after import = 3
========================================================================
Received Import Request.
  Time since last request: 0.000021 seconds.
  path: Assets/04.Sprites/Tiles/grass_center_S.png
  artifactKey: Guid(ca347ce125044a444b80844873e8e7a1) Importer(815301076,1909f56bfc062723c751e8b465ee728b)
Number of updated assets reloaded before import = 0
Start importing Assets/04.Sprites/Tiles/grass_center_S.png using Guid(ca347ce125044a444b80844873e8e7a1) Importer(815301076,1909f56bfc062723c751e8b465ee728b)  -> (artifact id: 'e77352cda36c7fee068b64a545c97027') in 0.018880 seconds 
Number of asset objects unloaded after import = 3
========================================================================
Received Import Request.
  Time since last request: 0.000021 seconds.
  path: Assets/04.Sprites/Tiles/dirt_low_W.png
  artifactKey: Guid(a1147942f4d97794ebf1f52a0378daab) Importer(815301076,1909f56bfc062723c751e8b465ee728b)
Number of updated assets reloaded before import = 0
Start importing Assets/04.Sprites/Tiles/dirt_low_W.png using Guid(a1147942f4d97794ebf1f52a0378daab) Importer(815301076,1909f56bfc062723c751e8b465ee728b)  -> (artifact id: 'b68e3e4d318ec74289e29e15cb922330') in 0.019109 seconds 
Number of asset objects unloaded after import = 3
========================================================================
Received Import Request.
  Time since last request: 0.000016 seconds.
  path: Assets/04.Sprites/Tiles/grass_corner_E.png
  artifactKey: Guid(49998ee1e462fa442b1ed4a982d4e832) Importer(815301076,1909f56bfc062723c751e8b465ee728b)
Number of updated assets reloaded before import = 0
Start importing Assets/04.Sprites/Tiles/grass_corner_E.png using Guid(49998ee1e462fa442b1ed4a982d4e832) Importer(815301076,1909f56bfc062723c751e8b465ee728b)  -> (artifact id: '3dc8cda55fa0664ae207fcb4a19a1c46') in 0.019786 seconds 
Number of asset objects unloaded after import = 3
========================================================================
Received Import Request.
  Time since last request: 0.000016 seconds.
  path: Assets/04.Sprites/Tiles/dirt_center_N.png
  artifactKey: Guid(243b2b6a533c5d14cb3e433d0ca2df17) Importer(815301076,1909f56bfc062723c751e8b465ee728b)
Number of updated assets reloaded before import = 0
Start importing Assets/04.Sprites/Tiles/dirt_center_N.png using Guid(243b2b6a533c5d14cb3e433d0ca2df17) Importer(815301076,1909f56bfc062723c751e8b465ee728b)  -> (artifact id: '705c8cc708f4ccb27169fb8e4a2de8b5') in 0.019878 seconds 
Number of asset objects unloaded after import = 3
========================================================================
Received Import Request.
  Time since last request: 0.382604 seconds.
  path: Assets/04.Sprites/Tiles/grass_pathBend_S.png
  artifactKey: Guid(b9e6963bcdf5dda419fbaf33d667e783) Importer(815301076,1909f56bfc062723c751e8b465ee728b)
Number of updated assets reloaded before import = 0
Start importing Assets/04.Sprites/Tiles/grass_pathBend_S.png using Guid(b9e6963bcdf5dda419fbaf33d667e783) Importer(815301076,1909f56bfc062723c751e8b465ee728b)  -> (artifact id: '3fddf9b0c868f317fca58c8b5a619a40') in 0.031489 seconds 
Number of asset objects unloaded after import = 3
========================================================================
Received Import Request.
  Time since last request: 0.037307 seconds.
  path: Assets/04.Sprites/Tiles/grass_pathEnd_N.png
  artifactKey: Guid(8d3d3fba8c0013c46bc9ac2d56d94809) Importer(815301076,1909f56bfc062723c751e8b465ee728b)
Number of updated assets reloaded before import = 0
Start importing Assets/04.Sprites/Tiles/grass_pathEnd_N.png using Guid(8d3d3fba8c0013c46bc9ac2d56d94809) Importer(815301076,1909f56bfc062723c751e8b465ee728b)  -> (artifact id: '0266811549a6bd040183a440171b0420') in 0.026343 seconds 
Number of asset objects unloaded after import = 3
========================================================================
Received Import Request.
  Time since last request: 0.000014 seconds.
  path: Assets/04.Sprites/Tiles/grass_pathEndSquare_N.png
  artifactKey: Guid(b7447227fbf54e14693f9c88ce9457e5) Importer(815301076,1909f56bfc062723c751e8b465ee728b)
Number of updated assets reloaded before import = 0
Start importing Assets/04.Sprites/Tiles/grass_pathEndSquare_N.png using Guid(b7447227fbf54e14693f9c88ce9457e5) Importer(815301076,1909f56bfc062723c751e8b465ee728b)  -> (artifact id: '397d3e0e4569633324c706f299000bce') in 0.020226 seconds 
Number of asset objects unloaded after import = 3
========================================================================
Received Import Request.
  Time since last request: 0.468469 seconds.
  path: Assets/04.Sprites/Tiles/grass_pathSplit_E.png
  artifactKey: Guid(1816abc23edca0b42b4041d0203e1d4a) Importer(815301076,1909f56bfc062723c751e8b465ee728b)
Number of updated assets reloaded before import = 0
Start importing Assets/04.Sprites/Tiles/grass_pathSplit_E.png using Guid(1816abc23edca0b42b4041d0203e1d4a) Importer(815301076,1909f56bfc062723c751e8b465ee728b)  -> (artifact id: 'feafd6d58bd131f502e3b699749fa5c7') in 0.028460 seconds 
Number of asset objects unloaded after import = 3
========================================================================
Received Import Request.
  Time since last request: 0.000014 seconds.
  path: Assets/04.Sprites/Tiles/grass_river_E.png
  artifactKey: Guid(81d23e6506821c84181258e8a56f25a8) Importer(815301076,1909f56bfc062723c751e8b465ee728b)
Number of updated assets reloaded before import = 0
Start importing Assets/04.Sprites/Tiles/grass_river_E.png using Guid(81d23e6506821c84181258e8a56f25a8) Importer(815301076,1909f56bfc062723c751e8b465ee728b)  -> (artifact id: 'b913f0242de1c2b80473a384a45e56c0') in 0.021666 seconds 
Number of asset objects unloaded after import = 3
========================================================================
Received Import Request.
  Time since last request: 0.015770 seconds.
  path: Assets/04.Sprites/Tiles/grass_riverBend_W.png
  artifactKey: Guid(95ec04da117011b4ca55686986990007) Importer(815301076,1909f56bfc062723c751e8b465ee728b)
Number of updated assets reloaded before import = 0
Start importing Assets/04.Sprites/Tiles/grass_riverBend_W.png using Guid(95ec04da117011b4ca55686986990007) Importer(815301076,1909f56bfc062723c751e8b465ee728b)  -> (artifact id: '1f93f73bf3580d418fc04c2f01e84971') in 0.027828 seconds 
Number of asset objects unloaded after import = 3
========================================================================
Received Import Request.
  Time since last request: 0.000016 seconds.
  path: Assets/04.Sprites/Tiles/grass_riverCorner_N.png
  artifactKey: Guid(bbb8773589c87774b80939975faa4e12) Importer(815301076,1909f56bfc062723c751e8b465ee728b)
Number of updated assets reloaded before import = 0
Start importing Assets/04.Sprites/Tiles/grass_riverCorner_N.png using Guid(bbb8773589c87774b80939975faa4e12) Importer(815301076,1909f56bfc062723c751e8b465ee728b)  -> (artifact id: '1697fd7f35b26b5583e308f366d51d99') in 0.022696 seconds 
Number of asset objects unloaded after import = 3
========================================================================
Received Import Request.
  Time since last request: 0.920058 seconds.
  path: Assets/04.Sprites/Tiles/grass_riverCrossing_S.png
  artifactKey: Guid(6f4e88841a9cdc54ca4689dcaa717126) Importer(815301076,1909f56bfc062723c751e8b465ee728b)
Number of updated assets reloaded before import = 0
Start importing Assets/04.Sprites/Tiles/grass_riverCrossing_S.png using Guid(6f4e88841a9cdc54ca4689dcaa717126) Importer(815301076,1909f56bfc062723c751e8b465ee728b)  -> (artifact id: 'c06468f04f97a4db36bc0dc7fc1054b6') in 0.029680 seconds 
Number of asset objects unloaded after import = 3
========================================================================
Received Import Request.
  Time since last request: 0.000018 seconds.
  path: Assets/04.Sprites/Tiles/grass_riverEndSquare_E.png
  artifactKey: Guid(cfb58d9ede65b7349904489834cf7fd5) Importer(815301076,1909f56bfc062723c751e8b465ee728b)
Number of updated assets reloaded before import = 0
Start importing Assets/04.Sprites/Tiles/grass_riverEndSquare_E.png using Guid(cfb58d9ede65b7349904489834cf7fd5) Importer(815301076,1909f56bfc062723c751e8b465ee728b)  -> (artifact id: '93a2b60c7e063812c2b0d00d1a0a0052') in 0.021585 seconds 
Number of asset objects unloaded after import = 3
========================================================================
Received Import Request.
  Time since last request: 0.008396 seconds.
  path: Assets/04.Sprites/Tiles/grass_riverSlope_N.png
  artifactKey: Guid(aca00879cf4393b4bba971143c7931e8) Importer(815301076,1909f56bfc062723c751e8b465ee728b)
Number of updated assets reloaded before import = 0
Start importing Assets/04.Sprites/Tiles/grass_riverSlope_N.png using Guid(aca00879cf4393b4bba971143c7931e8) Importer(815301076,1909f56bfc062723c751e8b465ee728b)  -> (artifact id: '8f72479415dccaa6e0db2409ee908863') in 0.027478 seconds 
Number of asset objects unloaded after import = 3
========================================================================
Received Import Request.
  Time since last request: 0.410574 seconds.
  path: Assets/04.Sprites/Tiles/grass_slopeConcave_E.png
  artifactKey: Guid(55bb819b65f0abc4fb0fadbbda5b9ee8) Importer(815301076,1909f56bfc062723c751e8b465ee728b)
Number of updated assets reloaded before import = 0
Start importing Assets/04.Sprites/Tiles/grass_slopeConcave_E.png using Guid(55bb819b65f0abc4fb0fadbbda5b9ee8) Importer(815301076,1909f56bfc062723c751e8b465ee728b)  -> (artifact id: '28b3609610027f7d5761e117c6894d9f') in 0.028682 seconds 
Number of asset objects unloaded after import = 3
========================================================================
Received Import Request.
  Time since last request: 0.000013 seconds.
  path: Assets/04.Sprites/Tiles/grass_slopeConvex_S.png
  artifactKey: Guid(94274668a1975d64ba8f9fcd0e35e838) Importer(815301076,1909f56bfc062723c751e8b465ee728b)
Number of updated assets reloaded before import = 0
Start importing Assets/04.Sprites/Tiles/grass_slopeConvex_S.png using Guid(94274668a1975d64ba8f9fcd0e35e838) Importer(815301076,1909f56bfc062723c751e8b465ee728b)  -> (artifact id: '80b39ec2cff2d26a640642a781bb429b') in 0.019661 seconds 
Number of asset objects unloaded after import = 3
========================================================================
Received Import Request.
  Time since last request: 0.010911 seconds.
  path: Assets/04.Sprites/Tiles/grass_water_W.png
  artifactKey: Guid(f51a69affcf035e46bae9e6415a710fb) Importer(815301076,1909f56bfc062723c751e8b465ee728b)
Number of updated assets reloaded before import = 0
Start importing Assets/04.Sprites/Tiles/grass_water_W.png using Guid(f51a69affcf035e46bae9e6415a710fb) Importer(815301076,1909f56bfc062723c751e8b465ee728b)  -> (artifact id: '77404e77ffb9f9c1c53795d76e5ebdb2') in 0.024160 seconds 
Number of asset objects unloaded after import = 3
========================================================================
Received Import Request.
  Time since last request: 0.000016 seconds.
  path: Assets/04.Sprites/Tiles/grass_waterRiver_W.png
  artifactKey: Guid(41f318fd15c28ee468e2472365ea3e96) Importer(815301076,1909f56bfc062723c751e8b465ee728b)
Number of updated assets reloaded before import = 0
Start importing Assets/04.Sprites/Tiles/grass_waterRiver_W.png using Guid(41f318fd15c28ee468e2472365ea3e96) Importer(815301076,1909f56bfc062723c751e8b465ee728b)  -> (artifact id: '51183ce2f9599443621479f5172d7197') in 0.041826 seconds 
Number of asset objects unloaded after import = 3
========================================================================
Received Import Request.
  Time since last request: 0.000023 seconds.
  path: Assets/04.Sprites/Tiles/rocks_dirt_E.png
  artifactKey: Guid(049c38e2d0143844e9b77df7184926ec) Importer(815301076,1909f56bfc062723c751e8b465ee728b)
Number of updated assets reloaded before import = 0
Start importing Assets/04.Sprites/Tiles/rocks_dirt_E.png using Guid(049c38e2d0143844e9b77df7184926ec) Importer(815301076,1909f56bfc062723c751e8b465ee728b)  -> (artifact id: 'db3ac681d2ca70778fe3ca0dc2d4c523') in 0.022404 seconds 
Number of asset objects unloaded after import = 3
========================================================================
Received Import Request.
  Time since last request: 0.000021 seconds.
  path: Assets/04.Sprites/Tiles/grass_waterRiver_N.png
  artifactKey: Guid(1945dd1580cb0de43bf874eb30113d06) Importer(815301076,1909f56bfc062723c751e8b465ee728b)
Number of updated assets reloaded before import = 0
Start importing Assets/04.Sprites/Tiles/grass_waterRiver_N.png using Guid(1945dd1580cb0de43bf874eb30113d06) Importer(815301076,1909f56bfc062723c751e8b465ee728b)  -> (artifact id: '3a77e253ff529a73b83aad76bca2997f') in 0.020210 seconds 
Number of asset objects unloaded after import = 3
========================================================================
Received Import Request.
  Time since last request: 0.185136 seconds.
  path: Assets/04.Sprites/Tiles/roof_churchBeige_N.png
  artifactKey: Guid(c190bb9225c535b4aac70b4014a7cee8) Importer(815301076,1909f56bfc062723c751e8b465ee728b)
Number of updated assets reloaded before import = 0
Start importing Assets/04.Sprites/Tiles/roof_churchBeige_N.png using Guid(c190bb9225c535b4aac70b4014a7cee8) Importer(815301076,1909f56bfc062723c751e8b465ee728b)  -> (artifact id: '6fdfaa079b568d52c93b0e31b6077b49') in 0.027641 seconds 
Number of asset objects unloaded after import = 3
========================================================================
Received Import Request.
  Time since last request: 0.000020 seconds.
  path: Assets/04.Sprites/Tiles/roof_churchBrown_S.png
  artifactKey: Guid(91044d12dc118384c83e55182cd19b54) Importer(815301076,1909f56bfc062723c751e8b465ee728b)
Number of updated assets reloaded before import = 0
Start importing Assets/04.Sprites/Tiles/roof_churchBrown_S.png using Guid(91044d12dc118384c83e55182cd19b54) Importer(815301076,1909f56bfc062723c751e8b465ee728b)  -> (artifact id: 'd1e6f5c7ec1c097159c41ef2570ce55e') in 0.020197 seconds 
Number of asset objects unloaded after import = 3
========================================================================
Received Import Request.
  Time since last request: 0.000558 seconds.
  path: Assets/04.Sprites/Tiles/roof_churchPurple_E.png
  artifactKey: Guid(9dc0e5921b5e63d41a5e03ef71efbfcc) Importer(815301076,1909f56bfc062723c751e8b465ee728b)
Number of updated assets reloaded before import = 0
Start importing Assets/04.Sprites/Tiles/roof_churchPurple_E.png using Guid(9dc0e5921b5e63d41a5e03ef71efbfcc) Importer(815301076,1909f56bfc062723c751e8b465ee728b)  -> (artifact id: '83b98b7f522288e64511d0ad8b290e5a') in 0.027100 seconds 
Number of asset objects unloaded after import = 3
========================================================================
Received Import Request.
  Time since last request: 0.000016 seconds.
  path: Assets/04.Sprites/Tiles/roof_gableBeige_N.png
  artifactKey: Guid(6c45455a326467b4084da590207ba0b7) Importer(815301076,1909f56bfc062723c751e8b465ee728b)
Number of updated assets reloaded before import = 0
Start importing Assets/04.Sprites/Tiles/roof_gableBeige_N.png using Guid(6c45455a326467b4084da590207ba0b7) Importer(815301076,1909f56bfc062723c751e8b465ee728b)  -> (artifact id: 'bae13475a262777d11c9a65d0ce6ed99') in 0.020041 seconds 
Number of asset objects unloaded after import = 3
========================================================================
Received Import Request.
  Time since last request: 1246.746443 seconds.
  path: Assets/04.Sprites/ForestBG_158.asset
  artifactKey: Guid(60e02c65156544f41b7416c0ce4838d7) Importer(815301076,1909f56bfc062723c751e8b465ee728b)
Number of updated assets reloaded before import = 0
Start importing Assets/04.Sprites/ForestBG_158.asset using Guid(60e02c65156544f41b7416c0ce4838d7) Importer(815301076,1909f56bfc062723c751e8b465ee728b)  -> (artifact id: '5cf2e2d7cb0f30acb7a1d6e79227c17c') in 0.021152 seconds 
Number of asset objects unloaded after import = 3
========================================================================
Received Prepare
Registering precompiled user dll's ...
Registered in 0.004827 seconds.
Begin MonoManager ReloadAssembly
Native extension for WindowsStandalone target not found
Native extension for iOS target not found
Native extension for Android target not found
Refreshing native plugins compatible for Editor in 0.78 ms, found 4 plugins.
Preloading 0 native plugins for Editor in 0.00 ms.
[Package Manager] Server::EnsureServerProcessIsRunning -- launch failed, reason: Unity was launched with the -noUpm command-line argument
[Package Manager] Cannot connect to Unity Package Manager local server
Mono: successfully reloaded assembly
- Completed reload, in  1.193 seconds
Domain Reload Profiling:
	ReloadAssembly (1193ms)
		BeginReloadAssembly (143ms)
			ExecutionOrderSort (0ms)
			DisableScriptedObjects (7ms)
			BackupInstance (0ms)
			ReleaseScriptingObjects (0ms)
			CreateAndSetChildDomain (37ms)
		EndReloadAssembly (968ms)
			LoadAssemblies (99ms)
			RebuildTransferFunctionScriptingTraits (0ms)
			SetupTypeCache (190ms)
			ReleaseScriptCaches (1ms)
			RebuildScriptCaches (38ms)
			SetupLoadedEditorAssemblies (635ms)
				LogAssemblyErrors (0ms)
				InitializePlatformSupportModulesInManaged (24ms)
				SetLoadedEditorAssemblies (0ms)
				RefreshPlugins (1ms)
				BeforeProcessingInitializeOnLoad (59ms)
				ProcessInitializeOnLoadAttributes (510ms)
				ProcessInitializeOnLoadMethodAttributes (38ms)
				AfterProcessingInitializeOnLoad (3ms)
				EditorAssembliesLoaded (0ms)
			ExecutionOrderSort2 (0ms)
			AwakeInstancesAfterBackupRestoration (6ms)
Platform modules already initialized, skipping
Refreshing native plugins compatible for Editor in 0.80 ms, found 4 plugins.
Preloading 0 native plugins for Editor in 0.00 ms.
Unloading 3854 Unused Serialized files (Serialized files now loaded: 0)
Unloading 25 unused Assets / (22.0 KB). Loaded Objects now: 4351.
Memory consumption went from 151.2 MB to 151.2 MB.
Total: 2.738100 ms (FindLiveObjects: 0.389000 ms CreateObjectMapping: 0.086600 ms MarkObjects: 2.240500 ms  DeleteObjects: 0.021200 ms)

AssetImportParameters requested are different than current active one (requested -> active):
  custom:video-decoder-ogg-theora: a1e56fd34408186e4bbccfd4996cb3dc -> 
  custom:container-muxer-webm: aa71ff27fc2769a1b78a27578f13a17b -> 
  custom:container-demuxer-webm: 4f35f7cbe854078d1ac9338744f61a02 -> 
  custom:video-encoder-webm-vp8: eb34c28f22e8b96e1ab97ce403110664 -> 
  custom:CustomObjectIndexerAttribute: bc11b3a6c3213fcdd17b65e7da85e133 -> 
  custom:audio-encoder-webm-vorbis: bf7c407c2cedff20999df2af8eb42d56 -> 
  custom:framework-win-MediaFoundation: 216162199b28c13a410421893ffa2e32 -> 
  custom:SearchIndexIgnoredProperties: e643bd26f0fe6173181afceb89e7c659 -> 
  custom:container-demuxer-ogg: 62fdf1f143b41e24485cea50d1cbac27 -> 
  custom:video-decoder-webm-vp8: 9c59270c3fd7afecdb556c50c9e8de78 -> 
  custom:audio-decoder-ogg-vorbis: bf7c407c2cedff20999df2af8eb42d56 -> 
========================================================================
Received Prepare
Registering precompiled user dll's ...
Registered in 0.004549 seconds.
Begin MonoManager ReloadAssembly
Native extension for WindowsStandalone target not found
Native extension for iOS target not found
Native extension for Android target not found
Refreshing native plugins compatible for Editor in 0.61 ms, found 4 plugins.
Preloading 0 native plugins for Editor in 0.00 ms.
[Package Manager] Server::EnsureServerProcessIsRunning -- launch failed, reason: Unity was launched with the -noUpm command-line argument
[Package Manager] Cannot connect to Unity Package Manager local server
Mono: successfully reloaded assembly
- Completed reload, in  1.168 seconds
Domain Reload Profiling:
	ReloadAssembly (1168ms)
		BeginReloadAssembly (127ms)
			ExecutionOrderSort (0ms)
			DisableScriptedObjects (6ms)
			BackupInstance (0ms)
			ReleaseScriptingObjects (0ms)
			CreateAndSetChildDomain (32ms)
		EndReloadAssembly (966ms)
			LoadAssemblies (87ms)
			RebuildTransferFunctionScriptingTraits (0ms)
			SetupTypeCache (185ms)
			ReleaseScriptCaches (1ms)
			RebuildScriptCaches (37ms)
			SetupLoadedEditorAssemblies (643ms)
				LogAssemblyErrors (0ms)
				InitializePlatformSupportModulesInManaged (24ms)
				SetLoadedEditorAssemblies (0ms)
				RefreshPlugins (1ms)
				BeforeProcessingInitializeOnLoad (57ms)
				ProcessInitializeOnLoadAttributes (519ms)
				ProcessInitializeOnLoadMethodAttributes (38ms)
				AfterProcessingInitializeOnLoad (3ms)
				EditorAssembliesLoaded (0ms)
			ExecutionOrderSort2 (0ms)
			AwakeInstancesAfterBackupRestoration (6ms)
Platform modules already initialized, skipping
Refreshing native plugins compatible for Editor in 0.65 ms, found 4 plugins.
Preloading 0 native plugins for Editor in 0.00 ms.
Unloading 3854 Unused Serialized files (Serialized files now loaded: 0)
Unloading 25 unused Assets / (22.0 KB). Loaded Objects now: 4354.
Memory consumption went from 151.2 MB to 151.2 MB.
Total: 2.622400 ms (FindLiveObjects: 0.245700 ms CreateObjectMapping: 0.084400 ms MarkObjects: 2.274800 ms  DeleteObjects: 0.016400 ms)

AssetImportParameters requested are different than current active one (requested -> active):
  custom:video-decoder-ogg-theora: a1e56fd34408186e4bbccfd4996cb3dc -> 
  custom:container-muxer-webm: aa71ff27fc2769a1b78a27578f13a17b -> 
  custom:container-demuxer-webm: 4f35f7cbe854078d1ac9338744f61a02 -> 
  custom:video-encoder-webm-vp8: eb34c28f22e8b96e1ab97ce403110664 -> 
  custom:CustomObjectIndexerAttribute: bc11b3a6c3213fcdd17b65e7da85e133 -> 
  custom:audio-encoder-webm-vorbis: bf7c407c2cedff20999df2af8eb42d56 -> 
  custom:framework-win-MediaFoundation: 216162199b28c13a410421893ffa2e32 -> 
  custom:SearchIndexIgnoredProperties: e643bd26f0fe6173181afceb89e7c659 -> 
  custom:container-demuxer-ogg: 62fdf1f143b41e24485cea50d1cbac27 -> 
  custom:video-decoder-webm-vp8: 9c59270c3fd7afecdb556c50c9e8de78 -> 
  custom:audio-decoder-ogg-vorbis: bf7c407c2cedff20999df2af8eb42d56 -> 
========================================================================
Received Prepare
Registering precompiled user dll's ...
Registered in 0.004231 seconds.
Begin MonoManager ReloadAssembly
Native extension for WindowsStandalone target not found
Native extension for iOS target not found
Native extension for Android target not found
Refreshing native plugins compatible for Editor in 0.84 ms, found 4 plugins.
Preloading 0 native plugins for Editor in 0.00 ms.
[Package Manager] Server::EnsureServerProcessIsRunning -- launch failed, reason: Unity was launched with the -noUpm command-line argument
[Package Manager] Cannot connect to Unity Package Manager local server
Mono: successfully reloaded assembly
- Completed reload, in  1.249 seconds
Domain Reload Profiling:
	ReloadAssembly (1249ms)
		BeginReloadAssembly (135ms)
			ExecutionOrderSort (0ms)
			DisableScriptedObjects (6ms)
			BackupInstance (0ms)
			ReleaseScriptingObjects (0ms)
			CreateAndSetChildDomain (35ms)
		EndReloadAssembly (1034ms)
			LoadAssemblies (98ms)
			RebuildTransferFunctionScriptingTraits (0ms)
			SetupTypeCache (205ms)
			ReleaseScriptCaches (1ms)
			RebuildScriptCaches (42ms)
			SetupLoadedEditorAssemblies (671ms)
				LogAssemblyErrors (0ms)
				InitializePlatformSupportModulesInManaged (27ms)
				SetLoadedEditorAssemblies (0ms)
				RefreshPlugins (1ms)
				BeforeProcessingInitializeOnLoad (63ms)
				ProcessInitializeOnLoadAttributes (533ms)
				ProcessInitializeOnLoadMethodAttributes (43ms)
				AfterProcessingInitializeOnLoad (3ms)
				EditorAssembliesLoaded (0ms)
			ExecutionOrderSort2 (0ms)
			AwakeInstancesAfterBackupRestoration (7ms)
Platform modules already initialized, skipping
Refreshing native plugins compatible for Editor in 0.90 ms, found 4 plugins.
Preloading 0 native plugins for Editor in 0.00 ms.
Unloading 3854 Unused Serialized files (Serialized files now loaded: 0)
Unloading 25 unused Assets / (22.0 KB). Loaded Objects now: 4357.
Memory consumption went from 151.2 MB to 151.2 MB.
Total: 2.765500 ms (FindLiveObjects: 0.259100 ms CreateObjectMapping: 0.090800 ms MarkObjects: 2.387400 ms  DeleteObjects: 0.027200 ms)

AssetImportParameters requested are different than current active one (requested -> active):
  custom:video-decoder-ogg-theora: a1e56fd34408186e4bbccfd4996cb3dc -> 
  custom:container-muxer-webm: aa71ff27fc2769a1b78a27578f13a17b -> 
  custom:container-demuxer-webm: 4f35f7cbe854078d1ac9338744f61a02 -> 
  custom:video-encoder-webm-vp8: eb34c28f22e8b96e1ab97ce403110664 -> 
  custom:CustomObjectIndexerAttribute: bc11b3a6c3213fcdd17b65e7da85e133 -> 
  custom:audio-encoder-webm-vorbis: bf7c407c2cedff20999df2af8eb42d56 -> 
  custom:framework-win-MediaFoundation: 216162199b28c13a410421893ffa2e32 -> 
  custom:SearchIndexIgnoredProperties: e643bd26f0fe6173181afceb89e7c659 -> 
  custom:container-demuxer-ogg: 62fdf1f143b41e24485cea50d1cbac27 -> 
  custom:video-decoder-webm-vp8: 9c59270c3fd7afecdb556c50c9e8de78 -> 
  custom:audio-decoder-ogg-vorbis: bf7c407c2cedff20999df2af8eb42d56 -> 
========================================================================
Received Prepare
Registering precompiled user dll's ...
Registered in 0.003988 seconds.
Begin MonoManager ReloadAssembly
Native extension for WindowsStandalone target not found
Native extension for iOS target not found
Native extension for Android target not found
Refreshing native plugins compatible for Editor in 0.76 ms, found 4 plugins.
Preloading 0 native plugins for Editor in 0.00 ms.
[Package Manager] Server::EnsureServerProcessIsRunning -- launch failed, reason: Unity was launched with the -noUpm command-line argument
[Package Manager] Cannot connect to Unity Package Manager local server
Mono: successfully reloaded assembly
- Completed reload, in  1.160 seconds
Domain Reload Profiling:
	ReloadAssembly (1161ms)
		BeginReloadAssembly (117ms)
			ExecutionOrderSort (0ms)
			DisableScriptedObjects (6ms)
			BackupInstance (0ms)
			ReleaseScriptingObjects (0ms)
			CreateAndSetChildDomain (28ms)
		EndReloadAssembly (970ms)
			LoadAssemblies (83ms)
			RebuildTransferFunctionScriptingTraits (0ms)
			SetupTypeCache (182ms)
			ReleaseScriptCaches (1ms)
			RebuildScriptCaches (37ms)
			SetupLoadedEditorAssemblies (650ms)
				LogAssemblyErrors (0ms)
				InitializePlatformSupportModulesInManaged (24ms)
				SetLoadedEditorAssemblies (0ms)
				RefreshPlugins (1ms)
				BeforeProcessingInitializeOnLoad (58ms)
				ProcessInitializeOnLoadAttributes (525ms)
				ProcessInitializeOnLoadMethodAttributes (39ms)
				AfterProcessingInitializeOnLoad (3ms)
				EditorAssembliesLoaded (0ms)
			ExecutionOrderSort2 (0ms)
			AwakeInstancesAfterBackupRestoration (6ms)
Platform modules already initialized, skipping
Refreshing native plugins compatible for Editor in 0.83 ms, found 4 plugins.
Preloading 0 native plugins for Editor in 0.00 ms.
Unloading 3854 Unused Serialized files (Serialized files now loaded: 0)
Unloading 25 unused Assets / (22.0 KB). Loaded Objects now: 4360.
Memory consumption went from 151.2 MB to 151.2 MB.
Total: 2.706200 ms (FindLiveObjects: 0.290600 ms CreateObjectMapping: 0.080300 ms MarkObjects: 2.319800 ms  DeleteObjects: 0.014600 ms)

AssetImportParameters requested are different than current active one (requested -> active):
  custom:video-decoder-ogg-theora: a1e56fd34408186e4bbccfd4996cb3dc -> 
  custom:container-muxer-webm: aa71ff27fc2769a1b78a27578f13a17b -> 
  custom:container-demuxer-webm: 4f35f7cbe854078d1ac9338744f61a02 -> 
  custom:video-encoder-webm-vp8: eb34c28f22e8b96e1ab97ce403110664 -> 
  custom:CustomObjectIndexerAttribute: bc11b3a6c3213fcdd17b65e7da85e133 -> 
  custom:audio-encoder-webm-vorbis: bf7c407c2cedff20999df2af8eb42d56 -> 
  custom:framework-win-MediaFoundation: 216162199b28c13a410421893ffa2e32 -> 
  custom:SearchIndexIgnoredProperties: e643bd26f0fe6173181afceb89e7c659 -> 
  custom:container-demuxer-ogg: 62fdf1f143b41e24485cea50d1cbac27 -> 
  custom:video-decoder-webm-vp8: 9c59270c3fd7afecdb556c50c9e8de78 -> 
  custom:audio-decoder-ogg-vorbis: bf7c407c2cedff20999df2af8eb42d56 -> 
========================================================================
Received Import Request.
  Time since last request: 583.282046 seconds.
  path: Assets/05.Prefab/.prefab
  artifactKey: Guid(0eab10a0697c73849b5b08a2b488a47b) Importer(815301076,1909f56bfc062723c751e8b465ee728b)
Number of updated assets reloaded before import = 0
Start importing Assets/05.Prefab/.prefab using Guid(0eab10a0697c73849b5b08a2b488a47b) Importer(815301076,1909f56bfc062723c751e8b465ee728b)  -> (artifact id: '5494ff55e729a34dc8a6026e9049d5dd') in 0.080370 seconds 
Number of asset objects unloaded after import = 10
========================================================================
Received Import Request.
  Time since last request: 0.000021 seconds.
  path: Assets/05.Prefab
  artifactKey: Guid(a769f0e79ed1f5440a81c8fac15072a1) Importer(815301076,1909f56bfc062723c751e8b465ee728b)
Number of updated assets reloaded before import = 0
Start importing Assets/05.Prefab using Guid(a769f0e79ed1f5440a81c8fac15072a1) Importer(815301076,1909f56bfc062723c751e8b465ee728b)  -> (artifact id: 'adb3c8d22b8e2fd74005a20eb3afe38e') in 0.005595 seconds 
Number of asset objects unloaded after import = 0
========================================================================
Received Import Request.
  Time since last request: 2.339448 seconds.
  path: Assets/05.Prefab/map/room2.prefab
  artifactKey: Guid(48ad638c353dbca4891f5466fe05c596) Importer(815301076,1909f56bfc062723c751e8b465ee728b)
Number of updated assets reloaded before import = 0
Start importing Assets/05.Prefab/map/room2.prefab using Guid(48ad638c353dbca4891f5466fe05c596) Importer(815301076,1909f56bfc062723c751e8b465ee728b)  -> (artifact id: '6c98992bb9d413509d6280e1cf7186f6') in 0.037622 seconds 
Number of asset objects unloaded after import = 135
========================================================================
Received Import Request.
  Time since last request: 0.000017 seconds.
  path: Assets/05.Prefab/map/room3.prefab
  artifactKey: Guid(8fc62e60e3c55854bae9ead2170d5588) Importer(815301076,1909f56bfc062723c751e8b465ee728b)
Number of updated assets reloaded before import = 0
Start importing Assets/05.Prefab/map/room3.prefab using Guid(8fc62e60e3c55854bae9ead2170d5588) Importer(815301076,1909f56bfc062723c751e8b465ee728b)  -> (artifact id: '1a4ab0019621bc99d709c2a9758362cb') in 0.020442 seconds 
Number of asset objects unloaded after import = 86
========================================================================
Received Import Request.
  Time since last request: 0.000013 seconds.
  path: Assets/05.Prefab/map/room6.prefab
  artifactKey: Guid(b3b9811b16e594248b88be24451586b3) Importer(815301076,1909f56bfc062723c751e8b465ee728b)
Number of updated assets reloaded before import = 0
Start importing Assets/05.Prefab/map/room6.prefab using Guid(b3b9811b16e594248b88be24451586b3) Importer(815301076,1909f56bfc062723c751e8b465ee728b)  -> (artifact id: '6686d620752268cc02932b8e0e9bcb78') in 0.020747 seconds 
Number of asset objects unloaded after import = 89
Editor requested this worker to shutdown with reason: Scaling down because of idle timeout
AssetImportWorker is now disconnected from the server
Process exiting
Exiting without the bug reporter. Application will terminate with return code 0