Using pre-set license
Built from '2021.3/staging' branch; Version is '2021.3.31f1 (3409e2af086f) revision 3410402'; Using compiler version '192829333'; Build Type 'Release'
OS: 'Windows 10  (10.0.19045) 64bit Core' Language: 'ko' Physical Memory: 16139 MB
BatchMode: 1, IsHumanControllingUs: 0, StartBugReporterOnCrash: 0, Is64bit: 1, IsPro: 1

COMMAND LINE ARGUMENTS:
D:\UnityEditorDownload\2021.3.31f1\Editor\Unity.exe
-adb2
-batchMode
-noUpm
-name
AssetImportWorker17
-projectPath
D:/Project archive/Log6/HoneyComb
-logFile
Logs/AssetImportWorker17.log
-srvPort
8576
Successfully changed project path to: D:/Project archive/Log6/HoneyComb
D:/Project archive/Log6/HoneyComb
[UnityMemory] Configuration Parameters - Can be set up in boot.config
    "memorysetup-bucket-allocator-granularity=16"
    "memorysetup-bucket-allocator-bucket-count=8"
    "memorysetup-bucket-allocator-block-size=33554432"
    "memorysetup-bucket-allocator-block-count=8"
    "memorysetup-main-allocator-block-size=16777216"
    "memorysetup-thread-allocator-block-size=16777216"
    "memorysetup-gfx-main-allocator-block-size=16777216"
    "memorysetup-gfx-thread-allocator-block-size=16777216"
    "memorysetup-cache-allocator-block-size=4194304"
    "memorysetup-typetree-allocator-block-size=2097152"
    "memorysetup-profiler-bucket-allocator-granularity=16"
    "memorysetup-profiler-bucket-allocator-bucket-count=8"
    "memorysetup-profiler-bucket-allocator-block-size=33554432"
    "memorysetup-profiler-bucket-allocator-block-count=8"
    "memorysetup-profiler-allocator-block-size=16777216"
    "memorysetup-profiler-editor-allocator-block-size=1048576"
    "memorysetup-temp-allocator-size-main=16777216"
    "memorysetup-job-temp-allocator-block-size=2097152"
    "memorysetup-job-temp-allocator-block-size-background=1048576"
    "memorysetup-job-temp-allocator-reduction-small-platforms=262144"
    "memorysetup-temp-allocator-size-background-worker=32768"
    "memorysetup-temp-allocator-size-job-worker=262144"
    "memorysetup-temp-allocator-size-preload-manager=33554432"
    "memorysetup-temp-allocator-size-nav-mesh-worker=65536"
    "memorysetup-temp-allocator-size-audio-worker=65536"
    "memorysetup-temp-allocator-size-cloud-worker=32768"
    "memorysetup-temp-allocator-size-gi-baking-worker=262144"
    "memorysetup-temp-allocator-size-gfx=262144"
Player connection [8756] Host "[IP] 192.168.219.131 [Port] 0 [Flags] 2 [Guid] 2507306754 [EditorId] 2507306754 [Version] 1048832 [Id] WindowsEditor(7,DESKTOP-EDV24H0) [Debug] 1 [PackageName] WindowsEditor [ProjectName] Editor" joined multi-casting on [225.0.0.222:54997]...

Player connection [8756] Host "[IP] 192.168.219.131 [Port] 0 [Flags] 2 [Guid] 2507306754 [EditorId] 2507306754 [Version] 1048832 [Id] WindowsEditor(7,DESKTOP-EDV24H0) [Debug] 1 [PackageName] WindowsEditor [ProjectName] Editor" joined alternative multi-casting on [225.0.0.222:34997]...

[Physics::Module] Initialized MultithreadedJobDispatcher with {0} workers.
Refreshing native plugins compatible for Editor in 102.64 ms, found 4 plugins.
Preloading 0 native plugins for Editor in 0.00 ms.
Initialize engine version: 2021.3.31f1 (3409e2af086f)
[Subsystems] Discovering subsystems at path D:/UnityEditorDownload/2021.3.31f1/Editor/Data/Resources/UnitySubsystems
[Subsystems] Discovering subsystems at path D:/Project archive/Log6/HoneyComb/Assets
GfxDevice: creating device client; threaded=0; jobified=0
Direct3D:
    Version:  Direct3D 11.0 [level 11.1]
    Renderer: NVIDIA GeForce RTX 3060 (ID=0x2504)
    Vendor:   NVIDIA
    VRAM:     12115 MB
    Driver:   32.0.15.6070
Initialize mono
Mono path[0] = 'D:/UnityEditorDownload/2021.3.31f1/Editor/Data/Managed'
Mono path[1] = 'D:/UnityEditorDownload/2021.3.31f1/Editor/Data/MonoBleedingEdge/lib/mono/unityjit-win32'
Mono config path = 'D:/UnityEditorDownload/2021.3.31f1/Editor/Data/MonoBleedingEdge/etc'
Using monoOptions --debugger-agent=transport=dt_socket,embedding=1,server=y,suspend=n,address=127.0.0.1:56656
Begin MonoManager ReloadAssembly
Registering precompiled unity dll's ...
Register platform support module: D:/UnityEditorDownload/2021.3.31f1/Editor/Data/PlaybackEngines/AndroidPlayer/UnityEditor.Android.Extensions.dll
Register platform support module: D:/UnityEditorDownload/2021.3.31f1/Editor/Data/PlaybackEngines/iOSSupport/UnityEditor.iOS.Extensions.dll
Register platform support module: D:/UnityEditorDownload/2021.3.31f1/Editor/Data/PlaybackEngines/WindowsStandaloneSupport/UnityEditor.WindowsStandalone.Extensions.dll
Registered in 0.002522 seconds.
Native extension for WindowsStandalone target not found
[usbmuxd] Start listen thread
[usbmuxd] Listen thread started
Native extension for iOS target not found
Native extension for Android target not found
Android Extension - Scanning For ADB Devices 317 ms
Refreshing native plugins compatible for Editor in 100.89 ms, found 4 plugins.
Preloading 0 native plugins for Editor in 0.00 ms.
Mono: successfully reloaded assembly
- Completed reload, in  0.921 seconds
Domain Reload Profiling:
	ReloadAssembly (921ms)
		BeginReloadAssembly (81ms)
			ExecutionOrderSort (0ms)
			DisableScriptedObjects (0ms)
			BackupInstance (0ms)
			ReleaseScriptingObjects (0ms)
			CreateAndSetChildDomain (1ms)
		EndReloadAssembly (766ms)
			LoadAssemblies (80ms)
			RebuildTransferFunctionScriptingTraits (0ms)
			SetupTypeCache (90ms)
			ReleaseScriptCaches (0ms)
			RebuildScriptCaches (24ms)
			SetupLoadedEditorAssemblies (618ms)
				LogAssemblyErrors (0ms)
				InitializePlatformSupportModulesInManaged (402ms)
				SetLoadedEditorAssemblies (0ms)
				RefreshPlugins (101ms)
				BeforeProcessingInitializeOnLoad (1ms)
				ProcessInitializeOnLoadAttributes (73ms)
				ProcessInitializeOnLoadMethodAttributes (40ms)
				AfterProcessingInitializeOnLoad (0ms)
				EditorAssembliesLoaded (0ms)
			ExecutionOrderSort2 (0ms)
			AwakeInstancesAfterBackupRestoration (0ms)
Platform modules already initialized, skipping
Registering precompiled user dll's ...
Registered in 0.004589 seconds.
Begin MonoManager ReloadAssembly
Native extension for WindowsStandalone target not found
Native extension for iOS target not found
Native extension for Android target not found
Refreshing native plugins compatible for Editor in 99.46 ms, found 4 plugins.
Preloading 0 native plugins for Editor in 0.00 ms.
Package Manager log level set to [2]
[Package Manager] Server::EnsureServerProcessIsRunning -- launch failed, reason: Unity was launched with the -noUpm command-line argument
[Package Manager] Cannot connect to Unity Package Manager local server
Mono: successfully reloaded assembly
- Completed reload, in  1.456 seconds
Domain Reload Profiling:
	ReloadAssembly (1456ms)
		BeginReloadAssembly (113ms)
			ExecutionOrderSort (0ms)
			DisableScriptedObjects (5ms)
			BackupInstance (0ms)
			ReleaseScriptingObjects (0ms)
			CreateAndSetChildDomain (19ms)
		EndReloadAssembly (1257ms)
			LoadAssemblies (92ms)
			RebuildTransferFunctionScriptingTraits (0ms)
			SetupTypeCache (215ms)
			ReleaseScriptCaches (1ms)
			RebuildScriptCaches (59ms)
			SetupLoadedEditorAssemblies (875ms)
				LogAssemblyErrors (0ms)
				InitializePlatformSupportModulesInManaged (24ms)
				SetLoadedEditorAssemblies (0ms)
				RefreshPlugins (100ms)
				BeforeProcessingInitializeOnLoad (86ms)
				ProcessInitializeOnLoadAttributes (622ms)
				ProcessInitializeOnLoadMethodAttributes (41ms)
				AfterProcessingInitializeOnLoad (2ms)
				EditorAssembliesLoaded (0ms)
			ExecutionOrderSort2 (0ms)
			AwakeInstancesAfterBackupRestoration (5ms)
Platform modules already initialized, skipping
========================================================================
Worker process is ready to serve import requests
Launched and connected shader compiler UnityShaderCompiler.exe after 0.08 seconds
Refreshing native plugins compatible for Editor in 0.57 ms, found 4 plugins.
Preloading 0 native plugins for Editor in 0.00 ms.
Unloading 4432 Unused Serialized files (Serialized files now loaded: 0)
Unloading 52 unused Assets / (119.7 KB). Loaded Objects now: 4893.
Memory consumption went from 173.6 MB to 173.5 MB.
Total: 1.935400 ms (FindLiveObjects: 0.162100 ms CreateObjectMapping: 0.053700 ms MarkObjects: 1.652900 ms  DeleteObjects: 0.066100 ms)

AssetImportParameters requested are different than current active one (requested -> active):
  custom:video-decoder-ogg-theora: a1e56fd34408186e4bbccfd4996cb3dc -> 
  custom:container-muxer-webm: aa71ff27fc2769a1b78a27578f13a17b -> 
  custom:container-demuxer-webm: 4f35f7cbe854078d1ac9338744f61a02 -> 
  custom:video-encoder-webm-vp8: eb34c28f22e8b96e1ab97ce403110664 -> 
  custom:CustomObjectIndexerAttribute: bc11b3a6c3213fcdd17b65e7da85e133 -> 
  custom:audio-encoder-webm-vorbis: bf7c407c2cedff20999df2af8eb42d56 -> 
  custom:framework-win-MediaFoundation: 216162199b28c13a410421893ffa2e32 -> 
  custom:SearchIndexIgnoredProperties: e643bd26f0fe6173181afceb89e7c659 -> 
  custom:container-demuxer-ogg: 62fdf1f143b41e24485cea50d1cbac27 -> 
  custom:video-decoder-webm-vp8: 9c59270c3fd7afecdb556c50c9e8de78 -> 
  custom:audio-decoder-ogg-vorbis: bf7c407c2cedff20999df2af8eb42d56 -> 
========================================================================
Received Import Request.
  Time since last request: 437093.216921 seconds.
  path: Assets/04.Sprites/0.Player/cross_motion.png
  artifactKey: Guid(9748f050451e14744be805f2202f1a9f) Importer(815301076,1909f56bfc062723c751e8b465ee728b)
Number of updated assets reloaded before import = 0
Start importing Assets/04.Sprites/0.Player/cross_motion.png using Guid(9748f050451e14744be805f2202f1a9f) Importer(815301076,1909f56bfc062723c751e8b465ee728b)  -> (artifact id: '4110e0c9ea7dee380a1c28913bb6daa2') in 0.141949 seconds 
Number of asset objects unloaded after import = 8
========================================================================
Received Import Request.
  Time since last request: 8.345948 seconds.
  path: Assets/04.Sprites/0.Player/cross_motion.png
  artifactKey: Guid(9748f050451e14744be805f2202f1a9f) Importer(815301076,1909f56bfc062723c751e8b465ee728b)
Number of updated assets reloaded before import = 0
Start importing Assets/04.Sprites/0.Player/cross_motion.png using Guid(9748f050451e14744be805f2202f1a9f) Importer(815301076,1909f56bfc062723c751e8b465ee728b)  -> (artifact id: '8204663a7e382c1aec99ba05801e4803') in 0.103194 seconds 
Number of asset objects unloaded after import = 8
========================================================================
Received Import Request.
  Time since last request: 0.000017 seconds.
  path: Assets/04.Sprites/0.Player/jab_motion.png
  artifactKey: Guid(43158728dc7e2e74aa833e355ff87266) Importer(815301076,1909f56bfc062723c751e8b465ee728b)
Number of updated assets reloaded before import = 0
Start importing Assets/04.Sprites/0.Player/jab_motion.png using Guid(43158728dc7e2e74aa833e355ff87266) Importer(815301076,1909f56bfc062723c751e8b465ee728b)  -> (artifact id: '5dcc4b1fafac4862d1ca345bed37ba0a') in 0.063900 seconds 
Number of asset objects unloaded after import = 7
========================================================================
Received Import Request.
  Time since last request: 0.000018 seconds.
  path: Assets/04.Sprites/0.Player/uppercut_motion.png
  artifactKey: Guid(d5be1b8b8adf6554aafc8d8d62571791) Importer(815301076,1909f56bfc062723c751e8b465ee728b)
Number of updated assets reloaded before import = 0
Start importing Assets/04.Sprites/0.Player/uppercut_motion.png using Guid(d5be1b8b8adf6554aafc8d8d62571791) Importer(815301076,1909f56bfc062723c751e8b465ee728b)  -> (artifact id: 'b6d49e83c955970bd02687b9b5f4e7a1') in 0.086403 seconds 
Number of asset objects unloaded after import = 9
========================================================================
Received Import Request.
  Time since last request: 18.293190 seconds.
  path: Assets/04.Sprites/0.Player/cross_motion.png
  artifactKey: Guid(9748f050451e14744be805f2202f1a9f) Importer(815301076,1909f56bfc062723c751e8b465ee728b)
Number of updated assets reloaded before import = 0
Start importing Assets/04.Sprites/0.Player/cross_motion.png using Guid(9748f050451e14744be805f2202f1a9f) Importer(815301076,1909f56bfc062723c751e8b465ee728b)  -> (artifact id: 'fecaa91ef21ae87c3e61f6271ca08e53') in 0.109657 seconds 
Number of asset objects unloaded after import = 8
========================================================================
Received Import Request.
  Time since last request: 0.000017 seconds.
  path: Assets/04.Sprites/0.Player/idle 2.png
  artifactKey: Guid(df7349194a3d61d479baba83490dad67) Importer(815301076,1909f56bfc062723c751e8b465ee728b)
Number of updated assets reloaded before import = 0
Start importing Assets/04.Sprites/0.Player/idle 2.png using Guid(df7349194a3d61d479baba83490dad67) Importer(815301076,1909f56bfc062723c751e8b465ee728b)  -> (artifact id: '83fb11da0a2fe7c7bbe400a9d7b6801d') in 0.109708 seconds 
Number of asset objects unloaded after import = 13
========================================================================
Received Import Request.
  Time since last request: 22.728473 seconds.
  path: Assets/04.Sprites/0.Player/hard_punch_motion.png
  artifactKey: Guid(e792049aee461c8428e15e1e8835474a) Importer(815301076,1909f56bfc062723c751e8b465ee728b)
Number of updated assets reloaded before import = 0
Start importing Assets/04.Sprites/0.Player/hard_punch_motion.png using Guid(e792049aee461c8428e15e1e8835474a) Importer(815301076,1909f56bfc062723c751e8b465ee728b)  -> (artifact id: 'bad7e4176db67e7290ece0f1ead38683') in 0.177013 seconds 
Number of asset objects unloaded after import = 15
========================================================================
Received Import Request.
  Time since last request: 23.999704 seconds.
  path: Assets/04.Sprites/0.Player/cross_motion.png
  artifactKey: Guid(9748f050451e14744be805f2202f1a9f) Importer(815301076,1909f56bfc062723c751e8b465ee728b)
Number of updated assets reloaded before import = 0
Start importing Assets/04.Sprites/0.Player/cross_motion.png using Guid(9748f050451e14744be805f2202f1a9f) Importer(815301076,1909f56bfc062723c751e8b465ee728b)  -> (artifact id: '272a19d1f8bb43dc044c3340d4e21e58') in 0.138354 seconds 
Number of asset objects unloaded after import = 8
========================================================================
Received Import Request.
  Time since last request: 0.000019 seconds.
  path: Assets/04.Sprites/0.Player/idle 2.png
  artifactKey: Guid(df7349194a3d61d479baba83490dad67) Importer(815301076,1909f56bfc062723c751e8b465ee728b)
Number of updated assets reloaded before import = 0
Start importing Assets/04.Sprites/0.Player/idle 2.png using Guid(df7349194a3d61d479baba83490dad67) Importer(815301076,1909f56bfc062723c751e8b465ee728b)  -> (artifact id: 'a5c1760dd5df7587dbbc47be5c60f490') in 0.105953 seconds 
Number of asset objects unloaded after import = 13
========================================================================
Received Import Request.
  Time since last request: 51.934271 seconds.
  path: Assets/04.Sprites/0.Player/cross_motion.png
  artifactKey: Guid(9748f050451e14744be805f2202f1a9f) Importer(815301076,1909f56bfc062723c751e8b465ee728b)
Number of updated assets reloaded before import = 0
Start importing Assets/04.Sprites/0.Player/cross_motion.png using Guid(9748f050451e14744be805f2202f1a9f) Importer(815301076,1909f56bfc062723c751e8b465ee728b)  -> (artifact id: '505025dd8a863aaf4c1bd40e65367632') in 0.045003 seconds 
Number of asset objects unloaded after import = 8
========================================================================
Received Import Request.
  Time since last request: 0.000018 seconds.
  path: Assets/04.Sprites/0.Player/uppercut_motion.png
  artifactKey: Guid(d5be1b8b8adf6554aafc8d8d62571791) Importer(815301076,1909f56bfc062723c751e8b465ee728b)
Number of updated assets reloaded before import = 0
Start importing Assets/04.Sprites/0.Player/uppercut_motion.png using Guid(d5be1b8b8adf6554aafc8d8d62571791) Importer(815301076,1909f56bfc062723c751e8b465ee728b)  -> (artifact id: '38010b81e127de5491038bccf8f3eb61') in 0.039667 seconds 
Number of asset objects unloaded after import = 9
========================================================================
Received Import Request.
  Time since last request: 144.019091 seconds.
  path: Assets/01.Animation/0.PlayerAnim/AcPlayer.controller
  artifactKey: Guid(9334a0a9eb0f8d1429df5312e34a6561) Importer(815301076,1909f56bfc062723c751e8b465ee728b)
Number of updated assets reloaded before import = 0
Start importing Assets/01.Animation/0.PlayerAnim/AcPlayer.controller using Guid(9334a0a9eb0f8d1429df5312e34a6561) Importer(815301076,1909f56bfc062723c751e8b465ee728b)  -> (artifact id: 'e1dbe1cc56c4a8d205771843fe012622') in 0.008774 seconds 
Number of asset objects unloaded after import = 58
========================================================================
Received Import Request.
  Time since last request: 1.620621 seconds.
  path: Assets/01.Animation/0.PlayerAnim/NewAnim/Idle_v0.5.anim
  artifactKey: Guid(62d05f93d60574d48bba76b8d2ebe645) Importer(815301076,1909f56bfc062723c751e8b465ee728b)
Number of updated assets reloaded before import = 0
Start importing Assets/01.Animation/0.PlayerAnim/NewAnim/Idle_v0.5.anim using Guid(62d05f93d60574d48bba76b8d2ebe645) Importer(815301076,1909f56bfc062723c751e8b465ee728b)  -> (artifact id: '21e75cc114dc4942a70491c022e48ab3') in 0.009248 seconds 
Number of asset objects unloaded after import = 1
========================================================================
Received Import Request.
  Time since last request: 73.748097 seconds.
  path: Assets/04.Sprites/0.Player/hard_punch_motion.png
  artifactKey: Guid(e792049aee461c8428e15e1e8835474a) Importer(815301076,1909f56bfc062723c751e8b465ee728b)
Number of updated assets reloaded before import = 0
Start importing Assets/04.Sprites/0.Player/hard_punch_motion.png using Guid(e792049aee461c8428e15e1e8835474a) Importer(815301076,1909f56bfc062723c751e8b465ee728b)  -> (artifact id: '6f2159b64ec323a7bf781ad5fed5cb51') in 0.103521 seconds 
Number of asset objects unloaded after import = 15
========================================================================
Received Import Request.
  Time since last request: 11.165804 seconds.
  path: Assets/04.Sprites/0.Player/NewSprite/Idle_motion_v0.3.png
  artifactKey: Guid(8955395160fc3ca48807a7253e408db5) Importer(815301076,1909f56bfc062723c751e8b465ee728b)
Number of updated assets reloaded before import = 0
Start importing Assets/04.Sprites/0.Player/NewSprite/Idle_motion_v0.3.png using Guid(8955395160fc3ca48807a7253e408db5) Importer(815301076,1909f56bfc062723c751e8b465ee728b)  -> (artifact id: '815282396e2bb0d531a997a6b3c75ceb') in 0.048789 seconds 
Number of asset objects unloaded after import = 13
========================================================================
Received Import Request.
  Time since last request: 0.000016 seconds.
  path: Assets/04.Sprites/0.Player/NewSprite/uppercut_motion_v0.3.png
  artifactKey: Guid(6b07ff175e736b14288e3832f41e0ba4) Importer(815301076,1909f56bfc062723c751e8b465ee728b)
Number of updated assets reloaded before import = 0
Start importing Assets/04.Sprites/0.Player/NewSprite/uppercut_motion_v0.3.png using Guid(6b07ff175e736b14288e3832f41e0ba4) Importer(815301076,1909f56bfc062723c751e8b465ee728b)  -> (artifact id: '7b34207952546680d6dd3fa54d20808e') in 0.043169 seconds 
Number of asset objects unloaded after import = 9
========================================================================
Received Import Request.
  Time since last request: 0.000018 seconds.
  path: Assets/04.Sprites/0.Player/NewSprite/run_motion_v0.3.png
  artifactKey: Guid(4f4db247b4d96524b9dd394b107df7ae) Importer(815301076,1909f56bfc062723c751e8b465ee728b)
Number of updated assets reloaded before import = 0
Start importing Assets/04.Sprites/0.Player/NewSprite/run_motion_v0.3.png using Guid(4f4db247b4d96524b9dd394b107df7ae) Importer(815301076,1909f56bfc062723c751e8b465ee728b)  -> (artifact id: '50688eeaae6f6afe87963099865f039a') in 0.036429 seconds 
Number of asset objects unloaded after import = 8
========================================================================
Received Import Request.
  Time since last request: 0.000018 seconds.
  path: Assets/04.Sprites/0.Player/NewSprite/hit_motion_v0.3.png
  artifactKey: Guid(9bc68debe4c7652459a158b9ebd47d00) Importer(815301076,1909f56bfc062723c751e8b465ee728b)
Number of updated assets reloaded before import = 0
Start importing Assets/04.Sprites/0.Player/NewSprite/hit_motion_v0.3.png using Guid(9bc68debe4c7652459a158b9ebd47d00) Importer(815301076,1909f56bfc062723c751e8b465ee728b)  -> (artifact id: '09d2349952ca23defc77274c1e86d832') in 0.028438 seconds 
Number of asset objects unloaded after import = 6
========================================================================
Received Import Request.
  Time since last request: 0.000014 seconds.
  path: Assets/04.Sprites/0.Player/NewSprite/hammer_motion_v0.5.png
  artifactKey: Guid(c9329b6c5aa13b84685dfc37511d2f6f) Importer(815301076,1909f56bfc062723c751e8b465ee728b)
Number of updated assets reloaded before import = 0
Start importing Assets/04.Sprites/0.Player/NewSprite/hammer_motion_v0.5.png using Guid(c9329b6c5aa13b84685dfc37511d2f6f) Importer(815301076,1909f56bfc062723c751e8b465ee728b)  -> (artifact id: '11fcf9927d0cbe9cfe322ba563ac9f2d') in 0.055220 seconds 
Number of asset objects unloaded after import = 17
========================================================================
Received Import Request.
  Time since last request: 17.345351 seconds.
  path: Assets/04.Sprites/0.Player/NewSprite/cross_motion_v0.3.png
  artifactKey: Guid(1d0728031a0472b419344ef09b248a84) Importer(815301076,1909f56bfc062723c751e8b465ee728b)
Number of updated assets reloaded before import = 0
Start importing Assets/04.Sprites/0.Player/NewSprite/cross_motion_v0.3.png using Guid(1d0728031a0472b419344ef09b248a84) Importer(815301076,1909f56bfc062723c751e8b465ee728b)  -> (artifact id: 'c4eec926b8be9f76b114098a5a4ae2a2') in 0.034880 seconds 
Number of asset objects unloaded after import = 8
========================================================================
Received Import Request.
  Time since last request: 0.000014 seconds.
  path: Assets/04.Sprites/0.Player/NewSprite/uppercut_motion_v0.3.png
  artifactKey: Guid(6b07ff175e736b14288e3832f41e0ba4) Importer(815301076,1909f56bfc062723c751e8b465ee728b)
Number of updated assets reloaded before import = 0
Start importing Assets/04.Sprites/0.Player/NewSprite/uppercut_motion_v0.3.png using Guid(6b07ff175e736b14288e3832f41e0ba4) Importer(815301076,1909f56bfc062723c751e8b465ee728b)  -> (artifact id: 'c6d2dcfc3988641769450c99a147a8a4') in 0.066668 seconds 
Number of asset objects unloaded after import = 9
========================================================================
Received Import Request.
  Time since last request: 0.000015 seconds.
  path: Assets/04.Sprites/0.Player/NewSprite/jab_motion_v0.3.png
  artifactKey: Guid(6da18180c4f440a418f327a0c2e4d60b) Importer(815301076,1909f56bfc062723c751e8b465ee728b)
Number of updated assets reloaded before import = 0
Start importing Assets/04.Sprites/0.Player/NewSprite/jab_motion_v0.3.png using Guid(6da18180c4f440a418f327a0c2e4d60b) Importer(815301076,1909f56bfc062723c751e8b465ee728b)  -> (artifact id: 'fc57977a589cdce8087256cda478f54c') in 0.064533 seconds 
Number of asset objects unloaded after import = 7
========================================================================
Received Import Request.
  Time since last request: 1.317251 seconds.
  path: Assets/04.Sprites/0.Player/NewSprite/dead_motion_v0.5.png
  artifactKey: Guid(305f975ea8cce6543ad3e377d5a1e106) Importer(815301076,1909f56bfc062723c751e8b465ee728b)
Number of updated assets reloaded before import = 0
Start importing Assets/04.Sprites/0.Player/NewSprite/dead_motion_v0.5.png using Guid(305f975ea8cce6543ad3e377d5a1e106) Importer(815301076,1909f56bfc062723c751e8b465ee728b)  -> (artifact id: '74b0497f97623c0255b6c67bec3757e0') in 0.038932 seconds 
Number of asset objects unloaded after import = 20
========================================================================
Received Import Request.
  Time since last request: 33.157061 seconds.
  path: Assets/04.Sprites/0.Player/NewSprite/cross_motion_v0.3.png
  artifactKey: Guid(1d0728031a0472b419344ef09b248a84) Importer(815301076,1909f56bfc062723c751e8b465ee728b)
Number of updated assets reloaded before import = 0
Start importing Assets/04.Sprites/0.Player/NewSprite/cross_motion_v0.3.png using Guid(1d0728031a0472b419344ef09b248a84) Importer(815301076,1909f56bfc062723c751e8b465ee728b)  -> (artifact id: 'e6c3ae5d3ee9498ac73f537b52275bcf') in 0.073992 seconds 
Number of asset objects unloaded after import = 8
========================================================================
Received Import Request.
  Time since last request: 0.000014 seconds.
  path: Assets/04.Sprites/0.Player/NewSprite/jab_motion_v0.3.png
  artifactKey: Guid(6da18180c4f440a418f327a0c2e4d60b) Importer(815301076,1909f56bfc062723c751e8b465ee728b)
Number of updated assets reloaded before import = 0
Start importing Assets/04.Sprites/0.Player/NewSprite/jab_motion_v0.3.png using Guid(6da18180c4f440a418f327a0c2e4d60b) Importer(815301076,1909f56bfc062723c751e8b465ee728b)  -> (artifact id: '6ce9c93c6f1c3820e5bb8ad8bf6fe2bf') in 0.066902 seconds 
Number of asset objects unloaded after import = 7
========================================================================
Received Import Request.
  Time since last request: 90.804082 seconds.
  path: Assets/01.Animation/0.PlayerAnim/AcPlayer.controller
  artifactKey: Guid(9334a0a9eb0f8d1429df5312e34a6561) Importer(815301076,1909f56bfc062723c751e8b465ee728b)
Number of updated assets reloaded before import = 0
Start importing Assets/01.Animation/0.PlayerAnim/AcPlayer.controller using Guid(9334a0a9eb0f8d1429df5312e34a6561) Importer(815301076,1909f56bfc062723c751e8b465ee728b)  -> (artifact id: 'fea6736fd8c3f7f6ed0deb9eb5ce93d3') in 0.005104 seconds 
Number of asset objects unloaded after import = 58
========================================================================
Received Import Request.
  Time since last request: 20.401111 seconds.
  path: Assets/04.Sprites/0.Player/NewSprite/hard_punch_motion_v0.5.png
  artifactKey: Guid(f16c5b4d267ca044ab5b89d263f85161) Importer(815301076,1909f56bfc062723c751e8b465ee728b)
Number of updated assets reloaded before import = 0
Start importing Assets/04.Sprites/0.Player/NewSprite/hard_punch_motion_v0.5.png using Guid(f16c5b4d267ca044ab5b89d263f85161) Importer(815301076,1909f56bfc062723c751e8b465ee728b)  -> (artifact id: 'e0fb1e83d337254090a80aa8a0839e3d') in 0.028220 seconds 
Number of asset objects unloaded after import = 3
========================================================================
Received Import Request.
  Time since last request: 14.271333 seconds.
  path: Assets/04.Sprites/0.Player/NewSprite/hard_punch_motion_v0.5.png
  artifactKey: Guid(f16c5b4d267ca044ab5b89d263f85161) Importer(815301076,1909f56bfc062723c751e8b465ee728b)
Number of updated assets reloaded before import = 0
Start importing Assets/04.Sprites/0.Player/NewSprite/hard_punch_motion_v0.5.png using Guid(f16c5b4d267ca044ab5b89d263f85161) Importer(815301076,1909f56bfc062723c751e8b465ee728b)  -> (artifact id: 'e70750afda35245f3fece9a4f9b5b3e2') in 0.009789 seconds 
Number of asset objects unloaded after import = 2
========================================================================
Received Import Request.
  Time since last request: 10.461871 seconds.
  path: Assets/04.Sprites/0.Player/NewSprite/hard_punch_motion_v0.5.png
  artifactKey: Guid(f16c5b4d267ca044ab5b89d263f85161) Importer(815301076,1909f56bfc062723c751e8b465ee728b)
Number of updated assets reloaded before import = 0
Start importing Assets/04.Sprites/0.Player/NewSprite/hard_punch_motion_v0.5.png using Guid(f16c5b4d267ca044ab5b89d263f85161) Importer(815301076,1909f56bfc062723c751e8b465ee728b)  -> (artifact id: 'fe977628881be3ec484b964a2d5c24a8') in 0.007952 seconds 
Number of asset objects unloaded after import = 2
========================================================================
Received Import Request.
  Time since last request: 14.570930 seconds.
  path: Assets/04.Sprites/0.Player/NewSprite/hard_punch_motion_v0.5.png
  artifactKey: Guid(f16c5b4d267ca044ab5b89d263f85161) Importer(815301076,1909f56bfc062723c751e8b465ee728b)
Number of updated assets reloaded before import = 0
Start importing Assets/04.Sprites/0.Player/NewSprite/hard_punch_motion_v0.5.png using Guid(f16c5b4d267ca044ab5b89d263f85161) Importer(815301076,1909f56bfc062723c751e8b465ee728b)  -> (artifact id: '10f130fb1fe536ad3367ec6db6efb3f8') in 0.045285 seconds 
Number of asset objects unloaded after import = 18
========================================================================
Received Import Request.
  Time since last request: 67.005404 seconds.
  path: Assets/01.Animation/RabbitAnime/Idle_0.controller
  artifactKey: Guid(7684d1ee5ac80d24d99767e02b0727e1) Importer(815301076,1909f56bfc062723c751e8b465ee728b)
Number of updated assets reloaded before import = 0
Start importing Assets/01.Animation/RabbitAnime/Idle_0.controller using Guid(7684d1ee5ac80d24d99767e02b0727e1) Importer(815301076,1909f56bfc062723c751e8b465ee728b)  -> (artifact id: 'baca3de7fdb23b4f4f07a4f9ec02818b') in 0.008260 seconds 
Number of asset objects unloaded after import = 4
========================================================================
Received Import Request.
  Time since last request: 54.774116 seconds.
  path: Assets/04.Sprites/0.Player/NewSprite/hard_punch_motion_v0.5.png
  artifactKey: Guid(f16c5b4d267ca044ab5b89d263f85161) Importer(815301076,1909f56bfc062723c751e8b465ee728b)
Number of updated assets reloaded before import = 0
Start importing Assets/04.Sprites/0.Player/NewSprite/hard_punch_motion_v0.5.png using Guid(f16c5b4d267ca044ab5b89d263f85161) Importer(815301076,1909f56bfc062723c751e8b465ee728b)  -> (artifact id: 'f32518e16f7f526758b792be1d1c8076') in 0.053688 seconds 
Number of asset objects unloaded after import = 18
