Using pre-set license
Built from '2021.3/staging' branch; Version is '2021.3.31f1 (3409e2af086f) revision 3410402'; Using compiler version '192829333'; Build Type 'Release'
OS: 'Windows 10  (10.0.19045) 64bit Core' Language: 'ko' Physical Memory: 16139 MB
BatchMode: 1, IsHumanControllingUs: 0, StartBugReporterOnCrash: 0, Is64bit: 1, IsPro: 1

COMMAND LINE ARGUMENTS:
D:\UnityEditorDownload\2021.3.31f1\Editor\Unity.exe
-adb2
-batchMode
-noUpm
-name
AssetImportWorker6
-projectPath
D:/Project archive/Log6/HoneyComb
-logFile
Logs/AssetImportWorker6.log
-srvPort
8778
Successfully changed project path to: D:/Project archive/Log6/HoneyComb
D:/Project archive/Log6/HoneyComb
[UnityMemory] Configuration Parameters - Can be set up in boot.config
    "memorysetup-bucket-allocator-granularity=16"
    "memorysetup-bucket-allocator-bucket-count=8"
    "memorysetup-bucket-allocator-block-size=33554432"
    "memorysetup-bucket-allocator-block-count=8"
    "memorysetup-main-allocator-block-size=16777216"
    "memorysetup-thread-allocator-block-size=16777216"
    "memorysetup-gfx-main-allocator-block-size=16777216"
    "memorysetup-gfx-thread-allocator-block-size=16777216"
    "memorysetup-cache-allocator-block-size=4194304"
    "memorysetup-typetree-allocator-block-size=2097152"
    "memorysetup-profiler-bucket-allocator-granularity=16"
    "memorysetup-profiler-bucket-allocator-bucket-count=8"
    "memorysetup-profiler-bucket-allocator-block-size=33554432"
    "memorysetup-profiler-bucket-allocator-block-count=8"
    "memorysetup-profiler-allocator-block-size=16777216"
    "memorysetup-profiler-editor-allocator-block-size=1048576"
    "memorysetup-temp-allocator-size-main=16777216"
    "memorysetup-job-temp-allocator-block-size=2097152"
    "memorysetup-job-temp-allocator-block-size-background=1048576"
    "memorysetup-job-temp-allocator-reduction-small-platforms=262144"
    "memorysetup-temp-allocator-size-background-worker=32768"
    "memorysetup-temp-allocator-size-job-worker=262144"
    "memorysetup-temp-allocator-size-preload-manager=33554432"
    "memorysetup-temp-allocator-size-nav-mesh-worker=65536"
    "memorysetup-temp-allocator-size-audio-worker=65536"
    "memorysetup-temp-allocator-size-cloud-worker=32768"
    "memorysetup-temp-allocator-size-gi-baking-worker=262144"
    "memorysetup-temp-allocator-size-gfx=262144"
Player connection [8392] Host "[IP] 192.168.219.183 [Port] 0 [Flags] 2 [Guid] 3334810654 [EditorId] 3334810654 [Version] 1048832 [Id] WindowsEditor(7,DESKTOP-EDV24H0) [Debug] 1 [PackageName] WindowsEditor [ProjectName] Editor" joined multi-casting on [225.0.0.222:54997]...

Player connection [8392] Host "[IP] 192.168.219.183 [Port] 0 [Flags] 2 [Guid] 3334810654 [EditorId] 3334810654 [Version] 1048832 [Id] WindowsEditor(7,DESKTOP-EDV24H0) [Debug] 1 [PackageName] WindowsEditor [ProjectName] Editor" joined alternative multi-casting on [225.0.0.222:34997]...

[Physics::Module] Initialized MultithreadedJobDispatcher with {0} workers.
Refreshing native plugins compatible for Editor in 86.21 ms, found 4 plugins.
Preloading 0 native plugins for Editor in 0.00 ms.
Initialize engine version: 2021.3.31f1 (3409e2af086f)
[Subsystems] Discovering subsystems at path D:/UnityEditorDownload/2021.3.31f1/Editor/Data/Resources/UnitySubsystems
[Subsystems] Discovering subsystems at path D:/Project archive/Log6/HoneyComb/Assets
GfxDevice: creating device client; threaded=0; jobified=0
Direct3D:
    Version:  Direct3D 11.0 [level 11.1]
    Renderer: NVIDIA GeForce RTX 3060 (ID=0x2504)
    Vendor:   NVIDIA
    VRAM:     12115 MB
    Driver:   32.0.15.6070
Initialize mono
Mono path[0] = 'D:/UnityEditorDownload/2021.3.31f1/Editor/Data/Managed'
Mono path[1] = 'D:/UnityEditorDownload/2021.3.31f1/Editor/Data/MonoBleedingEdge/lib/mono/unityjit-win32'
Mono config path = 'D:/UnityEditorDownload/2021.3.31f1/Editor/Data/MonoBleedingEdge/etc'
Using monoOptions --debugger-agent=transport=dt_socket,embedding=1,server=y,suspend=n,address=127.0.0.1:56060
Begin MonoManager ReloadAssembly
Registering precompiled unity dll's ...
Register platform support module: D:/UnityEditorDownload/2021.3.31f1/Editor/Data/PlaybackEngines/AndroidPlayer/UnityEditor.Android.Extensions.dll
Register platform support module: D:/UnityEditorDownload/2021.3.31f1/Editor/Data/PlaybackEngines/iOSSupport/UnityEditor.iOS.Extensions.dll
Register platform support module: D:/UnityEditorDownload/2021.3.31f1/Editor/Data/PlaybackEngines/WindowsStandaloneSupport/UnityEditor.WindowsStandalone.Extensions.dll
Registered in 0.002649 seconds.
Native extension for WindowsStandalone target not found
[usbmuxd] Start listen thread
[usbmuxd] Listen thread started
Native extension for iOS target not found
Native extension for Android target not found
Android Extension - Scanning For ADB Devices 244 ms
Refreshing native plugins compatible for Editor in 84.84 ms, found 4 plugins.
Preloading 0 native plugins for Editor in 0.00 ms.
Mono: successfully reloaded assembly
- Completed reload, in  0.820 seconds
Domain Reload Profiling:
	ReloadAssembly (820ms)
		BeginReloadAssembly (74ms)
			ExecutionOrderSort (0ms)
			DisableScriptedObjects (0ms)
			BackupInstance (0ms)
			ReleaseScriptingObjects (0ms)
			CreateAndSetChildDomain (0ms)
		EndReloadAssembly (671ms)
			LoadAssemblies (74ms)
			RebuildTransferFunctionScriptingTraits (0ms)
			SetupTypeCache (89ms)
			ReleaseScriptCaches (0ms)
			RebuildScriptCaches (24ms)
			SetupLoadedEditorAssemblies (526ms)
				LogAssemblyErrors (0ms)
				InitializePlatformSupportModulesInManaged (331ms)
				SetLoadedEditorAssemblies (0ms)
				RefreshPlugins (85ms)
				BeforeProcessingInitializeOnLoad (1ms)
				ProcessInitializeOnLoadAttributes (71ms)
				ProcessInitializeOnLoadMethodAttributes (38ms)
				AfterProcessingInitializeOnLoad (0ms)
				EditorAssembliesLoaded (0ms)
			ExecutionOrderSort2 (0ms)
			AwakeInstancesAfterBackupRestoration (0ms)
Platform modules already initialized, skipping
Registering precompiled user dll's ...
Registered in 0.004057 seconds.
Begin MonoManager ReloadAssembly
Native extension for WindowsStandalone target not found
Native extension for iOS target not found
Native extension for Android target not found
Refreshing native plugins compatible for Editor in 84.80 ms, found 4 plugins.
Preloading 0 native plugins for Editor in 0.00 ms.
Package Manager log level set to [2]
[Package Manager] Server::EnsureServerProcessIsRunning -- launch failed, reason: Unity was launched with the -noUpm command-line argument
[Package Manager] Cannot connect to Unity Package Manager local server
Mono: successfully reloaded assembly
- Completed reload, in  1.314 seconds
Domain Reload Profiling:
	ReloadAssembly (1314ms)
		BeginReloadAssembly (107ms)
			ExecutionOrderSort (0ms)
			DisableScriptedObjects (5ms)
			BackupInstance (0ms)
			ReleaseScriptingObjects (0ms)
			CreateAndSetChildDomain (17ms)
		EndReloadAssembly (1122ms)
			LoadAssemblies (86ms)
			RebuildTransferFunctionScriptingTraits (0ms)
			SetupTypeCache (194ms)
			ReleaseScriptCaches (0ms)
			RebuildScriptCaches (50ms)
			SetupLoadedEditorAssemblies (773ms)
				LogAssemblyErrors (0ms)
				InitializePlatformSupportModulesInManaged (23ms)
				SetLoadedEditorAssemblies (0ms)
				RefreshPlugins (85ms)
				BeforeProcessingInitializeOnLoad (80ms)
				ProcessInitializeOnLoadAttributes (542ms)
				ProcessInitializeOnLoadMethodAttributes (40ms)
				AfterProcessingInitializeOnLoad (2ms)
				EditorAssembliesLoaded (0ms)
			ExecutionOrderSort2 (0ms)
			AwakeInstancesAfterBackupRestoration (5ms)
Platform modules already initialized, skipping
========================================================================
Worker process is ready to serve import requests
Launched and connected shader compiler UnityShaderCompiler.exe after 0.05 seconds
Refreshing native plugins compatible for Editor in 0.41 ms, found 4 plugins.
Preloading 0 native plugins for Editor in 0.00 ms.
Unloading 3873 Unused Serialized files (Serialized files now loaded: 0)
Unloading 36 unused Assets / (46.8 KB). Loaded Objects now: 4334.
Memory consumption went from 153.1 MB to 153.1 MB.
Total: 1.792100 ms (FindLiveObjects: 0.247800 ms CreateObjectMapping: 0.053500 ms MarkObjects: 1.436900 ms  DeleteObjects: 0.053100 ms)

AssetImportParameters requested are different than current active one (requested -> active):
  custom:video-decoder-ogg-theora: a1e56fd34408186e4bbccfd4996cb3dc -> 
  custom:container-muxer-webm: aa71ff27fc2769a1b78a27578f13a17b -> 
  custom:container-demuxer-webm: 4f35f7cbe854078d1ac9338744f61a02 -> 
  custom:video-encoder-webm-vp8: eb34c28f22e8b96e1ab97ce403110664 -> 
  custom:CustomObjectIndexerAttribute: bc11b3a6c3213fcdd17b65e7da85e133 -> 
  custom:audio-encoder-webm-vorbis: bf7c407c2cedff20999df2af8eb42d56 -> 
  custom:framework-win-MediaFoundation: 216162199b28c13a410421893ffa2e32 -> 
  custom:SearchIndexIgnoredProperties: e643bd26f0fe6173181afceb89e7c659 -> 
  custom:container-demuxer-ogg: 62fdf1f143b41e24485cea50d1cbac27 -> 
  custom:video-decoder-webm-vp8: 9c59270c3fd7afecdb556c50c9e8de78 -> 
  custom:audio-decoder-ogg-vorbis: bf7c407c2cedff20999df2af8eb42d56 -> 
========================================================================
Received Import Request.
  Time since last request: 540148.049438 seconds.
  path: Assets/05.Sprites/Tiles
  artifactKey: Guid(252ca71ea03fbf247a06d827867f9d26) Importer(815301076,1909f56bfc062723c751e8b465ee728b)
Number of updated assets reloaded before import = 0
Start importing Assets/05.Sprites/Tiles using Guid(252ca71ea03fbf247a06d827867f9d26) Importer(815301076,1909f56bfc062723c751e8b465ee728b)  -> (artifact id: '265a49412b33b2b561a31562a19ab534') in 0.011077 seconds 
Number of asset objects unloaded after import = 0
========================================================================
Received Import Request.
  Time since last request: 0.035182 seconds.
  path: Assets/05.Sprites/Tiles/bridge_E.png
  artifactKey: Guid(d006fbc0f8c883545a3a6a01ee65eb01) Importer(815301076,1909f56bfc062723c751e8b465ee728b)
Number of updated assets reloaded before import = 0
Start importing Assets/05.Sprites/Tiles/bridge_E.png using Guid(d006fbc0f8c883545a3a6a01ee65eb01) Importer(815301076,1909f56bfc062723c751e8b465ee728b)  -> (artifact id: 'ef044a847fff7d868e0eab93ec764a83') in 0.080210 seconds 
Number of asset objects unloaded after import = 3
========================================================================
Received Import Request.
  Time since last request: 0.000028 seconds.
  path: Assets/05.Sprites/Tiles/building_doorWindowsBeige_E.png
  artifactKey: Guid(339b837c63bd2ec4e81e70c5bbbb746f) Importer(815301076,1909f56bfc062723c751e8b465ee728b)
Number of updated assets reloaded before import = 0
Start importing Assets/05.Sprites/Tiles/building_doorWindowsBeige_E.png using Guid(339b837c63bd2ec4e81e70c5bbbb746f) Importer(815301076,1909f56bfc062723c751e8b465ee728b)  -> (artifact id: '4ce8d12283ec4ca8aa6e5247f07443d3') in 0.016322 seconds 
Number of asset objects unloaded after import = 3
========================================================================
Received Import Request.
  Time since last request: 0.000022 seconds.
  path: Assets/05.Sprites/Tiles/building_centerBeige_W.png
  artifactKey: Guid(b72628627e1866d458c7f35258554fd9) Importer(815301076,1909f56bfc062723c751e8b465ee728b)
Number of updated assets reloaded before import = 0
Start importing Assets/05.Sprites/Tiles/building_centerBeige_W.png using Guid(b72628627e1866d458c7f35258554fd9) Importer(815301076,1909f56bfc062723c751e8b465ee728b)  -> (artifact id: 'b87a8e60cb33f9e816c9647e991bf3c3') in 0.015411 seconds 
Number of asset objects unloaded after import = 3
========================================================================
Received Import Request.
  Time since last request: 0.000015 seconds.
  path: Assets/05.Sprites/Tiles/building_corner_N.png
  artifactKey: Guid(e84682618b255634396d1b7ea0562bd9) Importer(815301076,1909f56bfc062723c751e8b465ee728b)
Number of updated assets reloaded before import = 0
Start importing Assets/05.Sprites/Tiles/building_corner_N.png using Guid(e84682618b255634396d1b7ea0562bd9) Importer(815301076,1909f56bfc062723c751e8b465ee728b)  -> (artifact id: '13d86be961826764a2d77e888ad5fc78') in 0.015838 seconds 
Number of asset objects unloaded after import = 3
========================================================================
Received Import Request.
  Time since last request: 0.000020 seconds.
  path: Assets/05.Sprites/Tiles/building_cornerBeige_N.png
  artifactKey: Guid(c05578e84398c4445b59c589ecdb13d9) Importer(815301076,1909f56bfc062723c751e8b465ee728b)
Number of updated assets reloaded before import = 0
Start importing Assets/05.Sprites/Tiles/building_cornerBeige_N.png using Guid(c05578e84398c4445b59c589ecdb13d9) Importer(815301076,1909f56bfc062723c751e8b465ee728b)  -> (artifact id: 'a387f2c4887488d12e77079243225005') in 0.014814 seconds 
Number of asset objects unloaded after import = 3
========================================================================
Received Import Request.
  Time since last request: 0.000012 seconds.
  path: Assets/05.Sprites/Tiles/building_door_E.png
  artifactKey: Guid(17774fe0e8c93074fa50015f5cc48c28) Importer(815301076,1909f56bfc062723c751e8b465ee728b)
Number of updated assets reloaded before import = 0
Start importing Assets/05.Sprites/Tiles/building_door_E.png using Guid(17774fe0e8c93074fa50015f5cc48c28) Importer(815301076,1909f56bfc062723c751e8b465ee728b)  -> (artifact id: '2bb0d9f3e5183ecddddd37a10edaf6fa') in 0.015785 seconds 
Number of asset objects unloaded after import = 3
========================================================================
Received Import Request.
  Time since last request: 0.000012 seconds.
  path: Assets/05.Sprites/Tiles/building_center_E.png
  artifactKey: Guid(8ccb8a915f6e24d439a4d36009cc7d4e) Importer(815301076,1909f56bfc062723c751e8b465ee728b)
Number of updated assets reloaded before import = 0
Start importing Assets/05.Sprites/Tiles/building_center_E.png using Guid(8ccb8a915f6e24d439a4d36009cc7d4e) Importer(815301076,1909f56bfc062723c751e8b465ee728b)  -> (artifact id: '2beef75c301150faacc924e67345e30a') in 0.016282 seconds 
Number of asset objects unloaded after import = 3
========================================================================
Received Import Request.
  Time since last request: 0.000012 seconds.
  path: Assets/05.Sprites/Tiles/building_corner_W.png
  artifactKey: Guid(92747c13f189e1f47898bfc035d5a439) Importer(815301076,1909f56bfc062723c751e8b465ee728b)
Number of updated assets reloaded before import = 0
Start importing Assets/05.Sprites/Tiles/building_corner_W.png using Guid(92747c13f189e1f47898bfc035d5a439) Importer(815301076,1909f56bfc062723c751e8b465ee728b)  -> (artifact id: '5cb1803fae3e4440c845d9f60732825c') in 0.016091 seconds 
Number of asset objects unloaded after import = 3
========================================================================
Received Import Request.
  Time since last request: 0.000014 seconds.
  path: Assets/05.Sprites/Tiles/building_doorBeige_N.png
  artifactKey: Guid(4930c350dc424e9498698312e879ee46) Importer(815301076,1909f56bfc062723c751e8b465ee728b)
Number of updated assets reloaded before import = 0
Start importing Assets/05.Sprites/Tiles/building_doorBeige_N.png using Guid(4930c350dc424e9498698312e879ee46) Importer(815301076,1909f56bfc062723c751e8b465ee728b)  -> (artifact id: 'f032ff053abfcdf1a16c1decba93f190') in 0.016505 seconds 
Number of asset objects unloaded after import = 3
========================================================================
Received Import Request.
  Time since last request: 0.000018 seconds.
  path: Assets/05.Sprites/Tiles/building_doorBeige_E.png
  artifactKey: Guid(a240e0242b594bc4b9d1716ff0c5d6ba) Importer(815301076,1909f56bfc062723c751e8b465ee728b)
Number of updated assets reloaded before import = 0
Start importing Assets/05.Sprites/Tiles/building_doorBeige_E.png using Guid(a240e0242b594bc4b9d1716ff0c5d6ba) Importer(815301076,1909f56bfc062723c751e8b465ee728b)  -> (artifact id: 'a4848bb3ec39d89ab272a38e087efcd2') in 0.016031 seconds 
Number of asset objects unloaded after import = 3
========================================================================
Received Import Request.
  Time since last request: 0.000017 seconds.
  path: Assets/05.Sprites/Tiles/building_doorWindowsBeige_N.png
  artifactKey: Guid(6d3c3ee5a7a14b94699363fcf468c1e0) Importer(815301076,1909f56bfc062723c751e8b465ee728b)
Number of updated assets reloaded before import = 0
Start importing Assets/05.Sprites/Tiles/building_doorWindowsBeige_N.png using Guid(6d3c3ee5a7a14b94699363fcf468c1e0) Importer(815301076,1909f56bfc062723c751e8b465ee728b)  -> (artifact id: '7f27e10dabe89861574e9ce3cf2de665') in 0.016278 seconds 
Number of asset objects unloaded after import = 3
========================================================================
Received Import Request.
  Time since last request: 0.000019 seconds.
  path: Assets/05.Sprites/Tiles/building_centerBeige_E.png
  artifactKey: Guid(b4cddbc1d8266624fb65cf6bf44578b4) Importer(815301076,1909f56bfc062723c751e8b465ee728b)
Number of updated assets reloaded before import = 0
Start importing Assets/05.Sprites/Tiles/building_centerBeige_E.png using Guid(b4cddbc1d8266624fb65cf6bf44578b4) Importer(815301076,1909f56bfc062723c751e8b465ee728b)  -> (artifact id: '0c3a73def0c9f351cada50b0b61eb8b6') in 0.016543 seconds 
Number of asset objects unloaded after import = 3
========================================================================
Received Import Request.
  Time since last request: 0.000022 seconds.
  path: Assets/05.Sprites/Tiles/building_doorWindows_S.png
  artifactKey: Guid(7bd75f9f901a1d14f91bbcd7e12ad179) Importer(815301076,1909f56bfc062723c751e8b465ee728b)
Number of updated assets reloaded before import = 0
Start importing Assets/05.Sprites/Tiles/building_doorWindows_S.png using Guid(7bd75f9f901a1d14f91bbcd7e12ad179) Importer(815301076,1909f56bfc062723c751e8b465ee728b)  -> (artifact id: 'a00536159a69f96a890e8bb2362190f8') in 0.017380 seconds 
Number of asset objects unloaded after import = 3
========================================================================
Received Import Request.
  Time since last request: 0.000017 seconds.
  path: Assets/05.Sprites/Tiles/building_center_N.png
  artifactKey: Guid(75b0de4a62e71e4438ac182b6a24aa1e) Importer(815301076,1909f56bfc062723c751e8b465ee728b)
Number of updated assets reloaded before import = 0
Start importing Assets/05.Sprites/Tiles/building_center_N.png using Guid(75b0de4a62e71e4438ac182b6a24aa1e) Importer(815301076,1909f56bfc062723c751e8b465ee728b)  -> (artifact id: 'f31d8d58460ca969fbc808bf50f1cb7a') in 0.016767 seconds 
Number of asset objects unloaded after import = 3
========================================================================
Received Import Request.
  Time since last request: 0.000018 seconds.
  path: Assets/05.Sprites/Tiles/building_corner_S.png
  artifactKey: Guid(11cf50773bcd12545b6a7fb402b0684a) Importer(815301076,1909f56bfc062723c751e8b465ee728b)
Number of updated assets reloaded before import = 0
Start importing Assets/05.Sprites/Tiles/building_corner_S.png using Guid(11cf50773bcd12545b6a7fb402b0684a) Importer(815301076,1909f56bfc062723c751e8b465ee728b)  -> (artifact id: 'ca16547ed8fc17fe68de7eb8df55738d') in 0.016176 seconds 
Number of asset objects unloaded after import = 3
========================================================================
Received Import Request.
  Time since last request: 0.000024 seconds.
  path: Assets/05.Sprites/Tiles/building_doorWindowsBeige_W.png
  artifactKey: Guid(72a244dc990947d479d826ff6b0c0779) Importer(815301076,1909f56bfc062723c751e8b465ee728b)
Number of updated assets reloaded before import = 0
Start importing Assets/05.Sprites/Tiles/building_doorWindowsBeige_W.png using Guid(72a244dc990947d479d826ff6b0c0779) Importer(815301076,1909f56bfc062723c751e8b465ee728b)  -> (artifact id: '197b922a70a4bc7e0ce4a9301d132796') in 0.017533 seconds 
Number of asset objects unloaded after import = 3
========================================================================
Received Import Request.
  Time since last request: 0.000015 seconds.
  path: Assets/05.Sprites/Tiles/building_doorWindows_W.png
  artifactKey: Guid(24cb6adfaea952f4fa433a0bacdf6072) Importer(815301076,1909f56bfc062723c751e8b465ee728b)
Number of updated assets reloaded before import = 0
Start importing Assets/05.Sprites/Tiles/building_doorWindows_W.png using Guid(24cb6adfaea952f4fa433a0bacdf6072) Importer(815301076,1909f56bfc062723c751e8b465ee728b)  -> (artifact id: '713a17314c2a305e0856ade53c6dbab7') in 0.017679 seconds 
Number of asset objects unloaded after import = 3
========================================================================
Received Import Request.
  Time since last request: 0.000019 seconds.
  path: Assets/05.Sprites/Tiles/building_doorWindowsBeige_S.png
  artifactKey: Guid(f17f614d4d2cdab47aa8e31bc4987543) Importer(815301076,1909f56bfc062723c751e8b465ee728b)
Number of updated assets reloaded before import = 0
Start importing Assets/05.Sprites/Tiles/building_doorWindowsBeige_S.png using Guid(f17f614d4d2cdab47aa8e31bc4987543) Importer(815301076,1909f56bfc062723c751e8b465ee728b)  -> (artifact id: 'dc8805ccd5d469acac171beab41833a4') in 0.018856 seconds 
Number of asset objects unloaded after import = 3
Editor requested this worker to shutdown with reason: Scaling down because of idle timeout
AssetImportWorker is now disconnected from the server
Process exiting
Exiting without the bug reporter. Application will terminate with return code 0